Log file open, 05/31/21 20:00:11
LogWindows: Failed to load 'aqProf.dll' (GetLastError=126)
LogWindows: File 'aqProf.dll' does not exist
LogWindows: Failed to load 'VSPerf140.dll' (GetLastError=126)
LogWindows: File 'VSPerf140.dll' does not exist
LogWindows: Failed to load 'VtuneApi.dll' (GetLastError=126)
LogWindows: File 'VtuneApi.dll' does not exist
LogWindows: Failed to load 'VtuneApi32e.dll' (GetLastError=126)
LogWindows: File 'VtuneApi32e.dll' does not exist
LogInit: Display: Running engine for game: ManajSpyra02
LogPlatformFile: Not using cached read wrapper
LogTaskGraph: Started task graph with 5 named threads and 23 total threads with 3 sets of task threads.
LogStats: Stats thread started at 2.131976
LogD3D11RHI: Loaded GFSDK_Aftermath_Lib.x64.dll
LogICUInternationalization: Display: ICU TimeZone Detection - Raw Offset: +1:00, Platform Override: ''
LogPluginManager: Mounting plugin Paper2D
LogPluginManager: Mounting plugin AISupport
LogPluginManager: Mounting plugin LightPropagationVolume
LogPluginManager: Mounting plugin CLionSourceCodeAccess
LogPluginManager: Mounting plugin CodeLiteSourceCodeAccess
LogPluginManager: Mounting plugin GitSourceControl
LogPluginManager: Mounting plugin KDevelopSourceCodeAccess
LogPluginManager: Mounting plugin NullSourceCodeAccess
LogPluginManager: Mounting plugin PerforceSourceControl
LogPluginManager: Mounting plugin SubversionSourceControl
LogPluginManager: Mounting plugin UObjectPlugin
LogPluginManager: Mounting plugin VisualStudioCodeSourceCodeAccess
LogPluginManager: Mounting plugin VisualStudioSourceCodeAccess
LogPluginManager: Mounting plugin XCodeSourceCodeAccess
LogPluginManager: Mounting plugin AssetManagerEditor
LogPluginManager: Mounting plugin CryptoKeys
LogPluginManager: Mounting plugin DataValidation
LogPluginManager: Mounting plugin EditorScriptingUtilities
LogPluginManager: Mounting plugin FacialAnimation
LogPluginManager: Mounting plugin GameplayTagsEditor
LogPluginManager: Mounting plugin MacGraphicsSwitching
LogPluginManager: Mounting plugin MeshEditor
LogPluginManager: Mounting plugin MobileLauncherProfileWizard
LogPluginManager: Mounting plugin PluginBrowser
LogPluginManager: Mounting plugin SpeedTreeImporter
LogPluginManager: Mounting plugin DatasmithContent
LogPluginManager: Mounting plugin AlembicImporter
LogPluginManager: Mounting plugin AppleImageUtils
LogPluginManager: Mounting plugin AppleVision
LogPluginManager: Mounting plugin BackChannel
LogPluginManager: Mounting plugin CharacterAI
LogPluginManager: Mounting plugin GeometryCache
LogPluginManager: Mounting plugin HTML5Networking
LogPluginManager: Mounting plugin ProxyLODPlugin
LogPluginManager: Mounting plugin MagicLeap
LogPluginManager: Mounting plugin MagicLeapEmulator
LogPluginManager: Mounting plugin MagicLeapMedia
LogPluginManager: Mounting plugin AndroidMedia
LogPluginManager: Mounting plugin AvfMedia
LogPluginManager: Mounting plugin ImgMedia
LogPluginManager: Mounting plugin LinearTimecode
LogPluginManager: Mounting plugin MediaCompositing
LogPluginManager: Mounting plugin MediaPlayerEditor
LogPluginManager: Mounting plugin WmfMedia
LogPluginManager: Mounting plugin TcpMessaging
LogPluginManager: Mounting plugin UdpMessaging
LogPluginManager: Mounting plugin ActorSequence
LogPluginManager: Mounting plugin LevelSequenceEditor
LogPluginManager: Mounting plugin MatineeToLevelSequence
LogPluginManager: Mounting plugin NetcodeUnitTest
LogPluginManager: Mounting plugin NUTUnrealEngine4
LogPluginManager: Mounting plugin OnlineSubsystemGooglePlay
LogPluginManager: Mounting plugin OnlineSubsystemIOS
LogPluginManager: Mounting plugin OnlineSubsystem
LogPluginManager: Mounting plugin OnlineSubsystemNull
LogPluginManager: Mounting plugin OnlineSubsystemUtils
LogPluginManager: Mounting plugin LauncherChunkInstaller
LogPluginManager: Mounting plugin AndroidDeviceProfileSelector
LogPluginManager: Mounting plugin AndroidMoviePlayer
LogPluginManager: Mounting plugin AndroidPermission
LogPluginManager: Mounting plugin AppleMoviePlayer
LogPluginManager: Mounting plugin ArchVisCharacter
LogPluginManager: Mounting plugin AudioCapture
LogPluginManager: Mounting plugin CableComponent
LogPluginManager: Mounting plugin CustomMeshComponent
LogPluginManager: Mounting plugin EditableMesh
LogPluginManager: Mounting plugin ExampleDeviceProfileSelector
LogPluginManager: Mounting plugin GoogleCloudMessaging
LogPluginManager: Mounting plugin ImmediatePhysics
LogPluginManager: Mounting plugin IOSDeviceProfileSelector
LogPluginManager: Mounting plugin LinuxDeviceProfileSelector
LogPluginManager: Mounting plugin LocationServicesBPLibrary
LogPluginManager: Mounting plugin MobilePatchingUtils
LogPluginManager: Mounting plugin OculusVR
LogPluginManager: Plugin shader directory ../../../Engine/Plugins/Runtime/Oculus/OculusVR/Shaders found
LogPluginManager: Mapping shader source directory ../../../Engine/Plugins/Runtime/Oculus/OculusVR/Shaders to virtual directory /Plugin/OculusVR
LogPluginManager: Mounting plugin PhysXVehicles
LogPluginManager: Mounting plugin ProceduralMeshComponent
LogPluginManager: Mounting plugin RuntimePhysXCooking
LogPluginManager: Mounting plugin SteamVR
LogPluginManager: Mounting plugin WindowsMoviePlayer
LogPluginManager: Mounting plugin DatasmithCADImporter
LogPluginManager: Mounting plugin DatasmithFBXImporter
LogPluginManager: Mounting plugin DatasmithImporter
LogPluginManager: Mounting plugin DatasmithMDLImporter
LogPluginManager: Mounting plugin StaticMeshEditorExtension
LogStreaming: Display: Took  0.447s to configure plugins.
LogInit: Using libcurl 7.55.1-DEV
LogInit:  - built for x86_64-pc-win32
LogInit:  - supports SSL with OpenSSL/1.0.2h
LogInit:  - supports HTTP deflate (compression) using libz 1.2.8
LogInit:  - other features:
LogInit:      CURL_VERSION_SSL
LogInit:      CURL_VERSION_LIBZ
LogInit:      CURL_VERSION_IPV6
LogInit:      CURL_VERSION_ASYNCHDNS
LogInit:      CURL_VERSION_LARGEFILE
LogInit:      CURL_VERSION_IDN
LogInit:  CurlRequestOptions (configurable via config and command line):
LogInit:  - bVerifyPeer = false  - Libcurl will NOT verify peer certificate
LogInit:  - bUseHttpProxy = false  - Libcurl will NOT use HTTP proxy
LogInit:  - bDontReuseConnections = false  - Libcurl will reuse connections
LogInit:  - CertBundlePath = nullptr  - Libcurl will use whatever was configured at build time.
LogInit:  - MaxHostConnections = 16  - Libcurl will limit the number of connections to a host
LogInit:  - LocalHostAddr = Default
LogInit:  - BufferSize = 65536
LogInit: WinSock: version 1.1 (2.2), MaxSocks=32767, MaxUdp=65467
LogInit: Build: ++UE4+Release-4.20-CL-4369336
LogInit: Engine Version: 4.20.3-4369336+++UE4+Release-4.20
LogInit: Compatible Engine Version: 4.20.0-4212847+++UE4+Release-4.20
LogInit: Net CL: 4212847
LogInit: OS: Windows 10 (), CPU: Intel(R) Core(TM) i7-7700HQ CPU @ 2.80GHz, GPU: Intel(R) HD Graphics 630
LogInit: Compiled (64-bit): Sep 17 2018 12:26:19
LogInit: Compiled with Visual C++: 19.13.26129.00
LogInit: Build Configuration: Development
LogInit: Branch Name: ++UE4+Release-4.20
LogInit: Command Line: 
LogInit: Base Directory: E:/UE_4.20/Engine/Binaries/Win64/
LogInit: Installed Engine Build: 1
LogDevObjectVersion: Number of dev versions registered: 20
LogDevObjectVersion:   Dev-Blueprints (B0D832E4-1F89-4F0D-ACCF-7EB736FD4AA2): 10
LogDevObjectVersion:   Dev-Build (E1C64328-A22C-4D53-A36C-8E866417BD8C): 0
LogDevObjectVersion:   Dev-Core (375EC13C-06E4-48FB-B500-84F0262A717E): 2
LogDevObjectVersion:   Dev-Editor (E4B068ED-F494-42E9-A231-DA0B2E46BB41): 24
LogDevObjectVersion:   Dev-Framework (CFFC743F-43B0-4480-9391-14DF171D2073): 34
LogDevObjectVersion:   Dev-Mobile (B02B49B5-BB20-44E9-A304-32B752E40360): 2
LogDevObjectVersion:   Dev-Networking (A4E4105C-59A1-49B5-A7C5-40C4547EDFEE): 0
LogDevObjectVersion:   Dev-Online (39C831C9-5AE6-47DC-9A44-9C173E1C8E7C): 0
LogDevObjectVersion:   Dev-Physics (78F01B33-EBEA-4F98-B9B4-84EACCB95AA2): 0
LogDevObjectVersion:   Dev-Platform (6631380F-2D4D-43E0-8009-CF276956A95A): 0
LogDevObjectVersion:   Dev-Rendering (12F88B9F-8875-4AFC-A67C-D90C383ABD29): 26
LogDevObjectVersion:   Dev-Sequencer (7B5AE74C-D270-4C10-A958-57980B212A5A): 9
LogDevObjectVersion:   Dev-VR (D7296918-1DD6-4BDD-9DE2-64A83CC13884): 2
LogDevObjectVersion:   Dev-LoadTimes (C2A15278-BFE7-4AFE-6C17-90FF531DF755): 1
LogDevObjectVersion:   Private-Geometry (6EACA3D4-40EC-4CC1-B786-8BED09428FC5): 3
LogDevObjectVersion:   Dev-AnimPhys (29E575DD-E0A3-4627-9D10-D276232CDCEA): 17
LogDevObjectVersion:   Dev-ReflectionCapture (6B266CEC-1EC7-4B8F-A30B-E4D90942FC07): 1
LogDevObjectVersion:   Dev-Automation (0DF73D61-A23F-47EA-B727-89E90C41499A): 1
LogDevObjectVersion:   FortniteMain (601D1886-AC64-4F84-AA16-D3DE0DEAC7D6): 12
LogDevObjectVersion:   Dev-Enterprise (9DFFBCD6-494F-0158-E221-12823C92A888): 1
LogStreaming: Display: Took  0.000s to delete old logs.
LogInit: Presizing for max 8388607 objects, including 0 objects not considered by GC, pre-allocating 0 bytes for permanent pool.
LogInit: Object subsystem initialized
[2021.05.31-18.00.14:373][  0]LogInit: Selected Device Profile: [Windows]
[2021.05.31-18.00.14:373][  0]LogInit: Applying CVar settings loaded from the selected device profile: [Windows]
[2021.05.31-18.00.14:425][  0]LogHAL: Display: Platform has ~ 8 GB [8506691584 / 8589934592 / 8], which maps to Default [LargestMinGB=32, LargerMinGB=12, DefaultMinGB=8, SmallerMinGB=6, SmallestMinGB=0)
[2021.05.31-18.00.14:425][  0]LogInit: Setting Device Profile CVar: [[r.Vulkan.UseRealUBs:1]]
[2021.05.31-18.00.14:425][  0]LogInit: Going up to parent DeviceProfile []
[2021.05.31-18.00.14:442][  0]LogInit: Computer: DESKTOP-7UICAC2
[2021.05.31-18.00.14:442][  0]LogInit: User: Natalia
[2021.05.31-18.00.14:442][  0]LogInit: CPU Page size=4096, Cores=4
[2021.05.31-18.00.14:442][  0]LogInit: High frequency timer resolution =10.000000 MHz
[2021.05.31-18.00.14:442][  0]LogMemory: Memory total: Physical=7.9GB (8GB approx)
[2021.05.31-18.00.14:442][  0]LogMemory: Platform Memory Stats for Windows
[2021.05.31-18.00.14:442][  0]LogMemory: Process Physical Memory: 102.86 MB used, 102.87 MB peak
[2021.05.31-18.00.14:442][  0]LogMemory: Process Virtual Memory: 91.26 MB used, 91.26 MB peak
[2021.05.31-18.00.14:443][  0]LogMemory: Physical Memory: 6541.65 MB used,  1570.96 MB free, 8112.61 MB total
[2021.05.31-18.00.14:443][  0]LogMemory: Virtual Memory: 4624.22 MB used,  1570.96 MB free, 134217728.00 MB total
[2021.05.31-18.00.14:966][  0]LogInit: Using OS detected language (pl-PL).
[2021.05.31-18.00.14:966][  0]LogInit: Using OS detected locale (pl-PL).
[2021.05.31-18.00.15:115][  0]LogTextLocalizationManager: No specific localization for 'pl-PL' exists, so the 'pl' localization will be used.
[2021.05.31-18.00.15:268][  0]LogStreaming: Display: Took  0.303s to InitEngineTextLocalization.
[2021.05.31-18.00.15:268][  0]LogInit: Setting process to per monitor DPI aware
[2021.05.31-18.00.15:720][  0]LogSlate: New Slate User Created.  User Index 0, Is Virtual User: 0
[2021.05.31-18.00.15:720][  0]LogSlate: Slate User Registered.  User Index 0, Is Virtual User: 0
[2021.05.31-18.00.17:210][  0]LogHMD: Failed to initialize OpenVR with code 110
[2021.05.31-18.00.17:210][  0]LogD3D11RHI: D3D11 adapters:
[2021.05.31-18.00.17:377][  0]LogD3D11RHI:    0. 'NVIDIA GeForce GTX 1050' (Feature Level 11_0)
[2021.05.31-18.00.17:377][  0]LogD3D11RHI:       1979/0/4056 MB DedicatedVideo/DedicatedSystem/SharedSystem, Outputs:1, VendorId:0x10de
[2021.05.31-18.00.17:395][  0]LogD3D11RHI:    1. 'Intel(R) HD Graphics 630' (Feature Level 11_0)
[2021.05.31-18.00.17:395][  0]LogD3D11RHI:       128/0/4056 MB DedicatedVideo/DedicatedSystem/SharedSystem, Outputs:0, VendorId:0x8086
[2021.05.31-18.00.17:398][  0]LogD3D11RHI:    2. 'Microsoft Basic Render Driver' (Feature Level 11_0)
[2021.05.31-18.00.17:398][  0]LogD3D11RHI:       0/0/4056 MB DedicatedVideo/DedicatedSystem/SharedSystem, Outputs:0, VendorId:0x1414
[2021.05.31-18.00.17:398][  0]LogD3D11RHI: Chosen D3D11 Adapter: 0
[2021.05.31-18.00.17:405][  0]LogD3D11RHI: Creating new Direct3DDevice
[2021.05.31-18.00.17:405][  0]LogD3D11RHI:     GPU DeviceId: 0x1c8d (for the marketing name, search the web for "GPU Device Id")
[2021.05.31-18.00.17:405][  0]LogWindows: EnumDisplayDevices:
[2021.05.31-18.00.17:405][  0]LogWindows:    0. 'Intel(R) HD Graphics 630' (P:1 D:1)
[2021.05.31-18.00.17:406][  0]LogWindows:    1. 'Intel(R) HD Graphics 630' (P:0 D:0)
[2021.05.31-18.00.17:406][  0]LogWindows:    2. 'Intel(R) HD Graphics 630' (P:0 D:0)
[2021.05.31-18.00.17:407][  0]LogWindows: DebugString: PrimaryIsNotTheChoosenAdapter PrimaryIsNotTheChoosenAdapter PrimaryIsNotTheChoosenAdapter FoundDriverCount:0 
[2021.05.31-18.00.17:407][  0]LogD3D11RHI:     Adapter Name: NVIDIA GeForce GTX 1050
[2021.05.31-18.00.17:407][  0]LogD3D11RHI:   Driver Version: Unknown (internal:Unknown, unified:Unknown)
[2021.05.31-18.00.17:407][  0]LogD3D11RHI:      Driver Date: Unknown
[2021.05.31-18.00.17:407][  0]LogRHI: Texture pool is 1385 MB (70% of 1979 MB)
[2021.05.31-18.00.17:509][  0]LogD3D11RHI: Async texture creation enabled
[2021.05.31-18.00.17:528][  0]LogD3D11RHI: GPU Timing Frequency: 1000.000000 (Debug: 2 1)
[2021.05.31-18.00.17:531][  0]LogShaderCompilers: Guid format shader working directory is -5 characters bigger than the processId version (C:/Users/Natalia/Documents/ManajSpyra02/ManajSpyra02/Intermediate/Shaders/WorkingDirectory/21228/).
[2021.05.31-18.00.17:531][  0]LogShaderCompilers: Cleaned the shader compiler working directory 'C:/Users/Natalia/AppData/Local/Temp/UnrealShaderWorkingDir/195F8E354DC1B3CF8939A0897F3310B1/'.
[2021.05.31-18.00.18:447][  0]LogTemp: Display: Loaded TP AllDesktopTargetPlatform
[2021.05.31-18.00.18:498][  0]LogTemp: Display: Loaded TP MacClientTargetPlatform
[2021.05.31-18.00.18:528][  0]LogTemp: Display: Loaded TP MacNoEditorTargetPlatform
[2021.05.31-18.00.18:559][  0]LogTemp: Display: Loaded TP MacServerTargetPlatform
[2021.05.31-18.00.18:620][  0]LogTemp: Display: Loaded TP MacTargetPlatform
[2021.05.31-18.00.18:650][  0]LogTemp: Display: Loaded TP WindowsClientTargetPlatform
[2021.05.31-18.00.18:666][  0]LogTemp: Display: Loaded TP WindowsNoEditorTargetPlatform
[2021.05.31-18.00.18:682][  0]LogTemp: Display: Loaded TP WindowsServerTargetPlatform
[2021.05.31-18.00.18:691][  0]LogTemp: Display: Loaded TP WindowsTargetPlatform
[2021.05.31-18.00.18:817][  0]LogTemp: Display: Loaded TP AndroidTargetPlatform
[2021.05.31-18.00.18:817][  0]LogTemp: Display: Loaded TP AndroidTargetPlatform
[2021.05.31-18.00.18:817][  0]LogTemp: Display: Loaded TP AndroidTargetPlatform
[2021.05.31-18.00.18:817][  0]LogTemp: Display: Loaded TP AndroidTargetPlatform
[2021.05.31-18.00.18:817][  0]LogTemp: Display: Loaded TP AndroidTargetPlatform
[2021.05.31-18.00.18:817][  0]LogTemp: Display: Loaded TP AndroidTargetPlatform
[2021.05.31-18.00.18:817][  0]LogTemp: Display: Loaded TP AndroidTargetPlatform
[2021.05.31-18.00.18:817][  0]LogTemp: Display: Loaded TP AndroidTargetPlatform
[2021.05.31-18.00.18:817][  0]LogTemp: Display: Loaded TP AndroidTargetPlatform
[2021.05.31-18.00.18:817][  0]LogTemp: Display: Loaded TP AndroidTargetPlatform
[2021.05.31-18.00.18:817][  0]LogTemp: Display: Loaded TP AndroidTargetPlatform
[2021.05.31-18.00.18:817][  0]LogTemp: Display: Loaded TP AndroidTargetPlatform
[2021.05.31-18.00.18:817][  0]LogTemp: Display: Loaded TP AndroidTargetPlatform
[2021.05.31-18.00.18:817][  0]LogTemp: Display: Loaded TP AndroidTargetPlatform
[2021.05.31-18.00.18:817][  0]LogTemp: Display: Loaded TP AndroidTargetPlatform
[2021.05.31-18.00.18:817][  0]LogTemp: Display: Loaded TP AndroidTargetPlatform
[2021.05.31-18.00.18:817][  0]LogTemp: Display: Loaded TP AndroidTargetPlatform
[2021.05.31-18.00.18:817][  0]LogTemp: Display: Loaded TP AndroidTargetPlatform
[2021.05.31-18.00.18:846][  0]LogTemp: Display: Loaded TP HTML5TargetPlatform
[2021.05.31-18.00.19:034][  0]LogTemp: Display: Loaded TP IOSTargetPlatform
[2021.05.31-18.00.19:034][  0]LogTemp: Display: Loaded TP IOSTargetPlatform
[2021.05.31-18.00.19:090][  0]LogTemp: Display: Loaded TP TVOSTargetPlatform
[2021.05.31-18.00.19:090][  0]LogTemp: Display: Loaded TP TVOSTargetPlatform
[2021.05.31-18.00.19:129][  0]LogTemp: Display: Loaded TP LinuxClientTargetPlatform
[2021.05.31-18.00.19:196][  0]LogTemp: Display: Loaded TP LinuxNoEditorTargetPlatform
[2021.05.31-18.00.19:235][  0]LogTemp: Display: Loaded TP LinuxServerTargetPlatform
[2021.05.31-18.00.19:304][  0]LogTemp: Display: Loaded TP LinuxTargetPlatform
[2021.05.31-18.00.19:373][  0]LogTemp: Display: Loaded TP LuminTargetPlatform
[2021.05.31-18.00.19:374][  0]LogTargetPlatformManager: Display: Building Assets For Windows
[2021.05.31-18.00.20:027][  0]LogXGEController: Cannot use XGE Controller as Incredibuild is not installed on this machine.
[2021.05.31-18.00.20:027][  0]LogShaderCompilers: Cannot use XGE Shader Compiler as Incredibuild is not installed on this machine.
[2021.05.31-18.00.20:027][  0]LogShaderCompilers: Display: Using Local Shader Compiler.
[2021.05.31-18.00.21:463][  0]LogDerivedDataCache: Display: Max Cache Size: 512 MB
[2021.05.31-18.00.21:647][  0]LogDerivedDataCache: Loaded boot cache 0.18s 87MB C:/Users/Natalia/AppData/Local/UnrealEngine/4.20/DerivedDataCache/Boot.ddc.
[2021.05.31-18.00.21:648][  0]LogDerivedDataCache: Display: Loaded Boot cache: C:/Users/Natalia/AppData/Local/UnrealEngine/4.20/DerivedDataCache/Boot.ddc
[2021.05.31-18.00.21:648][  0]LogDerivedDataCache: FDerivedDataBackendGraph:  Pak pak cache file C:/Users/Natalia/Documents/ManajSpyra02/ManajSpyra02/DerivedDataCache/DDC.ddp not found, will not use a pak cache.
[2021.05.31-18.00.21:648][  0]LogDerivedDataCache: Unable to find inner node Pak for hierarchical cache Hierarchy.
[2021.05.31-18.00.21:648][  0]LogDerivedDataCache: FDerivedDataBackendGraph:  CompressedPak pak cache file C:/Users/Natalia/Documents/ManajSpyra02/ManajSpyra02/DerivedDataCache/Compressed.ddp not found, will not use a pak cache.
[2021.05.31-18.00.21:648][  0]LogDerivedDataCache: Unable to find inner node CompressedPak for hierarchical cache Hierarchy.
[2021.05.31-18.00.21:679][  0]LogDerivedDataCache: Display: Pak cache opened for reading ../../../Engine/DerivedDataCache/Compressed.ddp.
[2021.05.31-18.00.21:692][  0]LogDerivedDataCache: Using Local data cache path C:/Users/Natalia/AppData/Local/UnrealEngine/Common/DerivedDataCache: Writable
[2021.05.31-18.00.21:692][  0]LogDerivedDataCache: Shared data cache path not found in *engine.ini, will not use an Shared cache.
[2021.05.31-18.00.21:692][  0]LogDerivedDataCache: Unable to find inner node Shared for hierarchical cache Hierarchy.
[2021.05.31-18.00.21:713][  0]LogMaterial: Verifying Global Shaders for PCD3D_SM5
[2021.05.31-18.00.21:715][  0]LogSlate: Using FreeType 2.6.0
[2021.05.31-18.00.21:746][  0]LogSlate: SlateFontServices - WITH_FREETYPE: 1, WITH_HARFBUZZ: 1
[2021.05.31-18.00.24:802][  0]LogAssetRegistry: FAssetRegistry took 0.0422 seconds to start up
[2021.05.31-18.00.25:379][  0]LogInit: Selected Device Profile: [Windows]
[2021.05.31-18.00.26:679][  0]LogSimplygon: Simplygon DLL not present - disabling.
[2021.05.31-18.00.26:932][  0]LogMeshReduction: Using SimplygonSwarm for distributed automatic mesh merging
[2021.05.31-18.00.26:932][  0]LogMeshReduction: Using ProxyLODMeshReduction for automatic mesh merging
[2021.05.31-18.00.26:932][  0]LogMeshReduction: Using QuadricMeshReduction for automatic static mesh reduction
[2021.05.31-18.00.26:932][  0]LogMeshReduction: No automatic skeletal mesh reduction module available
[2021.05.31-18.00.26:999][  0]LogNetVersion: ManajSpyra02 1.0.0, NetCL: 4212847, EngineNetVer: 5, GameNetVer: 0 (Checksum: 926664722)
[2021.05.31-18.00.28:620][  0]LogPackageLocalizationCache: Processed 13 localized package path(s) for 2 prioritized culture(s) in 0.291487 seconds
[2021.05.31-18.00.28:627][  0]LogUObjectArray: 38425 objects as part of root set at end of initial load.
[2021.05.31-18.00.28:627][  0]LogUObjectAllocator: 6690872 out of 0 bytes used by permanent object pool.
[2021.05.31-18.00.28:627][  0]LogUObjectArray: CloseDisregardForGC: 0/0 objects in disregard for GC pool
[2021.05.31-18.00.49:598][  0]LogTcpMessaging: Initializing TcpMessaging bridge
[2021.05.31-18.00.49:653][  0]LogUdpMessaging: Initializing bridge on interface 0.0.0.0:0 to multicast group 230.0.0.1:6666.
[2021.05.31-18.00.51:308][  0]SourceControl: Source control is disabled
[2021.05.31-18.00.51:308][  0]SourceControl: Source control is disabled
[2021.05.31-18.00.51:426][  0]SourceControl: Source control is disabled
[2021.05.31-18.00.51:453][  0]SourceControl: Source control is disabled
[2021.05.31-18.00.53:526][  0]LogAndroidPermission: UAndroidPermissionCallbackProxy::GetInstance
[2021.05.31-18.00.54:066][  0]LogOcInput: OculusInput pre-init called
[2021.05.31-18.01.08:173][  0]LogEngine: Initializing Engine...
[2021.05.31-18.01.08:174][  0]LogHMD: Failed to initialize OpenVR with code 110
[2021.05.31-18.01.08:175][  0]LogStats: UGameplayTagsManager::ConstructGameplayTagTree: ImportINI prefixes -  0.000 s
[2021.05.31-18.01.08:175][  0]LogStats: UGameplayTagsManager::ConstructGameplayTagTree: Construct from data asset -  0.000 s
[2021.05.31-18.01.08:175][  0]LogStats: UGameplayTagsManager::ConstructGameplayTagTree: ImportINI -  0.000 s
[2021.05.31-18.01.08:175][  0]LogStats: UGameplayTagsManager::ConstructGameplayTagTree: GameplayTagTreeChangedEvent.Broadcast -  0.000 s
[2021.05.31-18.01.08:681][  0]LogInit: Initializing FReadOnlyCVARCache
[2021.05.31-18.01.08:865][  0]LogAIModule: Creating AISystem for world Untitled
[2021.05.31-18.01.08:921][  0]LogInit: XAudio2 using 'Głośniki (Realtek High Definition Audio)' : 2 channels at 48 kHz using 32 bits per sample (channel mask 0x3)
[2021.05.31-18.01.09:316][  0]LogInit: FAudioDevice initialized.
[2021.05.31-18.01.09:317][  0]LogNetVersion: Set ProjectVersion to 1.0.0.0. Version Checksum will be recalculated on next use.
[2021.05.31-18.01.09:394][  0]LogDerivedDataCache: Saved boot cache 0.08s 87MB C:/Users/Natalia/AppData/Local/UnrealEngine/4.20/DerivedDataCache/Boot.ddc.
[2021.05.31-18.01.09:411][  0]LogInit: Texture streaming: Enabled
[2021.05.31-18.01.09:577][  0]LogEngineSessionManager: EngineSessionManager initialized
[2021.05.31-18.01.09:708][  0]LogInit: Transaction tracking system initialized
[2021.05.31-18.01.10:034][  0]BlueprintLog: New page: Editor Load
[2021.05.31-18.01.11:272][  0]LocalizationService: Localization service is disabled
[2021.05.31-18.01.14:386][  0]LogFileCache: Scanning file cache for directory 'C:/Users/Natalia/Documents/ManajSpyra02/ManajSpyra02/Content/' took 0.01s
[2021.05.31-18.01.14:386][  0]LogCook: Display: Max memory allowance for cook 16384mb min free memory 0mb
[2021.05.31-18.01.14:387][  0]LogCook: Display: Mobile HDR setting 1
[2021.05.31-18.01.14:397][  0]LogGameplayTags: Display: UGameplayTagsManager::DoneAddingNativeTags. DelegateIsBound: 0
[2021.05.31-18.01.14:397][  0]LogStats: UGameplayTagsManager::ConstructGameplayTagTree: ImportINI prefixes -  0.000 s
[2021.05.31-18.01.14:397][  0]LogStats: UGameplayTagsManager::ConstructGameplayTagTree: Construct from data asset -  0.000 s
[2021.05.31-18.01.14:398][  0]LogStats: UGameplayTagsManager::ConstructGameplayTagTree: ImportINI -  0.001 s
[2021.05.31-18.01.14:398][  0]LogStats: UGameplayTagsManager::ConstructGameplayTagTree: GameplayTagTreeChangedEvent.Broadcast -  0.000 s
[2021.05.31-18.01.21:913][  0]SourceControl: Source control is disabled
[2021.05.31-18.01.21:914][  0]Cmd: MAP LOAD FILE="../../../Engine/Content/Maps/Templates/Template_Default.umap" TEMPLATE=1 SHOWPROGRESS=1 FEATURELEVEL=3
[2021.05.31-18.01.21:915][  0]LightingResults: New page: Lighting Build
[2021.05.31-18.01.21:966][  0]MapCheck: New page: Map Check
[2021.05.31-18.01.21:966][  0]LightingResults: New page: Lighting Build
[2021.05.31-18.01.22:618][  0]LogAIModule: Creating AISystem for world Untitled_1
[2021.05.31-18.01.22:749][  0]LogEditorServer: Finished looking for orphan Actors (0.000 secs)
[2021.05.31-18.01.22:800][  0]Cmd: MAP CHECKDEP NOCLEARLOG
[2021.05.31-18.01.22:909][  0]MapCheck: Map check complete: 0 Error(s), 0 Warning(s), took 109,32ms to complete.
[2021.05.31-18.01.22:909][  0]LogFileHelpers: Loading map 'Template_Default' took 0.996
[2021.05.31-18.01.26:126][  0]LogSlate: Updating window title bar state: overlay mode, drag disabled, window buttons hidden, title bar hidden
[2021.05.31-18.01.26:158][  0]LogSlate: Updating window title bar state: overlay mode, drag disabled, window buttons hidden, title bar hidden
[2021.05.31-18.01.26:166][  0]LogSlate: Updating window title bar state: overlay mode, drag disabled, window buttons hidden, title bar hidden
[2021.05.31-18.01.26:175][  0]LogSlate: Updating window title bar state: overlay mode, drag disabled, window buttons hidden, title bar hidden
[2021.05.31-18.01.26:641][  0]LogCollectionManager: Loaded 0 collections in 0.002382 seconds
[2021.05.31-18.01.27:608][  0]LogFileCache: Scanning file cache for directory 'C:/Users/Natalia/Documents/ManajSpyra02/ManajSpyra02/Saved/Collections/' took 0.01s
[2021.05.31-18.01.27:608][  0]LogFileCache: Scanning file cache for directory 'C:/Users/Natalia/Documents/ManajSpyra02/ManajSpyra02/Content/Developers/Natalia/Collections/' took 0.01s
[2021.05.31-18.01.27:608][  0]LogFileCache: Scanning file cache for directory 'C:/Users/Natalia/Documents/ManajSpyra02/ManajSpyra02/Content/Collections/' took 0.01s
[2021.05.31-18.01.27:608][  0]LogCollectionManager: Rebuilt the GUID cache for 0 collections in 0.000001 seconds
[2021.05.31-18.01.27:714][  0]LogContentBrowser: Native class hierarchy populated in 0.0457 seconds. Added 2621 classes and 629 folders.
[2021.05.31-18.01.28:178][  0]LogContentBrowser: Native class hierarchy updated for 'WidgetCarousel' in 0.0006 seconds. Added 0 classes and 0 folders.
[2021.05.31-18.01.32:127][  0]LogContentBrowser: Native class hierarchy updated for 'AddContentDialog' in 0.0003 seconds. Added 0 classes and 0 folders.
[2021.05.31-18.01.32:580][  0]LogContentBrowser: Native class hierarchy updated for 'SceneOutliner' in 0.0004 seconds. Added 1 classes and 2 folders.
[2021.05.31-18.01.34:660][  0]LogSlate: Took 0.046806 seconds to synchronously load lazily loaded font '../../../Engine/Content/Slate/Fonts/Roboto-Regular.ttf' (155K)
[2021.05.31-18.01.34:733][  0]LogSlate: Took 0.056835 seconds to synchronously load lazily loaded font '../../../Engine/Content/Slate/Fonts/Roboto-Bold.ttf' (160K)
[2021.05.31-18.01.34:916][  0]LogSlate: Took 0.039331 seconds to synchronously load lazily loaded font '../../../Engine/Content/Editor/Slate/Fonts/FontAwesome.ttf' (139K)
[2021.05.31-18.01.36:698][  0]LogRenderer: Reallocating scene render targets to support 964x436 Format 10 NumSamples 1 (Frame:1).
[2021.05.31-18.01.38:701][  0]LogContentBrowser: Native class hierarchy updated for 'HierarchicalLODOutliner' in 0.0009 seconds. Added 0 classes and 0 folders.
[2021.05.31-18.01.38:701][  0]LogLoad: (Engine Initialization) Total time: 122.96 seconds
[2021.05.31-18.01.38:701][  0]LogLoad: (Engine Initialization) Total Blueprint compile time: 0.00 seconds
[2021.05.31-18.01.39:167][  0]LogContentStreaming: Texture pool size now 1000 MB
[2021.05.31-18.01.39:730][  3]LogAssetRegistry: Asset discovery search completed in 74.9541 seconds
[2021.05.31-18.01.39:733][  3]LogCollectionManager: Rebuilt the object cache for 0 collections in 0.000001 seconds (found 0 objects)
[2021.05.31-18.01.39:733][  3]LogCollectionManager: Fixed up redirectors for 0 collections in 0.000110 seconds (updated 0 objects)
[2021.05.31-18.01.44:873][ 89]LogSlate: FSceneViewport::OnFocusLost() reason 2
[2021.05.31-18.01.47:356][228]LogSlate: FSceneViewport::OnFocusLost() reason 2
[2021.05.31-18.01.56:790][762]LogSlate: Window 'ManajSpyra02 - Unreal Editor' being destroyed
[2021.05.31-18.01.56:792][762]LogWindowsTextInputMethodSystem: Display: IME system now deactivated.
[2021.05.31-18.01.57:349][763]Cmd: QUIT_EDITOR
[2021.05.31-18.01.57:569][763]LogExit: Preparing to exit.
[2021.05.31-18.01.57:864][763]LogExit: Editor shut down
[2021.05.31-18.01.57:865][763]LogExit: Transaction tracking system shut down
[2021.05.31-18.01.58:454][763]LogExit: Object subsystem successfully closed.
[2021.05.31-18.01.58:628][763]LogShaderCompilers: Display: Shaders left to compile 0
[2021.05.31-18.01.58:632][763]LogD3D11RHI: Shutdown
[2021.05.31-18.01.58:632][763]LogD3D11RHI: CleanupD3DDevice
[2021.05.31-18.01.58:652][763]LogD3D11RHI: ~FD3D11DynamicRHI
[2021.05.31-18.01.58:735][763]LogModuleManager: Shutting down and abandoning module HierarchicalLODOutliner (630)
[2021.05.31-18.01.58:735][763]LogModuleManager: Shutting down and abandoning module SceneOutliner (628)
[2021.05.31-18.01.58:750][763]LogModuleManager: Shutting down and abandoning module AddContentDialog (626)
[2021.05.31-18.01.58:758][763]LogModuleManager: Shutting down and abandoning module WidgetCarousel (625)
[2021.05.31-18.01.58:758][763]LogModuleManager: Shutting down and abandoning module EditorWidgets (622)
[2021.05.31-18.01.58:758][763]LogModuleManager: Shutting down and abandoning module CollectionManager (620)
[2021.05.31-18.01.58:758][763]LogModuleManager: Shutting down and abandoning module HierarchicalLODUtilities (618)
[2021.05.31-18.01.58:758][763]LogModuleManager: Shutting down and abandoning module StatsViewer (616)
[2021.05.31-18.01.58:759][763]LogModuleManager: Shutting down and abandoning module FoliageEdit (614)
[2021.05.31-18.01.58:759][763]LogModuleManager: Shutting down and abandoning module LandscapeEditor (612)
[2021.05.31-18.01.58:759][763]LogModuleManager: Shutting down and abandoning module MeshPaintMode (610)
[2021.05.31-18.01.58:759][763]LogModuleManager: Shutting down and abandoning module SceneDepthPickerMode (608)
[2021.05.31-18.01.58:759][763]LogModuleManager: Shutting down and abandoning module ActorPickerMode (606)
[2021.05.31-18.01.58:759][763]LogModuleManager: Shutting down and abandoning module GeometryMode (604)
[2021.05.31-18.01.58:759][763]LogModuleManager: Shutting down and abandoning module TextureAlignMode (602)
[2021.05.31-18.01.58:759][763]LogModuleManager: Shutting down and abandoning module BspMode (600)
[2021.05.31-18.01.58:759][763]LogModuleManager: Shutting down and abandoning module PIEPreviewDeviceProfileSelector (598)
[2021.05.31-18.01.58:759][763]LogModuleManager: Shutting down and abandoning module SequenceRecorderSections (596)
[2021.05.31-18.01.58:759][763]LogModuleManager: Shutting down and abandoning module AutomationWorker (594)
[2021.05.31-18.01.58:759][763]LogModuleManager: Shutting down and abandoning module DatasmithFBXImporter (592)
[2021.05.31-18.01.58:759][763]LogModuleManager: Shutting down and abandoning module DatasmithDeltaGenImporter (590)
[2021.05.31-18.01.58:759][763]LogModuleManager: Shutting down and abandoning module DatasmithVREDImporter (588)
[2021.05.31-18.01.58:759][763]LogModuleManager: Shutting down and abandoning module AudioCaptureEditor (586)
[2021.05.31-18.01.58:759][763]LogModuleManager: Shutting down and abandoning module SequenceRecorder (585)
[2021.05.31-18.01.58:759][763]LogModuleManager: Shutting down and abandoning module MatineeToLevelSequence (582)
[2021.05.31-18.01.58:759][763]LogModuleManager: Shutting down and abandoning module LevelSequenceEditor (580)
[2021.05.31-18.01.58:759][763]LogModuleManager: Shutting down and abandoning module PlacementMode (579)
[2021.05.31-18.01.58:759][763]LogModuleManager: Shutting down and abandoning module MaterialEditor (578)
[2021.05.31-18.01.58:759][763]LogModuleManager: Shutting down and abandoning module WmfMediaFactory (574)
[2021.05.31-18.01.58:759][763]LogModuleManager: Shutting down and abandoning module WmfMediaEditor (572)
[2021.05.31-18.01.58:759][763]LogModuleManager: Shutting down and abandoning module MediaPlayerEditor (570)
[2021.05.31-18.01.58:759][763]LogModuleManager: Shutting down and abandoning module OpenExrWrapper (568)
[2021.05.31-18.01.58:759][763]LogModuleManager: Shutting down and abandoning module ImgMediaFactory (566)
[2021.05.31-18.01.58:759][763]LogModuleManager: Shutting down and abandoning module ImgMediaEditor (564)
[2021.05.31-18.01.58:759][763]LogModuleManager: Shutting down and abandoning module AvfMediaFactory (562)
[2021.05.31-18.01.58:759][763]LogModuleManager: Shutting down and abandoning module AvfMediaEditor (560)
[2021.05.31-18.01.58:759][763]LogModuleManager: Shutting down and abandoning module AndroidMediaFactory (558)
[2021.05.31-18.01.58:759][763]LogModuleManager: Shutting down and abandoning module AndroidMediaEditor (556)
[2021.05.31-18.01.58:759][763]LogModuleManager: Shutting down and abandoning module MagicLeapCameraPreviewFactory (554)
[2021.05.31-18.01.58:759][763]LogModuleManager: Shutting down and abandoning module MagicLeapMediaFactory (552)
[2021.05.31-18.01.58:759][763]LogModuleManager: Shutting down and abandoning module MagicLeapMediaEditor (550)
[2021.05.31-18.01.58:759][763]LogModuleManager: Shutting down and abandoning module CharacterAI (548)
[2021.05.31-18.01.58:759][763]LogModuleManager: Shutting down and abandoning module SmartSnapping (546)
[2021.05.31-18.01.58:759][763]LogModuleManager: Shutting down and abandoning module SessionServices (544)
[2021.05.31-18.01.58:759][763]LogModuleManager: Shutting down and abandoning module ViewportSnapping (542)
[2021.05.31-18.01.58:759][763]LogModuleManager: Shutting down and abandoning module ViewportInteraction (540)
[2021.05.31-18.01.58:759][763]LogModuleManager: Shutting down and abandoning module ClothPainter (538)
[2021.05.31-18.01.58:760][763]LogModuleManager: Shutting down and abandoning module SkeletalMeshEditor (537)
[2021.05.31-18.01.58:760][763]LogModuleManager: Shutting down and abandoning module LogVisualizer (534)
[2021.05.31-18.01.58:760][763]LogModuleManager: Shutting down and abandoning module IntroTutorials (532)
[2021.05.31-18.01.58:760][763]LogModuleManager: Shutting down and abandoning module GameProjectGeneration (531)
[2021.05.31-18.01.58:760][763]LogModuleManager: Shutting down and abandoning module LuminPlatformEditor (528)
[2021.05.31-18.01.58:760][763]LogModuleManager: Shutting down and abandoning module IOSPlatformEditor (526)
[2021.05.31-18.01.58:760][763]LogModuleManager: Shutting down and abandoning module HTML5PlatformEditor (524)
[2021.05.31-18.01.58:760][763]LogModuleManager: Shutting down and abandoning module AndroidPlatformEditor (522)
[2021.05.31-18.01.58:760][763]LogModuleManager: Shutting down and abandoning module AndroidDeviceDetection (521)
[2021.05.31-18.01.59:042][763]LogModuleManager: Shutting down and abandoning module WindowsPlatformEditor (518)
[2021.05.31-18.01.59:042][763]LogModuleManager: Shutting down and abandoning module LuminRuntimeSettings (516)
[2021.05.31-18.01.59:042][763]LogModuleManager: Shutting down and abandoning module IOSRuntimeSettings (514)
[2021.05.31-18.01.59:042][763]LogModuleManager: Shutting down and abandoning module AndroidRuntimeSettings (512)
[2021.05.31-18.01.59:042][763]LogModuleManager: Shutting down and abandoning module InputBindingEditor (510)
[2021.05.31-18.01.59:042][763]LogModuleManager: Shutting down and abandoning module MergeActors (508)
[2021.05.31-18.01.59:042][763]LogModuleManager: Shutting down and abandoning module LocalizationDashboard (506)
[2021.05.31-18.01.59:043][763]LogModuleManager: Shutting down and abandoning module LocalizationService (505)
[2021.05.31-18.01.59:043][763]LogModuleManager: Shutting down and abandoning module HardwareTargeting (502)
[2021.05.31-18.01.59:043][763]LogModuleManager: Shutting down and abandoning module DeviceProfileEditor (500)
[2021.05.31-18.01.59:043][763]LogModuleManager: Shutting down and abandoning module UndoHistory (498)
[2021.05.31-18.01.59:043][763]LogModuleManager: Shutting down and abandoning module XmlParser (496)
[2021.05.31-18.01.59:043][763]LogModuleManager: Shutting down and abandoning module Blutility (494)
[2021.05.31-18.01.59:043][763]LogModuleManager: Shutting down and abandoning module ProjectSettingsViewer (492)
[2021.05.31-18.01.59:043][763]LogModuleManager: Shutting down and abandoning module ProjectTargetPlatformEditor (491)
[2021.05.31-18.01.59:044][763]LogModuleManager: Shutting down and abandoning module EditorSettingsViewer (488)
[2021.05.31-18.01.59:044][763]LogModuleManager: Shutting down and abandoning module SettingsEditor (486)
[2021.05.31-18.01.59:044][763]LogModuleManager: Shutting down and abandoning module ProjectLauncher (484)
[2021.05.31-18.01.59:044][763]LogModuleManager: Shutting down and abandoning module SessionFrontend (482)
[2021.05.31-18.01.59:044][763]LogModuleManager: Shutting down and abandoning module ProfilerClient (480)
[2021.05.31-18.01.59:044][763]LogModuleManager: Shutting down and abandoning module DeviceManager (478)
[2021.05.31-18.01.59:044][763]LogModuleManager: Shutting down and abandoning module TargetDeviceServices (477)
[2021.05.31-18.01.59:097][763]LogModuleManager: Shutting down and abandoning module AutomationController (474)
[2021.05.31-18.01.59:097][763]LogModuleManager: Shutting down and abandoning module AutomationWindow (472)
[2021.05.31-18.01.59:097][763]LogModuleManager: Shutting down and abandoning module Layers (470)
[2021.05.31-18.01.59:097][763]LogModuleManager: Shutting down and abandoning module ComponentVisualizers (468)
[2021.05.31-18.01.59:097][763]LogModuleManager: Shutting down and abandoning module DetailCustomizations (466)
[2021.05.31-18.01.59:097][763]LogModuleManager: Shutting down and abandoning module PackagesDialog (464)
[2021.05.31-18.01.59:097][763]LogModuleManager: Shutting down and abandoning module Persona (462)
[2021.05.31-18.01.59:097][763]LogModuleManager: Shutting down and abandoning module AnimGraph (461)
[2021.05.31-18.01.59:097][763]LogModuleManager: Shutting down and abandoning module Kismet (458)
[2021.05.31-18.01.59:098][763]LogModuleManager: Shutting down and abandoning module GraphEditor (456)
[2021.05.31-18.01.59:098][763]LogModuleManager: Shutting down and abandoning module ClassViewer (454)
[2021.05.31-18.01.59:098][763]LogModuleManager: Shutting down and abandoning module Toolbox (452)
[2021.05.31-18.01.59:098][763]LogModuleManager: Shutting down and abandoning module ModuleUI (450)
[2021.05.31-18.01.59:098][763]LogModuleManager: Shutting down and abandoning module MovieSceneTools (448)
[2021.05.31-18.01.59:098][763]LogModuleManager: Shutting down and abandoning module OutputLog (446)
[2021.05.31-18.01.59:099][763]LogModuleManager: Shutting down and abandoning module GammaUI (444)
[2021.05.31-18.01.59:099][763]LogModuleManager: Shutting down and abandoning module Documentation (442)
[2021.05.31-18.01.59:099][763]LogModuleManager: Shutting down and abandoning module MovieSceneTracks (440)
[2021.05.31-18.01.59:099][763]LogModuleManager: Shutting down and abandoning module MovieScene (438)
[2021.05.31-18.01.59:099][763]LogModuleManager: Shutting down and abandoning module StreamingPauseRendering (436)
[2021.05.31-18.01.59:099][763]LogModuleManager: Shutting down and abandoning module LauncherPlatform (434)
[2021.05.31-18.01.59:099][763]LogModuleManager: Shutting down and abandoning module AnalyticsET (432)
[2021.05.31-18.01.59:099][763]LogModuleManager: Shutting down and abandoning module PortalServices (430)
[2021.05.31-18.01.59:099][763]LogModuleManager: Shutting down and abandoning module PortalRpc (428)
[2021.05.31-18.01.59:099][763]LogModuleManager: Shutting down and abandoning module MessagingRpc (426)
[2021.05.31-18.01.59:099][763]LogModuleManager: Shutting down and abandoning module AIModule (424)
[2021.05.31-18.01.59:099][763]LogModuleManager: Shutting down and abandoning module GameplayDebugger (423)
[2021.05.31-18.01.59:099][763]LogModuleManager: Shutting down and abandoning module AITestSuite (421)
[2021.05.31-18.01.59:099][763]LogModuleManager: Shutting down and abandoning module NavigationSystem (419)
[2021.05.31-18.01.59:099][763]LogModuleManager: Shutting down and abandoning module DesktopPlatform (416)
[2021.05.31-18.01.59:099][763]LogModuleManager: Shutting down and abandoning module ProfilerService (414)
[2021.05.31-18.01.59:160][763]LogModuleManager: Shutting down and abandoning module TaskGraph (412)
[2021.05.31-18.01.59:160][763]LogModuleManager: Shutting down and abandoning module DatasmithCADImporter (410)
[2021.05.31-18.01.59:162][763]LogModuleManager: Shutting down and abandoning module StaticMeshEditorExtension (408)
[2021.05.31-18.01.59:162][763]LogModuleManager: Shutting down and abandoning module StaticMeshEditor (407)
[2021.05.31-18.01.59:178][763]LogModuleManager: Shutting down and abandoning module AdvancedPreviewScene (406)
[2021.05.31-18.01.59:178][763]LogModuleManager: Shutting down and abandoning module DatasmithMDLImporter (402)
[2021.05.31-18.01.59:227][763]LogModuleManager: Shutting down and abandoning module DatasmithImporter (400)
[2021.05.31-18.01.59:233][763]LogModuleManager: Shutting down and abandoning module SteamVRController (398)
[2021.05.31-18.01.59:233][763]LogModuleManager: Shutting down and abandoning module ProceduralMeshComponentEditor (396)
[2021.05.31-18.01.59:233][763]LogModuleManager: Shutting down and abandoning module ProceduralMeshComponent (394)
[2021.05.31-18.01.59:233][763]LogModuleManager: Shutting down and abandoning module OculusInput (392)
[2021.05.31-18.01.59:233][763]LogModuleManager: Shutting down and abandoning module MobilePatchingUtils (390)
[2021.05.31-18.01.59:234][763]LogModuleManager: Shutting down and abandoning module EditableMesh (388)
[2021.05.31-18.01.59:234][763]LogModuleManager: Shutting down and abandoning module CustomMeshComponent (386)
[2021.05.31-18.01.59:234][763]LogModuleManager: Shutting down and abandoning module CableComponent (384)
[2021.05.31-18.01.59:234][763]LogModuleManager: Shutting down and abandoning module AudioCapture (382)
[2021.05.31-18.01.59:234][763]LogModuleManager: Shutting down and abandoning module ArchVisCharacter (380)
[2021.05.31-18.01.59:234][763]LogModuleManager: Shutting down and abandoning module AndroidPermission (378)
[2021.05.31-18.01.59:234][763]LogModuleManager: Shutting down and abandoning module NUTUnrealEngine4 (376)
[2021.05.31-18.01.59:234][763]LogModuleManager: Shutting down and abandoning module NetcodeUnitTest (374)
[2021.05.31-18.01.59:234][763]LogModuleManager: Shutting down and abandoning module MediaCompositingEditor (372)
[2021.05.31-18.01.59:234][763]LogModuleManager: Shutting down and abandoning module MediaCompositing (370)
[2021.05.31-18.01.59:234][763]LogModuleManager: Shutting down and abandoning module LinearTimecode (368)
[2021.05.31-18.01.59:234][763]LogModuleManager: Shutting down and abandoning module ImgMedia (366)
[2021.05.31-18.01.59:239][763]LogModuleManager: Shutting down and abandoning module HTML5Networking (364)
[2021.05.31-18.01.59:239][763]LogModuleManager: Shutting down and abandoning module GeometryCacheTracks (362)
[2021.05.31-18.01.59:240][763]LogModuleManager: Shutting down and abandoning module GeometryCacheSequencer (360)
[2021.05.31-18.01.59:240][763]LogModuleManager: Shutting down and abandoning module BackChannel (358)
[2021.05.31-18.01.59:240][763]LogModuleManager: Shutting down and abandoning module AppleVision (356)
[2021.05.31-18.01.59:240][763]LogModuleManager: Shutting down and abandoning module AppleImageUtils (354)
[2021.05.31-18.01.59:240][763]LogModuleManager: Shutting down and abandoning module AlembicImporter (352)
[2021.05.31-18.01.59:240][763]LogModuleManager: Shutting down and abandoning module AlembicLibrary (351)
[2021.05.31-18.01.59:240][763]LogModuleManager: Shutting down and abandoning module GeometryCache (350)
[2021.05.31-18.01.59:240][763]LogModuleManager: Shutting down and abandoning module GeometryCacheEd (349)
[2021.05.31-18.01.59:240][763]LogModuleManager: Shutting down and abandoning module DatasmithContentEditor (344)
[2021.05.31-18.01.59:240][763]LogModuleManager: Shutting down and abandoning module DatasmithContent (342)
[2021.05.31-18.01.59:240][763]LogModuleManager: Shutting down and abandoning module SpeedTreeImporter (340)
[2021.05.31-18.01.59:240][763]LogModuleManager: Shutting down and abandoning module PluginBrowser (338)
[2021.05.31-18.01.59:241][763]LogModuleManager: Shutting down and abandoning module MobileLauncherProfileWizard (336)
[2021.05.31-18.01.59:241][763]LogModuleManager: Shutting down and abandoning module PolygonModeling (334)
[2021.05.31-18.01.59:241][763]LogModuleManager: Shutting down and abandoning module MeshEditor (332)
[2021.05.31-18.01.59:241][763]LogModuleManager: Shutting down and abandoning module EditorScriptingUtilities (330)
[2021.05.31-18.01.59:241][763]LogModuleManager: Shutting down and abandoning module CryptoKeysOpenSSL (328)
[2021.05.31-18.01.59:241][763]LogModuleManager: Shutting down and abandoning module CryptoKeys (326)
[2021.05.31-18.01.59:241][763]LogModuleManager: Shutting down and abandoning module VisualStudioSourceCodeAccess (324)
[2021.05.31-18.01.59:241][763]LogModuleManager: Shutting down and abandoning module VisualStudioCodeSourceCodeAccess (322)
[2021.05.31-18.01.59:241][763]LogModuleManager: Shutting down and abandoning module UObjectPlugin (320)
[2021.05.31-18.01.59:241][763]LogModuleManager: Shutting down and abandoning module SubversionSourceControl (318)
[2021.05.31-18.01.59:241][763]LogModuleManager: Shutting down and abandoning module PerforceSourceControl (316)
[2021.05.31-18.01.59:241][763]LogModuleManager: Shutting down and abandoning module GitSourceControl (314)
[2021.05.31-18.01.59:241][763]LogModuleManager: Shutting down and abandoning module SourceControl (313)
[2021.05.31-18.01.59:241][763]LogModuleManager: Shutting down and abandoning module CLionSourceCodeAccess (310)
[2021.05.31-18.01.59:241][763]LogModuleManager: Shutting down and abandoning module LightPropagationVolumeEditor (308)
[2021.05.31-18.01.59:241][763]LogModuleManager: Shutting down and abandoning module PaperTiledImporter (306)
[2021.05.31-18.01.59:241][763]LogModuleManager: Shutting down and abandoning module PaperSpriteSheetImporter (304)
[2021.05.31-18.01.59:241][763]LogModuleManager: Shutting down and abandoning module Paper2DEditor (302)
[2021.05.31-18.01.59:241][763]LogModuleManager: Shutting down and abandoning module MeshPaint (301)
[2021.05.31-18.01.59:241][763]LogModuleManager: Shutting down and abandoning module RuntimePhysXCooking (298)
[2021.05.31-18.01.59:241][763]LogModuleManager: Shutting down and abandoning module PhysXVehiclesEditor (296)
[2021.05.31-18.01.59:241][763]LogModuleManager: Shutting down and abandoning module PhysXVehicles (294)
[2021.05.31-18.01.59:241][763]LogModuleManager: Shutting down and abandoning module OculusEditor (292)
[2021.05.31-18.01.59:241][763]LogModuleManager: Shutting down and abandoning module LocationServicesBPLibrary (290)
[2021.05.31-18.01.59:241][763]LogModuleManager: Shutting down and abandoning module ImmediatePhysicsEditor (288)
[2021.05.31-18.01.59:242][763]LogModuleManager: Shutting down and abandoning module ImmediatePhysics (286)
[2021.05.31-18.01.59:242][763]LogModuleManager: Shutting down and abandoning module ActorSequence (284)
[2021.05.31-18.01.59:242][763]LogModuleManager: Shutting down and abandoning module UdpMessaging (282)
[2021.05.31-18.01.59:342][763]LogModuleManager: Shutting down and abandoning module TcpMessaging (280)
[2021.05.31-18.01.59:443][763]LogModuleManager: Shutting down and abandoning module MagicLeapAudio (278)
[2021.05.31-18.01.59:443][763]LogModuleManager: Shutting down and abandoning module GameplayTagsEditor (276)
[2021.05.31-18.01.59:443][763]LogModuleManager: Shutting down and abandoning module FacialAnimationEditor (274)
[2021.05.31-18.01.59:443][763]LogModuleManager: Shutting down and abandoning module FacialAnimation (272)
[2021.05.31-18.01.59:443][763]LogModuleManager: Shutting down and abandoning module DataValidation (270)
[2021.05.31-18.01.59:443][763]LogModuleManager: Shutting down and abandoning module AssetManagerEditor (268)
[2021.05.31-18.01.59:443][763]LogModuleManager: Shutting down and abandoning module LevelEditor (267)
[2021.05.31-18.01.59:445][763]LogModuleManager: Shutting down and abandoning module PixelInspectorModule (266)
[2021.05.31-18.01.59:445][763]LogModuleManager: Shutting down and abandoning module CommonMenuExtensions (264)
[2021.05.31-18.01.59:445][763]LogModuleManager: Shutting down and abandoning module MainFrame (262)
[2021.05.31-18.01.59:446][763]LogModuleManager: Shutting down and abandoning module HotReload (261)
[2021.05.31-18.01.59:447][763]LogModuleManager: Shutting down and abandoning module ContentBrowser (257)
[2021.05.31-18.01.59:448][763]LogModuleManager: Shutting down and abandoning module TreeMap (255)
[2021.05.31-18.01.59:449][763]LogModuleManager: Shutting down and abandoning module LightPropagationVolumeRuntime (252)
[2021.05.31-18.01.59:449][763]LogModuleManager: Shutting down and abandoning module AISupportModule (250)
[2021.05.31-18.01.59:449][763]LogModuleManager: Shutting down and abandoning module Paper2D (248)
[2021.05.31-18.01.59:449][763]LogModuleManager: Shutting down and abandoning module WindowsMoviePlayer (246)
[2021.05.31-18.01.59:449][763]LogModuleManager: Shutting down and abandoning module WmfMedia (244)
[2021.05.31-18.01.59:453][763]LogModuleManager: Shutting down and abandoning module Media (243)
[2021.05.31-18.01.59:460][763]LogModuleManager: Shutting down and abandoning module PacketHandler (240)
[2021.05.31-18.01.59:460][763]LogModuleManager: Shutting down and abandoning module ClothingSystemEditor (238)
[2021.05.31-18.01.59:460][763]LogModuleManager: Shutting down and abandoning module ClothingSystemRuntime (236)
[2021.05.31-18.01.59:460][763]LogModuleManager: Shutting down and abandoning module MediaAssets (234)
[2021.05.31-18.01.59:461][763]LogModuleManager: Shutting down and abandoning module Overlay (232)
[2021.05.31-18.01.59:461][763]LogModuleManager: Shutting down and abandoning module OverlayEditor (231)
[2021.05.31-18.01.59:461][763]LogModuleManager: Shutting down and abandoning module VREditor (228)
[2021.05.31-18.01.59:461][763]LogModuleManager: Shutting down and abandoning module StringTableEditor (226)
[2021.05.31-18.01.59:461][763]LogModuleManager: Shutting down and abandoning module GameplayTasksEditor (224)
[2021.05.31-18.01.59:461][763]LogModuleManager: Shutting down and abandoning module BehaviorTreeEditor (222)
[2021.05.31-18.01.59:461][763]LogModuleManager: Shutting down and abandoning module FunctionalTesting (220)
[2021.05.31-18.01.59:461][763]LogModuleManager: Shutting down and abandoning module CollisionAnalyzer (218)
[2021.05.31-18.01.59:461][763]LogModuleManager: Shutting down and abandoning module WorkspaceMenuStructure (217)
[2021.05.31-18.01.59:461][763]LogModuleManager: Shutting down and abandoning module UMG (214)
[2021.05.31-18.01.59:461][763]LogModuleManager: Shutting down and abandoning module UMGEditor (213)
[2021.05.31-18.01.59:462][763]LogModuleManager: Shutting down and abandoning module Sequencer (212)
[2021.05.31-18.01.59:462][763]LogModuleManager: Shutting down and abandoning module MessageLog (209)
[2021.05.31-18.01.59:462][763]LogModuleManager: Shutting down and abandoning module SlateReflector (204)
[2021.05.31-18.01.59:462][763]LogModuleManager: Shutting down and abandoning module Slate (202)
[2021.05.31-18.01.59:462][763]LogModuleManager: Shutting down and abandoning module EditorStyle (200)
[2021.05.31-18.01.59:466][763]LogModuleManager: Shutting down and abandoning module MRMesh (198)
[2021.05.31-18.01.59:466][763]LogModuleManager: Shutting down and abandoning module SourceCodeAccess (196)
[2021.05.31-18.01.59:466][763]LogModuleManager: Shutting down and abandoning module HeadMountedDisplay (194)
[2021.05.31-18.01.59:466][763]LogModuleManager: Shutting down and abandoning module XAudio2 (192)
[2021.05.31-18.01.59:466][763]LogModuleManager: Shutting down and abandoning module Networking (190)
[2021.05.31-18.01.59:466][763]LogModuleManager: Shutting down and abandoning module Core (188)
[2021.05.31-18.01.59:467][763]LogModuleManager: Shutting down and abandoning module LevelSequence (186)
[2021.05.31-18.01.59:467][763]LogModuleManager: Shutting down and abandoning module KismetCompiler (184)
[2021.05.31-18.01.59:467][763]LogModuleManager: Shutting down and abandoning module MeshUtilities (182)
[2021.05.31-18.01.59:467][763]LogModuleManager: Shutting down and abandoning module MeshMergeUtilities (181)
[2021.05.31-18.01.59:467][763]LogModuleManager: Shutting down and abandoning module MeshReductionInterface (180)
[2021.05.31-18.01.59:467][763]LogModuleManager: Shutting down and abandoning module SimplygonSwarm (179)
[2021.05.31-18.01.59:467][763]LogModuleManager: Shutting down and abandoning module ProxyLODMeshReduction (177)
[2021.05.31-18.01.59:467][763]LogModuleManager: Shutting down and abandoning module SimplygonMeshReduction (175)
[2021.05.31-18.01.59:467][763]LogModuleManager: Shutting down and abandoning module QuadricMeshReduction (173)
[2021.05.31-18.01.59:467][763]LogModuleManager: Shutting down and abandoning module MaterialBaking (169)
[2021.05.31-18.01.59:467][763]LogModuleManager: Shutting down and abandoning module DirectoryWatcher (165)
[2021.05.31-18.01.59:467][763]LogModuleManager: Shutting down and abandoning module DerivedDataCache (162)
[2021.05.31-18.01.59:809][763]LogDerivedDataCache: Shutdown
[2021.05.31-18.01.59:809][763]LogModuleManager: Shutting down and abandoning module XGEController (160)
[2021.05.31-18.01.59:809][763]LogModuleManager: Shutting down and abandoning module TargetPlatform (158)
[2021.05.31-18.01.59:809][763]LogModuleManager: Shutting down and abandoning module VulkanShaderFormat (157)
[2021.05.31-18.01.59:809][763]LogModuleManager: Shutting down and abandoning module ShaderFormatVectorVM (155)
[2021.05.31-18.01.59:809][763]LogModuleManager: Shutting down and abandoning module ShaderFormatOpenGL (153)
[2021.05.31-18.01.59:809][763]LogModuleManager: Shutting down and abandoning module ShaderFormatD3D (151)
[2021.05.31-18.01.59:809][763]LogModuleManager: Shutting down and abandoning module MetalShaderFormat (149)
[2021.05.31-18.01.59:809][763]LogModuleManager: Shutting down and abandoning module TextureFormatUncompressed (147)
[2021.05.31-18.01.59:809][763]LogModuleManager: Shutting down and abandoning module TextureFormatPVR (145)
[2021.05.31-18.01.59:809][763]LogModuleManager: Shutting down and abandoning module TextureFormatDXT (143)
[2021.05.31-18.01.59:810][763]LogModuleManager: Shutting down and abandoning module TextureFormatIntelISPCTexComp (141)
[2021.05.31-18.01.59:810][763]LogModuleManager: Shutting down and abandoning module TextureFormatASTC (139)
[2021.05.31-18.01.59:810][763]LogModuleManager: Shutting down and abandoning module ImageWrapper (138)
[2021.05.31-18.01.59:810][763]LogModuleManager: Shutting down and abandoning module TextureFormatAndroid (135)
[2021.05.31-18.01.59:810][763]LogModuleManager: Shutting down and abandoning module AudioFormatOpus (133)
[2021.05.31-18.01.59:810][763]LogModuleManager: Shutting down and abandoning module AudioFormatOgg (131)
[2021.05.31-18.01.59:810][763]LogModuleManager: Shutting down and abandoning module AudioFormatADPCM (129)
[2021.05.31-18.01.59:810][763]LogModuleManager: Shutting down and abandoning module LuminTargetPlatform (127)
[2021.05.31-18.01.59:810][763]LogModuleManager: Shutting down and abandoning module LinuxTargetPlatform (125)
[2021.05.31-18.01.59:810][763]LogModuleManager: Shutting down and abandoning module LinuxServerTargetPlatform (123)
[2021.05.31-18.01.59:810][763]LogModuleManager: Shutting down and abandoning module LinuxNoEditorTargetPlatform (121)
[2021.05.31-18.01.59:810][763]LogModuleManager: Shutting down and abandoning module LinuxClientTargetPlatform (119)
[2021.05.31-18.01.59:811][763]LogModuleManager: Shutting down and abandoning module TVOSTargetPlatform (117)
[2021.05.31-18.01.59:812][763]LogModuleManager: Shutting down and abandoning module Messaging (115)
[2021.05.31-18.01.59:812][763]LogModuleManager: Shutting down and abandoning module IOSTargetPlatform (113)
[2021.05.31-18.01.59:814][763]LogModuleManager: Shutting down and abandoning module HTML5TargetPlatform (111)
[2021.05.31-18.01.59:814][763]LogModuleManager: Shutting down and abandoning module AndroidTargetPlatform (109)
[2021.05.31-18.01.59:824][763]LogModuleManager: Shutting down and abandoning module WindowsTargetPlatform (107)
[2021.05.31-18.01.59:824][763]LogModuleManager: Shutting down and abandoning module WindowsServerTargetPlatform (105)
[2021.05.31-18.01.59:824][763]LogModuleManager: Shutting down and abandoning module WindowsNoEditorTargetPlatform (103)
[2021.05.31-18.01.59:824][763]LogModuleManager: Shutting down and abandoning module WindowsClientTargetPlatform (101)
[2021.05.31-18.01.59:824][763]LogModuleManager: Shutting down and abandoning module MacTargetPlatform (99)
[2021.05.31-18.01.59:825][763]LogModuleManager: Shutting down and abandoning module MacServerTargetPlatform (97)
[2021.05.31-18.01.59:825][763]LogModuleManager: Shutting down and abandoning module MacNoEditorTargetPlatform (95)
[2021.05.31-18.01.59:825][763]LogModuleManager: Shutting down and abandoning module MacClientTargetPlatform (93)
[2021.05.31-18.01.59:825][763]LogModuleManager: Shutting down and abandoning module AllDesktopTargetPlatform (91)
[2021.05.31-18.01.59:825][763]LogModuleManager: Shutting down and abandoning module InputCore (88)
[2021.05.31-18.01.59:825][763]LogModuleManager: Shutting down and abandoning module Settings (86)
[2021.05.31-18.01.59:825][763]LogModuleManager: Shutting down and abandoning module PhysXCooking (84)
[2021.05.31-18.01.59:825][763]LogModuleManager: Shutting down and abandoning module SteamVR (82)
[2021.05.31-18.01.59:825][763]LogModuleManager: Shutting down and abandoning module OculusHMD (80)
[2021.05.31-18.01.59:825][763]LogModuleManager: Shutting down and abandoning module ExampleDeviceProfileSelector (78)
[2021.05.31-18.01.59:825][763]LogModuleManager: Shutting down and abandoning module LauncherChunkInstaller (76)
[2021.05.31-18.01.59:825][763]LogModuleManager: Shutting down and abandoning module OnlineBlueprintSupport (74)
[2021.05.31-18.01.59:825][763]LogModuleManager: Shutting down and abandoning module OnlineSubsystem (70)
[2021.05.31-18.01.59:826][763]LogModuleManager: Shutting down and abandoning module XMPP (65)
[2021.05.31-18.01.59:827][763]LogModuleManager: Shutting down and abandoning module WebSockets (64)
[2021.05.31-18.01.59:860][763]LogModuleManager: Shutting down and abandoning module HTTP (61)
[2021.05.31-18.01.59:860][763]LogHttp: Display: Http module shutting down, but needs to wait on 1 outstanding Http requests:
[2021.05.31-18.01.59:861][763]LogHttp: Display: 	verb=[POST] url=[https://datarouter.ol.epicgames.com/datarouter/api/v1/public/data?SessionID=%7B7AF9DB29-4B58-E571-4314-95BADA9DC6C1%7D&AppID=UEEditor.Rocket.Release&AppVersion=4.20.3-4369336%2B%2B%2BUE4%2BRelease-4.20&UserID=6e7d89554f56b7fc52395e83dcf07d3e%7Cc39609078e4d42f5b3762641ab05c278%7C662d7440-abfd-4f5d-bee1-3f7d4b1a7237&AppEnvironment=datacollector-binary&UploadType=eteventstream] status=Processing
[2021.05.31-18.01.59:893][763]LogModuleManager: Shutting down and abandoning module SSL (60)
[2021.05.31-18.01.59:896][763]LogModuleManager: Shutting down and abandoning module MagicLeapEmulator (56)
[2021.05.31-18.01.59:896][763]LogModuleManager: Shutting down and abandoning module MagicLeapPrivileges (54)
[2021.05.31-18.01.59:896][763]LogModuleManager: Shutting down and abandoning module MagicLeapIdentity (52)
[2021.05.31-18.01.59:897][763]LogModuleManager: Shutting down and abandoning module MagicLeapHelperVulkan (50)
[2021.05.31-18.01.59:897][763]LogModuleManager: Shutting down and abandoning module MagicLeapHelperOpenGL (48)
[2021.05.31-18.01.59:897][763]LogModuleManager: Shutting down and abandoning module MagicLeapSecureStorage (46)
[2021.05.31-18.01.59:897][763]LogModuleManager: Shutting down and abandoning module MagicLeapGestures (44)
[2021.05.31-18.01.59:897][763]LogModuleManager: Shutting down and abandoning module MagicLeapEyeTracker (42)
[2021.05.31-18.01.59:897][763]LogModuleManager: Shutting down and abandoning module MagicLeapController (40)
[2021.05.31-18.01.59:897][763]LogSlate: Slate User Destroyed.  User Index 0, Is Virtual User: 0
[2021.05.31-18.01.59:897][763]LogModuleManager: Shutting down and abandoning module MagicLeap (38)
[2021.05.31-18.01.59:898][763]LogModuleManager: Shutting down and abandoning module AnimationModifiers (36)
[2021.05.31-18.01.59:898][763]LogModuleManager: Shutting down and abandoning module PropertyEditor (35)
[2021.05.31-18.01.59:898][763]LogModuleManager: Shutting down and abandoning module AudioEditor (32)
[2021.05.31-18.01.59:898][763]LogModuleManager: Shutting down and abandoning module TextureCompressor (30)
[2021.05.31-18.01.59:898][763]LogModuleManager: Shutting down and abandoning module ShaderCore (28)
[2021.05.31-18.01.59:899][763]LogModuleManager: Shutting down and abandoning module Landscape (26)
[2021.05.31-18.01.59:899][763]LogModuleManager: Shutting down and abandoning module SlateRHIRenderer (24)
[2021.05.31-18.01.59:899][763]LogModuleManager: Shutting down and abandoning module OpenGLDrv (22)
[2021.05.31-18.01.59:899][763]LogModuleManager: Shutting down and abandoning module D3D11RHI (20)
[2021.05.31-18.01.59:899][763]LogModuleManager: Shutting down and abandoning module AnimGraphRuntime (18)
[2021.05.31-18.01.59:899][763]LogModuleManager: Shutting down and abandoning module Renderer (16)
[2021.05.31-18.01.59:899][763]LogModuleManager: Shutting down and abandoning module Engine (14)
[2021.05.31-18.01.59:899][763]LogModuleManager: Shutting down and abandoning module CoreUObject (12)
[2021.05.31-18.01.59:900][763]LogModuleManager: Shutting down and abandoning module NetworkFile (10)
[2021.05.31-18.01.59:900][763]LogModuleManager: Shutting down and abandoning module CookedIterativeFile (8)
[2021.05.31-18.01.59:900][763]LogModuleManager: Shutting down and abandoning module StreamingFile (6)
[2021.05.31-18.01.59:900][763]LogModuleManager: Shutting down and abandoning module SandboxFile (4)
[2021.05.31-18.01.59:900][763]LogModuleManager: Shutting down and abandoning module PakFile (2)
[2021.05.31-18.01.59:916][763]LogExit: Exiting.
[2021.05.31-18.01.59:950][763]Log file closed, 05/31/21 20:01:59
