Log file open, 05/31/21 20:15:16
LogWindows: Failed to load 'aqProf.dll' (GetLastError=126)
LogWindows: File 'aqProf.dll' does not exist
LogWindows: Failed to load 'VSPerf140.dll' (GetLastError=126)
LogWindows: File 'VSPerf140.dll' does not exist
LogWindows: Failed to load 'VtuneApi.dll' (GetLastError=126)
LogWindows: File 'VtuneApi.dll' does not exist
LogWindows: Failed to load 'VtuneApi32e.dll' (GetLastError=126)
LogWindows: File 'VtuneApi32e.dll' does not exist
LogInit: Display: Running engine for game: ManajSpyra02
LogPlatformFile: Not using cached read wrapper
LogTaskGraph: Started task graph with 5 named threads and 35 total threads with 3 sets of task threads.
LogStats: Stats thread started at 4.082402
LogD3D11RHI: Loaded GFSDK_Aftermath_Lib.x64.dll
LogICUInternationalization: Display: ICU TimeZone Detection - Raw Offset: +1:00, Platform Override: ''
LogPluginManager: Mounting plugin Paper2D
LogPluginManager: Mounting plugin AISupport
LogPluginManager: Mounting plugin LightPropagationVolume
LogPluginManager: Mounting plugin CLionSourceCodeAccess
LogPluginManager: Mounting plugin CodeLiteSourceCodeAccess
LogPluginManager: Mounting plugin GitSourceControl
LogPluginManager: Mounting plugin KDevelopSourceCodeAccess
LogPluginManager: Mounting plugin NullSourceCodeAccess
LogPluginManager: Mounting plugin PerforceSourceControl
LogPluginManager: Mounting plugin SubversionSourceControl
LogPluginManager: Mounting plugin UObjectPlugin
LogPluginManager: Mounting plugin VisualStudioCodeSourceCodeAccess
LogPluginManager: Mounting plugin VisualStudioSourceCodeAccess
LogPluginManager: Mounting plugin XCodeSourceCodeAccess
LogPluginManager: Mounting plugin AssetManagerEditor
LogPluginManager: Mounting plugin CryptoKeys
LogPluginManager: Mounting plugin DataValidation
LogPluginManager: Mounting plugin FacialAnimation
LogPluginManager: Mounting plugin GameplayTagsEditor
LogPluginManager: Mounting plugin MacGraphicsSwitching
LogPluginManager: Mounting plugin MeshEditor
LogPluginManager: Mounting plugin MobileLauncherProfileWizard
LogPluginManager: Mounting plugin PluginBrowser
LogPluginManager: Mounting plugin SpeedTreeImporter
LogPluginManager: Mounting plugin DatasmithContent
LogPluginManager: Mounting plugin AlembicImporter
LogPluginManager: Mounting plugin AppleImageUtils
LogPluginManager: Mounting plugin AppleVision
LogPluginManager: Mounting plugin BackChannel
LogPluginManager: Mounting plugin CharacterAI
LogPluginManager: Mounting plugin GeometryCache
LogPluginManager: Mounting plugin HTML5Networking
LogPluginManager: Mounting plugin ProxyLODPlugin
LogPluginManager: Mounting plugin MagicLeap
LogPluginManager: Mounting plugin MagicLeapEmulator
LogPluginManager: Mounting plugin MagicLeapMedia
LogPluginManager: Mounting plugin AndroidMedia
LogPluginManager: Mounting plugin AvfMedia
LogPluginManager: Mounting plugin ImgMedia
LogPluginManager: Mounting plugin LinearTimecode
LogPluginManager: Mounting plugin MediaCompositing
LogPluginManager: Mounting plugin MediaPlayerEditor
LogPluginManager: Mounting plugin WmfMedia
LogPluginManager: Mounting plugin TcpMessaging
LogPluginManager: Mounting plugin UdpMessaging
LogPluginManager: Mounting plugin ActorSequence
LogPluginManager: Mounting plugin LevelSequenceEditor
LogPluginManager: Mounting plugin MatineeToLevelSequence
LogPluginManager: Mounting plugin NetcodeUnitTest
LogPluginManager: Mounting plugin NUTUnrealEngine4
LogPluginManager: Mounting plugin OnlineSubsystemGooglePlay
LogPluginManager: Mounting plugin OnlineSubsystemIOS
LogPluginManager: Mounting plugin OnlineSubsystem
LogPluginManager: Mounting plugin OnlineSubsystemNull
LogPluginManager: Mounting plugin OnlineSubsystemUtils
LogPluginManager: Mounting plugin LauncherChunkInstaller
LogPluginManager: Mounting plugin AndroidDeviceProfileSelector
LogPluginManager: Mounting plugin AndroidMoviePlayer
LogPluginManager: Mounting plugin AndroidPermission
LogPluginManager: Mounting plugin AppleMoviePlayer
LogPluginManager: Mounting plugin ArchVisCharacter
LogPluginManager: Mounting plugin AudioCapture
LogPluginManager: Mounting plugin CableComponent
LogPluginManager: Mounting plugin CustomMeshComponent
LogPluginManager: Mounting plugin EditableMesh
LogPluginManager: Mounting plugin ExampleDeviceProfileSelector
LogPluginManager: Mounting plugin GoogleCloudMessaging
LogPluginManager: Mounting plugin ImmediatePhysics
LogPluginManager: Mounting plugin IOSDeviceProfileSelector
LogPluginManager: Mounting plugin LinuxDeviceProfileSelector
LogPluginManager: Mounting plugin LocationServicesBPLibrary
LogPluginManager: Mounting plugin MobilePatchingUtils
LogPluginManager: Mounting plugin OculusVR
LogPluginManager: Plugin shader directory ../../../Engine/Plugins/Runtime/Oculus/OculusVR/Shaders found
LogPluginManager: Mapping shader source directory ../../../Engine/Plugins/Runtime/Oculus/OculusVR/Shaders to virtual directory /Plugin/OculusVR
LogPluginManager: Mounting plugin PhysXVehicles
LogPluginManager: Mounting plugin ProceduralMeshComponent
LogPluginManager: Mounting plugin RuntimePhysXCooking
LogPluginManager: Mounting plugin SteamVR
LogPluginManager: Mounting plugin WindowsMoviePlayer
LogStreaming: Display: Took  0.224s to configure plugins.
LogInit: Using libcurl 7.55.1-DEV
LogInit:  - built for x86_64-pc-win32
LogInit:  - supports SSL with OpenSSL/1.0.2h
LogInit:  - supports HTTP deflate (compression) using libz 1.2.8
LogInit:  - other features:
LogInit:      CURL_VERSION_SSL
LogInit:      CURL_VERSION_LIBZ
LogInit:      CURL_VERSION_IPV6
LogInit:      CURL_VERSION_ASYNCHDNS
LogInit:      CURL_VERSION_LARGEFILE
LogInit:      CURL_VERSION_IDN
LogInit:  CurlRequestOptions (configurable via config and command line):
LogInit:  - bVerifyPeer = false  - Libcurl will NOT verify peer certificate
LogInit:  - bUseHttpProxy = false  - Libcurl will NOT use HTTP proxy
LogInit:  - bDontReuseConnections = false  - Libcurl will reuse connections
LogInit:  - CertBundlePath = nullptr  - Libcurl will use whatever was configured at build time.
LogInit:  - MaxHostConnections = 16  - Libcurl will limit the number of connections to a host
LogInit:  - LocalHostAddr = Default
LogInit:  - BufferSize = 65536
LogInit: WinSock: version 1.1 (2.2), MaxSocks=32767, MaxUdp=65467
LogInit: Build: ++UE4+Release-4.20-CL-4369336
LogInit: Engine Version: 4.20.3-4369336+++UE4+Release-4.20
LogInit: Compatible Engine Version: 4.20.0-4212847+++UE4+Release-4.20
LogInit: Net CL: 4212847
LogInit: OS: Windows 10 (), CPU: Intel(R) Core(TM) i7-9750H CPU @ 2.60GHz, GPU: Intel(R) UHD Graphics 630
LogInit: Compiled (64-bit): Sep 17 2018 12:26:19
LogInit: Compiled with Visual C++: 19.13.26129.00
LogInit: Build Configuration: Development
LogInit: Branch Name: ++UE4+Release-4.20
LogInit: Command Line:  
LogInit: Base Directory: D:/Mana/Unreal/Epic Games/UE_4.20/Engine/Binaries/Win64/
LogInit: Installed Engine Build: 1
LogDevObjectVersion: Number of dev versions registered: 20
LogDevObjectVersion:   Dev-Blueprints (B0D832E4-1F89-4F0D-ACCF-7EB736FD4AA2): 10
LogDevObjectVersion:   Dev-Build (E1C64328-A22C-4D53-A36C-8E866417BD8C): 0
LogDevObjectVersion:   Dev-Core (375EC13C-06E4-48FB-B500-84F0262A717E): 2
LogDevObjectVersion:   Dev-Editor (E4B068ED-F494-42E9-A231-DA0B2E46BB41): 24
LogDevObjectVersion:   Dev-Framework (CFFC743F-43B0-4480-9391-14DF171D2073): 34
LogDevObjectVersion:   Dev-Mobile (B02B49B5-BB20-44E9-A304-32B752E40360): 2
LogDevObjectVersion:   Dev-Networking (A4E4105C-59A1-49B5-A7C5-40C4547EDFEE): 0
LogDevObjectVersion:   Dev-Online (39C831C9-5AE6-47DC-9A44-9C173E1C8E7C): 0
LogDevObjectVersion:   Dev-Physics (78F01B33-EBEA-4F98-B9B4-84EACCB95AA2): 0
LogDevObjectVersion:   Dev-Platform (6631380F-2D4D-43E0-8009-CF276956A95A): 0
LogDevObjectVersion:   Dev-Rendering (12F88B9F-8875-4AFC-A67C-D90C383ABD29): 26
LogDevObjectVersion:   Dev-Sequencer (7B5AE74C-D270-4C10-A958-57980B212A5A): 9
LogDevObjectVersion:   Dev-VR (D7296918-1DD6-4BDD-9DE2-64A83CC13884): 2
LogDevObjectVersion:   Dev-LoadTimes (C2A15278-BFE7-4AFE-6C17-90FF531DF755): 1
LogDevObjectVersion:   Private-Geometry (6EACA3D4-40EC-4CC1-B786-8BED09428FC5): 3
LogDevObjectVersion:   Dev-AnimPhys (29E575DD-E0A3-4627-9D10-D276232CDCEA): 17
LogDevObjectVersion:   Dev-ReflectionCapture (6B266CEC-1EC7-4B8F-A30B-E4D90942FC07): 1
LogDevObjectVersion:   Dev-Automation (0DF73D61-A23F-47EA-B727-89E90C41499A): 1
LogDevObjectVersion:   FortniteMain (601D1886-AC64-4F84-AA16-D3DE0DEAC7D6): 12
LogDevObjectVersion:   Dev-Enterprise (9DFFBCD6-494F-0158-E221-12823C92A888): 1
LogStreaming: Display: Took  0.000s to delete old logs.
LogInit: Presizing for max 8388607 objects, including 0 objects not considered by GC, pre-allocating 0 bytes for permanent pool.
LogInit: Object subsystem initialized
[2021.05.31-18.15.19:279][  0]LogInit: Selected Device Profile: [Windows]
[2021.05.31-18.15.19:279][  0]LogInit: Applying CVar settings loaded from the selected device profile: [Windows]
[2021.05.31-18.15.19:308][  0]LogHAL: Display: Platform has ~ 16 GB [17016528896 / 17179869184 / 16], which maps to Larger [LargestMinGB=32, LargerMinGB=12, DefaultMinGB=8, SmallerMinGB=6, SmallestMinGB=0)
[2021.05.31-18.15.19:319][  0]LogInit: Setting Device Profile CVar: [[r.Vulkan.UseRealUBs:1]]
[2021.05.31-18.15.19:319][  0]LogInit: Going up to parent DeviceProfile []
[2021.05.31-18.15.19:344][  0]LogInit: Computer: DESKTOP-ORGVVAA
[2021.05.31-18.15.19:344][  0]LogInit: User: annma
[2021.05.31-18.15.19:344][  0]LogInit: CPU Page size=4096, Cores=6
[2021.05.31-18.15.19:344][  0]LogInit: High frequency timer resolution =10.000000 MHz
[2021.05.31-18.15.19:344][  0]LogMemory: Memory total: Physical=15.8GB (16GB approx)
[2021.05.31-18.15.19:344][  0]LogMemory: Platform Memory Stats for Windows
[2021.05.31-18.15.19:344][  0]LogMemory: Process Physical Memory: 105.65 MB used, 105.65 MB peak
[2021.05.31-18.15.19:344][  0]LogMemory: Process Virtual Memory: 85.89 MB used, 85.89 MB peak
[2021.05.31-18.15.19:344][  0]LogMemory: Physical Memory: 10809.70 MB used,  5418.53 MB free, 16228.23 MB total
[2021.05.31-18.15.19:344][  0]LogMemory: Virtual Memory: 4641.92 MB used,  5418.53 MB free, 134217728.00 MB total
[2021.05.31-18.15.20:187][  0]LogInit: Using OS detected language (pl-PL).
[2021.05.31-18.15.20:187][  0]LogInit: Using OS detected locale (pl-PL).
[2021.05.31-18.15.20:232][  0]LogTextLocalizationManager: No specific localization for 'pl-PL' exists, so the 'pl' localization will be used.
[2021.05.31-18.15.20:371][  0]LogStreaming: Display: Took  0.172s to InitEngineTextLocalization.
[2021.05.31-18.15.20:379][  0]LogInit: Setting process to per monitor DPI aware
[2021.05.31-18.15.20:876][  0]LogSlate: New Slate User Created.  User Index 0, Is Virtual User: 0
[2021.05.31-18.15.20:876][  0]LogSlate: Slate User Registered.  User Index 0, Is Virtual User: 0
[2021.05.31-18.15.23:474][  0]LogHMD: Failed to initialize OpenVR with code 110
[2021.05.31-18.15.23:474][  0]LogD3D11RHI: D3D11 adapters:
[2021.05.31-18.15.23:568][  0]LogD3D11RHI:    0. 'NVIDIA GeForce GTX 1650' (Feature Level 11_0)
[2021.05.31-18.15.23:568][  0]LogD3D11RHI:       3962/0/8114 MB DedicatedVideo/DedicatedSystem/SharedSystem, Outputs:1, VendorId:0x10de
[2021.05.31-18.15.23:606][  0]LogD3D11RHI:    1. 'Intel(R) UHD Graphics 630' (Feature Level 11_0)
[2021.05.31-18.15.23:606][  0]LogD3D11RHI:       128/0/8114 MB DedicatedVideo/DedicatedSystem/SharedSystem, Outputs:0, VendorId:0x8086
[2021.05.31-18.15.23:613][  0]LogD3D11RHI:    2. 'Microsoft Basic Render Driver' (Feature Level 11_0)
[2021.05.31-18.15.23:613][  0]LogD3D11RHI:       0/0/8114 MB DedicatedVideo/DedicatedSystem/SharedSystem, Outputs:0, VendorId:0x1414
[2021.05.31-18.15.23:613][  0]LogD3D11RHI: Chosen D3D11 Adapter: 0
[2021.05.31-18.15.23:629][  0]LogD3D11RHI: Creating new Direct3DDevice
[2021.05.31-18.15.23:630][  0]LogD3D11RHI:     GPU DeviceId: 0x1f91 (for the marketing name, search the web for "GPU Device Id")
[2021.05.31-18.15.23:631][  0]LogWindows: EnumDisplayDevices:
[2021.05.31-18.15.23:631][  0]LogWindows:    0. 'Intel(R) UHD Graphics 630' (P:1 D:1)
[2021.05.31-18.15.23:631][  0]LogWindows:    1. 'Intel(R) UHD Graphics 630' (P:0 D:0)
[2021.05.31-18.15.23:631][  0]LogWindows:    2. 'Intel(R) UHD Graphics 630' (P:0 D:0)
[2021.05.31-18.15.23:631][  0]LogWindows: DebugString: PrimaryIsNotTheChoosenAdapter PrimaryIsNotTheChoosenAdapter PrimaryIsNotTheChoosenAdapter FoundDriverCount:0 
[2021.05.31-18.15.23:631][  0]LogD3D11RHI:     Adapter Name: NVIDIA GeForce GTX 1650
[2021.05.31-18.15.23:631][  0]LogD3D11RHI:   Driver Version: Unknown (internal:Unknown, unified:Unknown)
[2021.05.31-18.15.23:631][  0]LogD3D11RHI:      Driver Date: Unknown
[2021.05.31-18.15.23:631][  0]LogRHI: Texture pool is 2773 MB (70% of 3962 MB)
[2021.05.31-18.15.23:703][  0]LogD3D11RHI: Async texture creation enabled
[2021.05.31-18.15.23:968][  0]LogD3D11RHI: GPU Timing Frequency: 1000.000000 (Debug: 2 1)
[2021.05.31-18.15.23:997][  0]LogShaderCompilers: Guid format shader working directory is -5 characters bigger than the processId version (C:/Users/annma/Documents/ManajSpyra02/ManajSpyra02/Intermediate/Shaders/WorkingDirectory/13336/).
[2021.05.31-18.15.23:997][  0]LogShaderCompilers: Cleaned the shader compiler working directory 'C:/Users/annma/AppData/Local/Temp/UnrealShaderWorkingDir/452C278F46F154AC87DD12B1BBAB4B74/'.
[2021.05.31-18.15.24:829][  0]LogTemp: Display: Loaded TP AllDesktopTargetPlatform
[2021.05.31-18.15.24:879][  0]LogTemp: Display: Loaded TP MacClientTargetPlatform
[2021.05.31-18.15.24:904][  0]LogTemp: Display: Loaded TP MacNoEditorTargetPlatform
[2021.05.31-18.15.24:931][  0]LogTemp: Display: Loaded TP MacServerTargetPlatform
[2021.05.31-18.15.24:989][  0]LogTemp: Display: Loaded TP MacTargetPlatform
[2021.05.31-18.15.25:040][  0]LogTemp: Display: Loaded TP WindowsClientTargetPlatform
[2021.05.31-18.15.25:096][  0]LogTemp: Display: Loaded TP WindowsNoEditorTargetPlatform
[2021.05.31-18.15.25:144][  0]LogTemp: Display: Loaded TP WindowsServerTargetPlatform
[2021.05.31-18.15.25:166][  0]LogTemp: Display: Loaded TP WindowsTargetPlatform
[2021.05.31-18.15.25:306][  0]LogTemp: Display: Loaded TP AndroidTargetPlatform
[2021.05.31-18.15.25:306][  0]LogTemp: Display: Loaded TP AndroidTargetPlatform
[2021.05.31-18.15.25:306][  0]LogTemp: Display: Loaded TP AndroidTargetPlatform
[2021.05.31-18.15.25:306][  0]LogTemp: Display: Loaded TP AndroidTargetPlatform
[2021.05.31-18.15.25:306][  0]LogTemp: Display: Loaded TP AndroidTargetPlatform
[2021.05.31-18.15.25:306][  0]LogTemp: Display: Loaded TP AndroidTargetPlatform
[2021.05.31-18.15.25:306][  0]LogTemp: Display: Loaded TP AndroidTargetPlatform
[2021.05.31-18.15.25:306][  0]LogTemp: Display: Loaded TP AndroidTargetPlatform
[2021.05.31-18.15.25:306][  0]LogTemp: Display: Loaded TP AndroidTargetPlatform
[2021.05.31-18.15.25:306][  0]LogTemp: Display: Loaded TP AndroidTargetPlatform
[2021.05.31-18.15.25:306][  0]LogTemp: Display: Loaded TP AndroidTargetPlatform
[2021.05.31-18.15.25:306][  0]LogTemp: Display: Loaded TP AndroidTargetPlatform
[2021.05.31-18.15.25:306][  0]LogTemp: Display: Loaded TP AndroidTargetPlatform
[2021.05.31-18.15.25:306][  0]LogTemp: Display: Loaded TP AndroidTargetPlatform
[2021.05.31-18.15.25:306][  0]LogTemp: Display: Loaded TP AndroidTargetPlatform
[2021.05.31-18.15.25:306][  0]LogTemp: Display: Loaded TP AndroidTargetPlatform
[2021.05.31-18.15.25:306][  0]LogTemp: Display: Loaded TP AndroidTargetPlatform
[2021.05.31-18.15.25:306][  0]LogTemp: Display: Loaded TP AndroidTargetPlatform
[2021.05.31-18.15.25:342][  0]LogTemp: Display: Loaded TP HTML5TargetPlatform
[2021.05.31-18.15.25:484][  0]LogTemp: Display: Loaded TP IOSTargetPlatform
[2021.05.31-18.15.25:484][  0]LogTemp: Display: Loaded TP IOSTargetPlatform
[2021.05.31-18.15.25:523][  0]LogTemp: Display: Loaded TP TVOSTargetPlatform
[2021.05.31-18.15.25:523][  0]LogTemp: Display: Loaded TP TVOSTargetPlatform
[2021.05.31-18.15.25:549][  0]LogTemp: Display: Loaded TP LinuxClientTargetPlatform
[2021.05.31-18.15.25:588][  0]LogTemp: Display: Loaded TP LinuxNoEditorTargetPlatform
[2021.05.31-18.15.25:618][  0]LogTemp: Display: Loaded TP LinuxServerTargetPlatform
[2021.05.31-18.15.25:658][  0]LogTemp: Display: Loaded TP LinuxTargetPlatform
[2021.05.31-18.15.25:701][  0]LogTemp: Display: Loaded TP LuminTargetPlatform
[2021.05.31-18.15.25:701][  0]LogTargetPlatformManager: Display: Building Assets For Windows
[2021.05.31-18.15.26:651][  0]LogXGEController: Cleaning working directory: C:/Users/annma/AppData/Local/Temp/UnrealXGEWorkingDir/
[2021.05.31-18.15.26:652][  0]LogXGEController: Cannot use XGE Controller as Incredibuild is not installed on this machine.
[2021.05.31-18.15.26:652][  0]LogShaderCompilers: Cannot use XGE Shader Compiler as Incredibuild is not installed on this machine.
[2021.05.31-18.15.26:652][  0]LogShaderCompilers: Display: Using Local Shader Compiler.
[2021.05.31-18.15.29:978][  0]LogDerivedDataCache: Display: Max Cache Size: 512 MB
[2021.05.31-18.15.30:141][  0]LogDerivedDataCache: Loaded boot cache 0.16s 71MB C:/Users/annma/AppData/Local/UnrealEngine/4.20/DerivedDataCache/Boot.ddc.
[2021.05.31-18.15.30:141][  0]LogDerivedDataCache: Display: Loaded Boot cache: C:/Users/annma/AppData/Local/UnrealEngine/4.20/DerivedDataCache/Boot.ddc
[2021.05.31-18.15.30:141][  0]LogDerivedDataCache: FDerivedDataBackendGraph:  Pak pak cache file C:/Users/annma/Documents/ManajSpyra02/ManajSpyra02/DerivedDataCache/DDC.ddp not found, will not use a pak cache.
[2021.05.31-18.15.30:141][  0]LogDerivedDataCache: Unable to find inner node Pak for hierarchical cache Hierarchy.
[2021.05.31-18.15.30:141][  0]LogDerivedDataCache: FDerivedDataBackendGraph:  CompressedPak pak cache file C:/Users/annma/Documents/ManajSpyra02/ManajSpyra02/DerivedDataCache/Compressed.ddp not found, will not use a pak cache.
[2021.05.31-18.15.30:141][  0]LogDerivedDataCache: Unable to find inner node CompressedPak for hierarchical cache Hierarchy.
[2021.05.31-18.15.30:255][  0]LogDerivedDataCache: Display: Pak cache opened for reading ../../../Engine/DerivedDataCache/Compressed.ddp.
[2021.05.31-18.15.30:266][  0]LogDerivedDataCache: Using Local data cache path C:/Users/annma/AppData/Local/UnrealEngine/Common/DerivedDataCache: Writable
[2021.05.31-18.15.30:266][  0]LogDerivedDataCache: Shared data cache path not found in *engine.ini, will not use an Shared cache.
[2021.05.31-18.15.30:266][  0]LogDerivedDataCache: Unable to find inner node Shared for hierarchical cache Hierarchy.
[2021.05.31-18.15.30:298][  0]LogMaterial: Verifying Global Shaders for PCD3D_SM5
[2021.05.31-18.15.30:379][  0]LogSlate: Using FreeType 2.6.0
[2021.05.31-18.15.30:488][  0]LogSlate: SlateFontServices - WITH_FREETYPE: 1, WITH_HARFBUZZ: 1
[2021.05.31-18.15.31:401][  0]LogAssetRegistry: FAssetRegistry took 0.0288 seconds to start up
[2021.05.31-18.15.34:284][  0]LogInit: Selected Device Profile: [Windows]
[2021.05.31-18.15.36:172][  0]LogSimplygon: Simplygon DLL not present - disabling.
[2021.05.31-18.15.36:372][  0]LogMeshReduction: Using SimplygonSwarm for distributed automatic mesh merging
[2021.05.31-18.15.36:373][  0]LogMeshReduction: Using ProxyLODMeshReduction for automatic mesh merging
[2021.05.31-18.15.36:374][  0]LogMeshReduction: Using QuadricMeshReduction for automatic static mesh reduction
[2021.05.31-18.15.36:374][  0]LogMeshReduction: No automatic skeletal mesh reduction module available
[2021.05.31-18.15.36:753][  0]LogNetVersion: ManajSpyra02 1.0.0, NetCL: 4212847, EngineNetVer: 5, GameNetVer: 0 (Checksum: 926664722)
[2021.05.31-18.15.41:664][  0]LogPackageLocalizationCache: Processed 11 localized package path(s) for 2 prioritized culture(s) in 0.116701 seconds
[2021.05.31-18.15.41:747][  0]LogUObjectArray: 38447 objects as part of root set at end of initial load.
[2021.05.31-18.15.41:747][  0]LogUObjectAllocator: 6692632 out of 0 bytes used by permanent object pool.
[2021.05.31-18.15.41:747][  0]LogUObjectArray: CloseDisregardForGC: 0/0 objects in disregard for GC pool
[2021.05.31-18.16.00:550][  0]LogTcpMessaging: Initializing TcpMessaging bridge
[2021.05.31-18.16.00:606][  0]LogUdpMessaging: Initializing bridge on interface 0.0.0.0:0 to multicast group 230.0.0.1:6666.
[2021.05.31-18.16.02:176][  0]SourceControl: Source control is disabled
[2021.05.31-18.16.02:180][  0]SourceControl: Source control is disabled
[2021.05.31-18.16.02:315][  0]SourceControl: Source control is disabled
[2021.05.31-18.16.02:355][  0]SourceControl: Source control is disabled
[2021.05.31-18.16.04:074][  0]LogAndroidPermission: UAndroidPermissionCallbackProxy::GetInstance
[2021.05.31-18.16.04:344][  0]LogOcInput: OculusInput pre-init called
[2021.05.31-18.16.05:158][  0]LogEngine: Initializing Engine...
[2021.05.31-18.16.05:215][  0]LogHMD: Failed to initialize OpenVR with code 110
[2021.05.31-18.16.05:279][  0]LogStats: UGameplayTagsManager::ConstructGameplayTagTree: ImportINI prefixes -  0.001 s
[2021.05.31-18.16.05:279][  0]LogStats: UGameplayTagsManager::ConstructGameplayTagTree: Construct from data asset -  0.000 s
[2021.05.31-18.16.05:280][  0]LogStats: UGameplayTagsManager::ConstructGameplayTagTree: ImportINI -  0.001 s
[2021.05.31-18.16.05:281][  0]LogStats: UGameplayTagsManager::ConstructGameplayTagTree: GameplayTagTreeChangedEvent.Broadcast -  0.000 s
[2021.05.31-18.16.05:593][  0]LogInit: Initializing FReadOnlyCVARCache
[2021.05.31-18.16.06:182][  0]LogAIModule: Creating AISystem for world Untitled
[2021.05.31-18.16.06:373][  0]LogInit: XAudio2 using 'Głośniki (Realtek(R) Audio)' : 2 channels at 48 kHz using 32 bits per sample (channel mask 0x3)
[2021.05.31-18.16.06:455][  0]LogInit: FAudioDevice initialized.
[2021.05.31-18.16.06:456][  0]LogNetVersion: Set ProjectVersion to 1.0.0.0. Version Checksum will be recalculated on next use.
[2021.05.31-18.16.06:504][  0]LogDerivedDataCache: Saved boot cache 0.05s 87MB C:/Users/annma/AppData/Local/UnrealEngine/4.20/DerivedDataCache/Boot.ddc.
[2021.05.31-18.16.06:509][  0]LogInit: Texture streaming: Enabled
[2021.05.31-18.16.06:747][  0]LogEngineSessionManager: EngineSessionManager initialized
[2021.05.31-18.16.06:925][  0]LogInit: Transaction tracking system initialized
[2021.05.31-18.16.07:416][  0]BlueprintLog: New page: Editor Load
[2021.05.31-18.16.08:921][  0]LocalizationService: Localization service is disabled
[2021.05.31-18.16.09:457][  0]LogLinker: Warning: Can't find file '/Game/FirstPersonBP/FirstPersonOverview'
[2021.05.31-18.16.09:458][  0]LogLinker: Warning: Can't find file '/Game/FirstPersonBP/FirstPersonOverview'
[2021.05.31-18.16.09:459][  0]LogUObjectGlobals: Warning: Failed to find object 'Class /Game/FirstPersonBP/FirstPersonOverview.FirstPersonOverview_C'
[2021.05.31-18.16.11:696][  0]LogAutoReimportManager: Warning: Unable to watch directory C:/Users/annma/Documents/ManajSpyra02/ManajSpyra02/Content/ as it doesn't exist.
[2021.05.31-18.16.11:709][  0]LogCook: Display: Max memory allowance for cook 16384mb min free memory 0mb
[2021.05.31-18.16.11:710][  0]LogCook: Display: Mobile HDR setting 1
[2021.05.31-18.16.11:720][  0]LogGameplayTags: Display: UGameplayTagsManager::DoneAddingNativeTags. DelegateIsBound: 0
[2021.05.31-18.16.11:720][  0]LogStats: UGameplayTagsManager::ConstructGameplayTagTree: ImportINI prefixes -  0.000 s
[2021.05.31-18.16.11:720][  0]LogStats: UGameplayTagsManager::ConstructGameplayTagTree: Construct from data asset -  0.000 s
[2021.05.31-18.16.11:720][  0]LogStats: UGameplayTagsManager::ConstructGameplayTagTree: ImportINI -  0.000 s
[2021.05.31-18.16.11:720][  0]LogStats: UGameplayTagsManager::ConstructGameplayTagTree: GameplayTagTreeChangedEvent.Broadcast -  0.000 s
[2021.05.31-18.16.13:992][  0]SourceControl: Source control is disabled
[2021.05.31-18.16.14:008][  0]Cmd: MAP LOAD FILE="../../../Engine/Content/Maps/Templates/Template_Default.umap" TEMPLATE=1 SHOWPROGRESS=1 FEATURELEVEL=3
[2021.05.31-18.16.14:019][  0]LightingResults: New page: Lighting Build
[2021.05.31-18.16.14:295][  0]MapCheck: New page: Map Check
[2021.05.31-18.16.14:295][  0]LightingResults: New page: Lighting Build
[2021.05.31-18.16.16:248][  0]LogAIModule: Creating AISystem for world Untitled_1
[2021.05.31-18.16.16:780][  0]LogEditorServer: Finished looking for orphan Actors (0.000 secs)
[2021.05.31-18.16.16:895][  0]Cmd: MAP CHECKDEP NOCLEARLOG
[2021.05.31-18.16.16:942][  0]MapCheck: Map check complete: 0 Error(s), 0 Warning(s), took 46,787ms to complete.
[2021.05.31-18.16.16:945][  0]LogFileHelpers: Loading map 'Template_Default' took 2.952
[2021.05.31-18.16.18:776][  0]LogSlate: Updating window title bar state: overlay mode, drag disabled, window buttons hidden, title bar hidden
[2021.05.31-18.16.18:805][  0]LogSlate: Updating window title bar state: overlay mode, drag disabled, window buttons hidden, title bar hidden
[2021.05.31-18.16.18:811][  0]LogSlate: Updating window title bar state: overlay mode, drag disabled, window buttons hidden, title bar hidden
[2021.05.31-18.16.18:816][  0]LogSlate: Updating window title bar state: overlay mode, drag disabled, window buttons hidden, title bar hidden
[2021.05.31-18.16.18:959][  0]LogCollectionManager: Loaded 0 collections in 0.000621 seconds
[2021.05.31-18.16.19:181][  0]LogFileCache: Scanning file cache for directory 'C:/Users/annma/Documents/ManajSpyra02/ManajSpyra02/Saved/Collections/' took 0.01s
[2021.05.31-18.16.19:181][  0]LogFileCache: Scanning file cache for directory 'C:/Users/annma/Documents/ManajSpyra02/ManajSpyra02/Content/Developers/annma/Collections/' took 0.01s
[2021.05.31-18.16.19:181][  0]LogFileCache: Scanning file cache for directory 'C:/Users/annma/Documents/ManajSpyra02/ManajSpyra02/Content/Collections/' took 0.01s
[2021.05.31-18.16.19:181][  0]LogCollectionManager: Rebuilt the GUID cache for 0 collections in 0.000000 seconds
[2021.05.31-18.16.19:198][  0]LogContentBrowser: Native class hierarchy populated in 0.0143 seconds. Added 2572 classes and 603 folders.
[2021.05.31-18.16.19:334][  0]LogContentBrowser: Native class hierarchy updated for 'WidgetCarousel' in 0.0003 seconds. Added 0 classes and 0 folders.
[2021.05.31-18.16.20:352][  0]LogContentBrowser: Native class hierarchy updated for 'AddContentDialog' in 0.0002 seconds. Added 0 classes and 0 folders.
[2021.05.31-18.16.20:416][  0]LogContentBrowser: Native class hierarchy updated for 'SceneOutliner' in 0.0003 seconds. Added 1 classes and 2 folders.
[2021.05.31-18.16.21:527][  0]LogSlate: Took 0.020034 seconds to synchronously load lazily loaded font '../../../Engine/Content/Slate/Fonts/Roboto-Regular.ttf' (155K)
[2021.05.31-18.16.21:576][  0]LogSlate: Took 0.029895 seconds to synchronously load lazily loaded font '../../../Engine/Content/Slate/Fonts/Roboto-Bold.ttf' (160K)
[2021.05.31-18.16.21:632][  0]LogSlate: Took 0.021177 seconds to synchronously load lazily loaded font '../../../Engine/Content/Editor/Slate/Fonts/FontAwesome.ttf' (139K)
[2021.05.31-18.16.21:961][  0]LogRenderer: Reallocating scene render targets to support 1580x660 Format 10 NumSamples 1 (Frame:1).
[2021.05.31-18.16.22:475][  0]LogContentBrowser: Native class hierarchy updated for 'HierarchicalLODOutliner' in 0.0003 seconds. Added 0 classes and 0 folders.
[2021.05.31-18.16.22:475][  0]LogLoad: (Engine Initialization) Total time: 82.66 seconds
[2021.05.31-18.16.22:475][  0]LogLoad: (Engine Initialization) Total Blueprint compile time: 0.00 seconds
[2021.05.31-18.16.22:917][  0]LogContentStreaming: Texture pool size now 1000 MB
[2021.05.31-18.16.23:149][  1]LogRenderer: Reallocating scene render targets to support 1580x676 Format 10 NumSamples 1 (Frame:2).
[2021.05.31-18.16.23:437][  3]LogAssetRegistry: Asset discovery search completed in 52.0593 seconds
[2021.05.31-18.16.23:440][  3]LogCollectionManager: Rebuilt the object cache for 0 collections in 0.000000 seconds (found 0 objects)
[2021.05.31-18.16.23:440][  3]LogCollectionManager: Fixed up redirectors for 0 collections in 0.000060 seconds (updated 0 objects)
[2021.05.31-18.17.04:119][354]LogSlate: FSceneViewport::OnFocusLost() reason 0
[2021.05.31-18.17.17:803][ 89]LogActorFactory: Actor Factory created Cube
[2021.05.31-18.17.18:689][121]LogActorFactory: Actor Factory created Cube
[2021.05.31-18.17.26:484][523]Cmd: EDIT COPY
[2021.05.31-18.17.26:802][523]Cmd: EDIT PASTE
[2021.05.31-18.17.31:175][769]LogSlate: FSceneViewport::OnFocusLost() reason 0
[2021.05.31-18.17.31:297][776]LogActorFactory: Actor Factory created Cube
[2021.05.31-18.17.32:501][848]LogActorFactory: Actor Factory created Cube
[2021.05.31-18.17.49:741][861]LogEditorViewport: Clicking on Actor (LMB): BP_Sky_Sphere_C (Sky Sphere)
[2021.05.31-18.17.50:061][875]LogSlate: FSceneViewport::OnFocusLost() reason 0
[2021.05.31-18.17.50:831][921]LogEditorViewport: Clicking on Actor (LMB): StaticMeshActor (Cube3)
[2021.05.31-18.17.51:866][980]LogSlate: FSceneViewport::OnFocusLost() reason 0
[2021.05.31-18.18.01:725][565]LogSlate: FSceneViewport::OnFocusLost() reason 0
[2021.05.31-18.18.09:798][ 17]Cmd: DELETE
[2021.05.31-18.18.09:798][ 17]Cmd: ACTOR DELETE
[2021.05.31-18.18.09:920][ 17]LogEditorActor: Deleted Actor: Actor
[2021.05.31-18.18.09:942][ 17]LogEditorActor: Deleted 1 Actors (0.143 secs)
[2021.05.31-18.18.11:196][ 92]LogSlate: FSceneViewport::OnFocusLost() reason 0
[2021.05.31-18.18.11:331][100]LogActorFactory: Actor Factory created Sphere
[2021.05.31-18.18.12:835][190]LogActorFactory: Actor Factory created Sphere
[2021.05.31-18.18.20:015][617]LogEditorViewport: Clicking on Actor (LMB): StaticMeshActor (Cube3)
[2021.05.31-18.18.24:530][885]LogEditorViewport: Clicking on Actor (LMB): StaticMeshActor (Sphere)
[2021.05.31-18.18.31:915][325]LogEditorViewport: Clicking on Actor (LMB): StaticMeshActor (Cube)
[2021.05.31-18.18.32:787][375]Cmd: EDIT COPY
[2021.05.31-18.18.33:070][392]Cmd: EDIT PASTE
[2021.05.31-18.18.46:281][180]Cmd: EDIT COPY
[2021.05.31-18.18.46:531][195]Cmd: EDIT PASTE
[2021.05.31-18.18.57:812][869]LogEditorViewport: Clicking on Actor (LMB): BP_Sky_Sphere_C (Sky Sphere)
[2021.05.31-18.18.58:833][929]LogEditorViewport: Clicking on Actor (LMB): StaticMeshActor (Cube5)
[2021.05.31-18.19.11:678][697]LogSlate: FSceneViewport::OnFocusLost() reason 0
[2021.05.31-18.19.24:214][403]LogSlate: FSceneViewport::OnFocusLost() reason 2
[2021.05.31-18.19.26:744][547]LogSlate: Window 'Color Picker' being destroyed
[2021.05.31-18.19.33:396][933]LogSlate: FSceneViewport::OnFocusLost() reason 0
[2021.05.31-18.19.39:265][937]LogSlate: Window 'Save Level As' being destroyed
[2021.05.31-18.19.39:484][937]LogSlate: Took 0.020765 seconds to synchronously load lazily loaded font '../../../Engine/Content/Slate/Fonts/Roboto-Light.ttf' (167K)
[2021.05.31-18.19.39:548][937]Cmd: OBJ SAVEPACKAGE PACKAGE="/Game/Maps/NewMap" FILE="C:/Users/annma/Documents/ManajSpyra02/ManajSpyra02/Content/Maps/NewMap.umap" SILENT=true AUTOSAVING=false KEEPDIRTY=false
[2021.05.31-18.19.39:710][937]LogSavePackage: Moving 'C:/Users/annma/Documents/ManajSpyra02/ManajSpyra02/Saved/NewMapFFB43FDF474FD3409D4962981C197183.tmp' to 'C:/Users/annma/Documents/ManajSpyra02/ManajSpyra02/Content/Maps/NewMap.umap'
[2021.05.31-18.19.39:753][937]Cmd: OBJ SAVEPACKAGE PACKAGE="/Game/Maps/NewMap_BuiltData" FILE="C:/Users/annma/Documents/ManajSpyra02/ManajSpyra02/Content/Maps/NewMap_BuiltData.uasset" SILENT=true
[2021.05.31-18.19.39:773][937]LogSavePackage: Moving 'C:/Users/annma/Documents/ManajSpyra02/ManajSpyra02/Saved/NewMap_BuiltData02E20DE549056C5AF15945B5C9B90F35.tmp' to 'C:/Users/annma/Documents/ManajSpyra02/ManajSpyra02/Content/Maps/NewMap_BuiltData.uasset'
[2021.05.31-18.19.39:783][937]LogFileHelpers: Saving map 'NewMap' took 0.378
[2021.05.31-18.20.13:443][348]Cmd: OBJ SAVEPACKAGE PACKAGE="/Game/Maps/NewMap" FILE="C:/Users/annma/Documents/ManajSpyra02/ManajSpyra02/Content/Maps/NewMap.umap" SILENT=true AUTOSAVING=false KEEPDIRTY=false
[2021.05.31-18.20.13:488][348]LogSavePackage: Moving 'C:/Users/annma/Documents/ManajSpyra02/ManajSpyra02/Saved/NewMap2DCC35AD400E6ABE18CF7F9E82E2BEE3.tmp' to 'C:/Users/annma/Documents/ManajSpyra02/ManajSpyra02/Content/Maps/NewMap.umap'
[2021.05.31-18.20.13:504][348]Cmd: OBJ SAVEPACKAGE PACKAGE="/Game/Maps/NewMap_BuiltData" FILE="C:/Users/annma/Documents/ManajSpyra02/ManajSpyra02/Content/Maps/NewMap_BuiltData.uasset" SILENT=true
[2021.05.31-18.20.13:514][348]LogSavePackage: Moving 'C:/Users/annma/Documents/ManajSpyra02/ManajSpyra02/Saved/NewMap_BuiltData6EC411D847DFF6B7753D6A81B70487BE.tmp' to 'C:/Users/annma/Documents/ManajSpyra02/ManajSpyra02/Content/Maps/NewMap_BuiltData.uasset'
[2021.05.31-18.28.21:597][236]LogSlate: Window 'ManajSpyra02 - Unreal Editor' being destroyed
[2021.05.31-18.28.21:978][237]Cmd: QUIT_EDITOR
[2021.05.31-18.28.22:252][237]LogWindowsTextInputMethodSystem: Display: IME system now deactivated.
[2021.05.31-18.28.22:277][237]LogExit: Preparing to exit.
[2021.05.31-18.28.23:611][237]LogExit: Editor shut down
[2021.05.31-18.28.23:611][237]LogExit: Transaction tracking system shut down
[2021.05.31-18.28.25:150][237]LogExit: Object subsystem successfully closed.
[2021.05.31-18.28.25:325][237]LogShaderCompilers: Display: Shaders left to compile 0
[2021.05.31-18.28.25:345][237]LogD3D11RHI: Shutdown
[2021.05.31-18.28.25:345][237]LogD3D11RHI: CleanupD3DDevice
[2021.05.31-18.28.25:392][237]LogD3D11RHI: ~FD3D11DynamicRHI
[2021.05.31-18.28.26:158][237]LogModuleManager: Shutting down and abandoning module HierarchicalLODOutliner (612)
[2021.05.31-18.28.26:158][237]LogModuleManager: Shutting down and abandoning module SceneOutliner (610)
[2021.05.31-18.28.26:158][237]LogModuleManager: Shutting down and abandoning module AddContentDialog (608)
[2021.05.31-18.28.26:160][237]LogModuleManager: Shutting down and abandoning module WidgetCarousel (607)
[2021.05.31-18.28.26:160][237]LogModuleManager: Shutting down and abandoning module EditorWidgets (604)
[2021.05.31-18.28.26:160][237]LogModuleManager: Shutting down and abandoning module CollectionManager (602)
[2021.05.31-18.28.26:173][237]LogModuleManager: Shutting down and abandoning module HierarchicalLODUtilities (600)
[2021.05.31-18.28.26:178][237]LogModuleManager: Shutting down and abandoning module StatsViewer (598)
[2021.05.31-18.28.26:188][237]LogModuleManager: Shutting down and abandoning module FoliageEdit (596)
[2021.05.31-18.28.26:189][237]LogModuleManager: Shutting down and abandoning module LandscapeEditor (594)
[2021.05.31-18.28.26:215][237]LogModuleManager: Shutting down and abandoning module MeshPaintMode (592)
[2021.05.31-18.28.26:215][237]LogModuleManager: Shutting down and abandoning module SceneDepthPickerMode (590)
[2021.05.31-18.28.26:215][237]LogModuleManager: Shutting down and abandoning module ActorPickerMode (588)
[2021.05.31-18.28.26:215][237]LogModuleManager: Shutting down and abandoning module GeometryMode (586)
[2021.05.31-18.28.26:215][237]LogModuleManager: Shutting down and abandoning module TextureAlignMode (584)
[2021.05.31-18.28.26:215][237]LogModuleManager: Shutting down and abandoning module BspMode (582)
[2021.05.31-18.28.26:215][237]LogModuleManager: Shutting down and abandoning module PIEPreviewDeviceProfileSelector (580)
[2021.05.31-18.28.26:216][237]LogModuleManager: Shutting down and abandoning module SequenceRecorderSections (578)
[2021.05.31-18.28.26:228][237]LogModuleManager: Shutting down and abandoning module AutomationWorker (576)
[2021.05.31-18.28.26:228][237]LogModuleManager: Shutting down and abandoning module AudioCaptureEditor (574)
[2021.05.31-18.28.26:228][237]LogModuleManager: Shutting down and abandoning module SequenceRecorder (573)
[2021.05.31-18.28.26:228][237]LogModuleManager: Shutting down and abandoning module MatineeToLevelSequence (570)
[2021.05.31-18.28.26:241][237]LogModuleManager: Shutting down and abandoning module LevelSequenceEditor (568)
[2021.05.31-18.28.26:254][237]LogModuleManager: Shutting down and abandoning module PlacementMode (567)
[2021.05.31-18.28.26:254][237]LogModuleManager: Shutting down and abandoning module MaterialEditor (566)
[2021.05.31-18.28.26:283][237]LogModuleManager: Shutting down and abandoning module WmfMediaFactory (562)
[2021.05.31-18.28.26:283][237]LogModuleManager: Shutting down and abandoning module WmfMediaEditor (560)
[2021.05.31-18.28.26:283][237]LogModuleManager: Shutting down and abandoning module MediaPlayerEditor (558)
[2021.05.31-18.28.26:285][237]LogModuleManager: Shutting down and abandoning module OpenExrWrapper (556)
[2021.05.31-18.28.26:285][237]LogModuleManager: Shutting down and abandoning module ImgMediaFactory (554)
[2021.05.31-18.28.26:285][237]LogModuleManager: Shutting down and abandoning module ImgMediaEditor (552)
[2021.05.31-18.28.26:285][237]LogModuleManager: Shutting down and abandoning module AvfMediaFactory (550)
[2021.05.31-18.28.26:285][237]LogModuleManager: Shutting down and abandoning module AvfMediaEditor (548)
[2021.05.31-18.28.26:285][237]LogModuleManager: Shutting down and abandoning module AndroidMediaFactory (546)
[2021.05.31-18.28.26:285][237]LogModuleManager: Shutting down and abandoning module AndroidMediaEditor (544)
[2021.05.31-18.28.26:285][237]LogModuleManager: Shutting down and abandoning module MagicLeapCameraPreviewFactory (542)
[2021.05.31-18.28.26:285][237]LogModuleManager: Shutting down and abandoning module MagicLeapMediaFactory (540)
[2021.05.31-18.28.26:285][237]LogModuleManager: Shutting down and abandoning module MagicLeapMediaEditor (538)
[2021.05.31-18.28.26:285][237]LogModuleManager: Shutting down and abandoning module CharacterAI (536)
[2021.05.31-18.28.26:285][237]LogModuleManager: Shutting down and abandoning module SmartSnapping (534)
[2021.05.31-18.28.26:285][237]LogModuleManager: Shutting down and abandoning module SessionServices (532)
[2021.05.31-18.28.26:285][237]LogModuleManager: Shutting down and abandoning module ViewportSnapping (530)
[2021.05.31-18.28.26:285][237]LogModuleManager: Shutting down and abandoning module ViewportInteraction (528)
[2021.05.31-18.28.26:285][237]LogModuleManager: Shutting down and abandoning module ClothPainter (526)
[2021.05.31-18.28.26:301][237]LogModuleManager: Shutting down and abandoning module SkeletalMeshEditor (525)
[2021.05.31-18.28.26:309][237]LogModuleManager: Shutting down and abandoning module LogVisualizer (522)
[2021.05.31-18.28.26:317][237]LogModuleManager: Shutting down and abandoning module IntroTutorials (520)
[2021.05.31-18.28.26:326][237]LogModuleManager: Shutting down and abandoning module GameProjectGeneration (519)
[2021.05.31-18.28.26:336][237]LogModuleManager: Shutting down and abandoning module LuminPlatformEditor (516)
[2021.05.31-18.28.26:336][237]LogModuleManager: Shutting down and abandoning module IOSPlatformEditor (514)
[2021.05.31-18.28.26:342][237]LogModuleManager: Shutting down and abandoning module HTML5PlatformEditor (512)
[2021.05.31-18.28.26:342][237]LogModuleManager: Shutting down and abandoning module AndroidPlatformEditor (510)
[2021.05.31-18.28.26:342][237]LogModuleManager: Shutting down and abandoning module AndroidDeviceDetection (509)
[2021.05.31-18.28.26:714][237]LogModuleManager: Shutting down and abandoning module WindowsPlatformEditor (506)
[2021.05.31-18.28.26:714][237]LogModuleManager: Shutting down and abandoning module LuminRuntimeSettings (504)
[2021.05.31-18.28.26:714][237]LogModuleManager: Shutting down and abandoning module IOSRuntimeSettings (502)
[2021.05.31-18.28.26:714][237]LogModuleManager: Shutting down and abandoning module AndroidRuntimeSettings (500)
[2021.05.31-18.28.26:714][237]LogModuleManager: Shutting down and abandoning module InputBindingEditor (498)
[2021.05.31-18.28.26:773][237]LogModuleManager: Shutting down and abandoning module MergeActors (496)
[2021.05.31-18.28.26:882][237]LogModuleManager: Shutting down and abandoning module LocalizationDashboard (494)
[2021.05.31-18.28.26:887][237]LogModuleManager: Shutting down and abandoning module LocalizationService (493)
[2021.05.31-18.28.26:891][237]LogModuleManager: Shutting down and abandoning module HardwareTargeting (490)
[2021.05.31-18.28.26:891][237]LogModuleManager: Shutting down and abandoning module DeviceProfileEditor (488)
[2021.05.31-18.28.26:891][237]LogModuleManager: Shutting down and abandoning module UndoHistory (486)
[2021.05.31-18.28.26:903][237]LogModuleManager: Shutting down and abandoning module XmlParser (484)
[2021.05.31-18.28.26:903][237]LogModuleManager: Shutting down and abandoning module Blutility (482)
[2021.05.31-18.28.26:903][237]LogModuleManager: Shutting down and abandoning module ProjectSettingsViewer (480)
[2021.05.31-18.28.26:903][237]LogModuleManager: Shutting down and abandoning module ProjectTargetPlatformEditor (479)
[2021.05.31-18.28.26:903][237]LogModuleManager: Shutting down and abandoning module EditorSettingsViewer (476)
[2021.05.31-18.28.26:903][237]LogModuleManager: Shutting down and abandoning module SettingsEditor (474)
[2021.05.31-18.28.26:927][237]LogModuleManager: Shutting down and abandoning module ProjectLauncher (472)
[2021.05.31-18.28.26:939][237]LogModuleManager: Shutting down and abandoning module SessionFrontend (470)
[2021.05.31-18.28.26:940][237]LogModuleManager: Shutting down and abandoning module ProfilerClient (468)
[2021.05.31-18.28.26:949][237]LogModuleManager: Shutting down and abandoning module DeviceManager (466)
[2021.05.31-18.28.26:950][237]LogModuleManager: Shutting down and abandoning module TargetDeviceServices (465)
[2021.05.31-18.28.27:017][237]LogModuleManager: Shutting down and abandoning module AutomationController (462)
[2021.05.31-18.28.27:022][237]LogModuleManager: Shutting down and abandoning module AutomationWindow (460)
[2021.05.31-18.28.27:062][237]LogModuleManager: Shutting down and abandoning module Layers (458)
[2021.05.31-18.28.27:108][237]LogModuleManager: Shutting down and abandoning module ComponentVisualizers (456)
[2021.05.31-18.28.27:108][237]LogModuleManager: Shutting down and abandoning module DetailCustomizations (454)
[2021.05.31-18.28.27:120][237]LogModuleManager: Shutting down and abandoning module PackagesDialog (452)
[2021.05.31-18.28.27:120][237]LogModuleManager: Shutting down and abandoning module Persona (450)
[2021.05.31-18.28.27:143][237]LogModuleManager: Shutting down and abandoning module AdvancedPreviewScene (449)
[2021.05.31-18.28.27:143][237]LogModuleManager: Shutting down and abandoning module AnimGraph (447)
[2021.05.31-18.28.27:144][237]LogModuleManager: Shutting down and abandoning module Kismet (444)
[2021.05.31-18.28.27:169][237]LogModuleManager: Shutting down and abandoning module GraphEditor (442)
[2021.05.31-18.28.27:203][237]LogModuleManager: Shutting down and abandoning module ClassViewer (440)
[2021.05.31-18.28.27:203][237]LogModuleManager: Shutting down and abandoning module Toolbox (438)
[2021.05.31-18.28.27:203][237]LogModuleManager: Shutting down and abandoning module ModuleUI (436)
[2021.05.31-18.28.27:212][237]LogModuleManager: Shutting down and abandoning module MovieSceneTools (434)
[2021.05.31-18.28.27:213][237]LogModuleManager: Shutting down and abandoning module OutputLog (432)
[2021.05.31-18.28.27:213][237]LogModuleManager: Shutting down and abandoning module GammaUI (430)
[2021.05.31-18.28.27:229][237]LogModuleManager: Shutting down and abandoning module Documentation (428)
[2021.05.31-18.28.27:229][237]LogModuleManager: Shutting down and abandoning module MovieSceneTracks (426)
[2021.05.31-18.28.27:229][237]LogModuleManager: Shutting down and abandoning module MovieScene (424)
[2021.05.31-18.28.27:245][237]LogModuleManager: Shutting down and abandoning module StreamingPauseRendering (422)
[2021.05.31-18.28.27:245][237]LogModuleManager: Shutting down and abandoning module LauncherPlatform (420)
[2021.05.31-18.28.27:245][237]LogModuleManager: Shutting down and abandoning module AnalyticsET (418)
[2021.05.31-18.28.27:245][237]LogModuleManager: Shutting down and abandoning module PortalServices (416)
[2021.05.31-18.28.27:245][237]LogModuleManager: Shutting down and abandoning module PortalRpc (414)
[2021.05.31-18.28.27:245][237]LogModuleManager: Shutting down and abandoning module MessagingRpc (412)
[2021.05.31-18.28.27:245][237]LogModuleManager: Shutting down and abandoning module AIModule (410)
[2021.05.31-18.28.27:260][237]LogModuleManager: Shutting down and abandoning module GameplayDebugger (409)
[2021.05.31-18.28.27:261][237]LogModuleManager: Shutting down and abandoning module AITestSuite (407)
[2021.05.31-18.28.27:270][237]LogModuleManager: Shutting down and abandoning module NavigationSystem (405)
[2021.05.31-18.28.27:270][237]LogModuleManager: Shutting down and abandoning module DesktopPlatform (402)
[2021.05.31-18.28.27:270][237]LogModuleManager: Shutting down and abandoning module ProfilerService (400)
[2021.05.31-18.28.27:513][237]LogModuleManager: Shutting down and abandoning module TaskGraph (398)
[2021.05.31-18.28.27:517][237]LogModuleManager: Shutting down and abandoning module SteamVRController (396)
[2021.05.31-18.28.27:517][237]LogModuleManager: Shutting down and abandoning module ProceduralMeshComponentEditor (394)
[2021.05.31-18.28.27:517][237]LogModuleManager: Shutting down and abandoning module ProceduralMeshComponent (392)
[2021.05.31-18.28.27:532][237]LogModuleManager: Shutting down and abandoning module OculusInput (390)
[2021.05.31-18.28.27:532][237]LogModuleManager: Shutting down and abandoning module MobilePatchingUtils (388)
[2021.05.31-18.28.27:532][237]LogModuleManager: Shutting down and abandoning module EditableMesh (386)
[2021.05.31-18.28.27:545][237]LogModuleManager: Shutting down and abandoning module CustomMeshComponent (384)
[2021.05.31-18.28.27:545][237]LogModuleManager: Shutting down and abandoning module CableComponent (382)
[2021.05.31-18.28.27:545][237]LogModuleManager: Shutting down and abandoning module AudioCapture (380)
[2021.05.31-18.28.27:545][237]LogModuleManager: Shutting down and abandoning module ArchVisCharacter (378)
[2021.05.31-18.28.27:545][237]LogModuleManager: Shutting down and abandoning module AndroidPermission (376)
[2021.05.31-18.28.27:545][237]LogModuleManager: Shutting down and abandoning module NUTUnrealEngine4 (374)
[2021.05.31-18.28.27:545][237]LogModuleManager: Shutting down and abandoning module NetcodeUnitTest (372)
[2021.05.31-18.28.27:581][237]LogModuleManager: Shutting down and abandoning module MediaCompositingEditor (370)
[2021.05.31-18.28.27:581][237]LogModuleManager: Shutting down and abandoning module MediaCompositing (368)
[2021.05.31-18.28.27:581][237]LogModuleManager: Shutting down and abandoning module LinearTimecode (366)
[2021.05.31-18.28.27:581][237]LogModuleManager: Shutting down and abandoning module ImgMedia (364)
[2021.05.31-18.28.27:595][237]LogModuleManager: Shutting down and abandoning module HTML5Networking (362)
[2021.05.31-18.28.27:595][237]LogModuleManager: Shutting down and abandoning module GeometryCacheTracks (360)
[2021.05.31-18.28.27:595][237]LogModuleManager: Shutting down and abandoning module GeometryCacheSequencer (358)
[2021.05.31-18.28.27:595][237]LogModuleManager: Shutting down and abandoning module BackChannel (356)
[2021.05.31-18.28.27:607][237]LogModuleManager: Shutting down and abandoning module AppleVision (354)
[2021.05.31-18.28.27:607][237]LogModuleManager: Shutting down and abandoning module AppleImageUtils (352)
[2021.05.31-18.28.27:607][237]LogModuleManager: Shutting down and abandoning module AlembicImporter (350)
[2021.05.31-18.28.27:607][237]LogModuleManager: Shutting down and abandoning module AlembicLibrary (349)
[2021.05.31-18.28.27:607][237]LogModuleManager: Shutting down and abandoning module GeometryCache (348)
[2021.05.31-18.28.27:607][237]LogModuleManager: Shutting down and abandoning module GeometryCacheEd (347)
[2021.05.31-18.28.27:607][237]LogModuleManager: Shutting down and abandoning module DatasmithContentEditor (342)
[2021.05.31-18.28.27:613][237]LogModuleManager: Shutting down and abandoning module DatasmithContent (340)
[2021.05.31-18.28.27:613][237]LogModuleManager: Shutting down and abandoning module SpeedTreeImporter (338)
[2021.05.31-18.28.27:613][237]LogModuleManager: Shutting down and abandoning module PluginBrowser (336)
[2021.05.31-18.28.27:626][237]LogModuleManager: Shutting down and abandoning module MobileLauncherProfileWizard (334)
[2021.05.31-18.28.27:635][237]LogModuleManager: Shutting down and abandoning module PolygonModeling (332)
[2021.05.31-18.28.27:635][237]LogModuleManager: Shutting down and abandoning module MeshEditor (330)
[2021.05.31-18.28.27:638][237]LogModuleManager: Shutting down and abandoning module CryptoKeysOpenSSL (328)
[2021.05.31-18.28.27:644][237]LogModuleManager: Shutting down and abandoning module CryptoKeys (326)
[2021.05.31-18.28.27:644][237]LogModuleManager: Shutting down and abandoning module VisualStudioSourceCodeAccess (324)
[2021.05.31-18.28.27:644][237]LogModuleManager: Shutting down and abandoning module VisualStudioCodeSourceCodeAccess (322)
[2021.05.31-18.28.27:644][237]LogModuleManager: Shutting down and abandoning module UObjectPlugin (320)
[2021.05.31-18.28.27:644][237]LogModuleManager: Shutting down and abandoning module SubversionSourceControl (318)
[2021.05.31-18.28.27:651][237]LogModuleManager: Shutting down and abandoning module PerforceSourceControl (316)
[2021.05.31-18.28.27:676][237]LogModuleManager: Shutting down and abandoning module GitSourceControl (314)
[2021.05.31-18.28.27:685][237]LogModuleManager: Shutting down and abandoning module SourceControl (313)
[2021.05.31-18.28.27:699][237]LogModuleManager: Shutting down and abandoning module CLionSourceCodeAccess (310)
[2021.05.31-18.28.27:699][237]LogModuleManager: Shutting down and abandoning module LightPropagationVolumeEditor (308)
[2021.05.31-18.28.27:700][237]LogModuleManager: Shutting down and abandoning module PaperTiledImporter (306)
[2021.05.31-18.28.27:700][237]LogModuleManager: Shutting down and abandoning module PaperSpriteSheetImporter (304)
[2021.05.31-18.28.27:700][237]LogModuleManager: Shutting down and abandoning module Paper2DEditor (302)
[2021.05.31-18.28.27:720][237]LogModuleManager: Shutting down and abandoning module MeshPaint (301)
[2021.05.31-18.28.27:721][237]LogModuleManager: Shutting down and abandoning module RuntimePhysXCooking (298)
[2021.05.31-18.28.27:721][237]LogModuleManager: Shutting down and abandoning module PhysXVehiclesEditor (296)
[2021.05.31-18.28.27:721][237]LogModuleManager: Shutting down and abandoning module PhysXVehicles (294)
[2021.05.31-18.28.27:721][237]LogModuleManager: Shutting down and abandoning module OculusEditor (292)
[2021.05.31-18.28.27:731][237]LogModuleManager: Shutting down and abandoning module LocationServicesBPLibrary (290)
[2021.05.31-18.28.27:731][237]LogModuleManager: Shutting down and abandoning module ImmediatePhysicsEditor (288)
[2021.05.31-18.28.27:731][237]LogModuleManager: Shutting down and abandoning module ImmediatePhysics (286)
[2021.05.31-18.28.27:739][237]LogModuleManager: Shutting down and abandoning module ActorSequence (284)
[2021.05.31-18.28.27:739][237]LogModuleManager: Shutting down and abandoning module UdpMessaging (282)
[2021.05.31-18.28.27:840][237]LogModuleManager: Shutting down and abandoning module TcpMessaging (280)
[2021.05.31-18.28.27:952][237]LogModuleManager: Shutting down and abandoning module MagicLeapAudio (278)
[2021.05.31-18.28.27:952][237]LogModuleManager: Shutting down and abandoning module GameplayTagsEditor (276)
[2021.05.31-18.28.27:969][237]LogModuleManager: Shutting down and abandoning module FacialAnimationEditor (274)
[2021.05.31-18.28.27:969][237]LogModuleManager: Shutting down and abandoning module FacialAnimation (272)
[2021.05.31-18.28.27:969][237]LogModuleManager: Shutting down and abandoning module DataValidation (270)
[2021.05.31-18.28.27:969][237]LogModuleManager: Shutting down and abandoning module AssetManagerEditor (268)
[2021.05.31-18.28.27:983][237]LogModuleManager: Shutting down and abandoning module LevelEditor (267)
[2021.05.31-18.28.28:008][237]LogModuleManager: Shutting down and abandoning module PixelInspectorModule (266)
[2021.05.31-18.28.28:009][237]LogModuleManager: Shutting down and abandoning module CommonMenuExtensions (264)
[2021.05.31-18.28.28:009][237]LogModuleManager: Shutting down and abandoning module MainFrame (262)
[2021.05.31-18.28.28:015][237]LogModuleManager: Shutting down and abandoning module HotReload (261)
[2021.05.31-18.28.28:015][237]LogModuleManager: Shutting down and abandoning module ContentBrowser (257)
[2021.05.31-18.28.28:015][237]LogModuleManager: Shutting down and abandoning module TreeMap (255)
[2021.05.31-18.28.28:024][237]LogModuleManager: Shutting down and abandoning module LightPropagationVolumeRuntime (252)
[2021.05.31-18.28.28:024][237]LogModuleManager: Shutting down and abandoning module AISupportModule (250)
[2021.05.31-18.28.28:024][237]LogModuleManager: Shutting down and abandoning module Paper2D (248)
[2021.05.31-18.28.28:036][237]LogModuleManager: Shutting down and abandoning module WindowsMoviePlayer (246)
[2021.05.31-18.28.28:066][237]LogModuleManager: Shutting down and abandoning module WmfMedia (244)
[2021.05.31-18.28.28:081][237]LogModuleManager: Shutting down and abandoning module Media (243)
[2021.05.31-18.28.28:086][237]LogModuleManager: Shutting down and abandoning module PacketHandler (240)
[2021.05.31-18.28.28:086][237]LogModuleManager: Shutting down and abandoning module ClothingSystemEditor (238)
[2021.05.31-18.28.28:086][237]LogModuleManager: Shutting down and abandoning module ClothingSystemRuntime (236)
[2021.05.31-18.28.28:102][237]LogModuleManager: Shutting down and abandoning module MediaAssets (234)
[2021.05.31-18.28.28:102][237]LogModuleManager: Shutting down and abandoning module Overlay (232)
[2021.05.31-18.28.28:102][237]LogModuleManager: Shutting down and abandoning module OverlayEditor (231)
[2021.05.31-18.28.28:102][237]LogModuleManager: Shutting down and abandoning module VREditor (228)
[2021.05.31-18.28.28:105][237]LogModuleManager: Shutting down and abandoning module StringTableEditor (226)
[2021.05.31-18.28.28:106][237]LogModuleManager: Shutting down and abandoning module GameplayTasksEditor (224)
[2021.05.31-18.28.28:106][237]LogModuleManager: Shutting down and abandoning module BehaviorTreeEditor (222)
[2021.05.31-18.28.28:134][237]LogModuleManager: Shutting down and abandoning module FunctionalTesting (220)
[2021.05.31-18.28.28:149][237]LogModuleManager: Shutting down and abandoning module CollisionAnalyzer (218)
[2021.05.31-18.28.28:178][237]LogModuleManager: Shutting down and abandoning module WorkspaceMenuStructure (217)
[2021.05.31-18.28.28:178][237]LogModuleManager: Shutting down and abandoning module UMG (214)
[2021.05.31-18.28.28:186][237]LogModuleManager: Shutting down and abandoning module UMGEditor (213)
[2021.05.31-18.28.28:216][237]LogModuleManager: Shutting down and abandoning module Sequencer (212)
[2021.05.31-18.28.28:246][237]LogModuleManager: Shutting down and abandoning module MessageLog (209)
[2021.05.31-18.28.28:246][237]LogModuleManager: Shutting down and abandoning module SlateReflector (204)
[2021.05.31-18.28.28:274][237]LogModuleManager: Shutting down and abandoning module Slate (202)
[2021.05.31-18.28.28:274][237]LogModuleManager: Shutting down and abandoning module EditorStyle (200)
[2021.05.31-18.28.28:275][237]LogModuleManager: Shutting down and abandoning module MRMesh (198)
[2021.05.31-18.28.28:284][237]LogModuleManager: Shutting down and abandoning module SourceCodeAccess (196)
[2021.05.31-18.28.28:284][237]LogModuleManager: Shutting down and abandoning module HeadMountedDisplay (194)
[2021.05.31-18.28.28:284][237]LogModuleManager: Shutting down and abandoning module XAudio2 (192)
[2021.05.31-18.28.28:284][237]LogModuleManager: Shutting down and abandoning module Networking (190)
[2021.05.31-18.28.28:284][237]LogModuleManager: Shutting down and abandoning module Core (188)
[2021.05.31-18.28.28:284][237]LogModuleManager: Shutting down and abandoning module LevelSequence (186)
[2021.05.31-18.28.28:284][237]LogModuleManager: Shutting down and abandoning module KismetCompiler (184)
[2021.05.31-18.28.28:284][237]LogModuleManager: Shutting down and abandoning module MeshUtilities (182)
[2021.05.31-18.28.28:298][237]LogModuleManager: Shutting down and abandoning module MeshMergeUtilities (181)
[2021.05.31-18.28.28:307][237]LogModuleManager: Shutting down and abandoning module MeshReductionInterface (180)
[2021.05.31-18.28.28:308][237]LogModuleManager: Shutting down and abandoning module SimplygonSwarm (179)
[2021.05.31-18.28.28:315][237]LogModuleManager: Shutting down and abandoning module ProxyLODMeshReduction (177)
[2021.05.31-18.28.28:332][237]LogModuleManager: Shutting down and abandoning module SimplygonMeshReduction (175)
[2021.05.31-18.28.28:332][237]LogModuleManager: Shutting down and abandoning module QuadricMeshReduction (173)
[2021.05.31-18.28.28:333][237]LogModuleManager: Shutting down and abandoning module MaterialBaking (169)
[2021.05.31-18.28.28:348][237]LogModuleManager: Shutting down and abandoning module DirectoryWatcher (165)
[2021.05.31-18.28.28:348][237]LogModuleManager: Shutting down and abandoning module DerivedDataCache (162)
[2021.05.31-18.28.28:437][237]LogDerivedDataCache: Shutdown
[2021.05.31-18.28.28:437][237]LogModuleManager: Shutting down and abandoning module XGEController (160)
[2021.05.31-18.28.28:437][237]LogXGEController: Cleaning working directory: C:/Users/annma/AppData/Local/Temp/UnrealXGEWorkingDir/
[2021.05.31-18.28.28:442][237]LogModuleManager: Shutting down and abandoning module TargetPlatform (158)
[2021.05.31-18.28.28:442][237]LogModuleManager: Shutting down and abandoning module VulkanShaderFormat (157)
[2021.05.31-18.28.28:448][237]LogModuleManager: Shutting down and abandoning module ShaderFormatVectorVM (155)
[2021.05.31-18.28.28:453][237]LogModuleManager: Shutting down and abandoning module ShaderFormatOpenGL (153)
[2021.05.31-18.28.28:456][237]LogModuleManager: Shutting down and abandoning module ShaderFormatD3D (151)
[2021.05.31-18.28.28:456][237]LogModuleManager: Shutting down and abandoning module MetalShaderFormat (149)
[2021.05.31-18.28.28:471][237]LogModuleManager: Shutting down and abandoning module TextureFormatUncompressed (147)
[2021.05.31-18.28.28:471][237]LogModuleManager: Shutting down and abandoning module TextureFormatPVR (145)
[2021.05.31-18.28.28:471][237]LogModuleManager: Shutting down and abandoning module TextureFormatDXT (143)
[2021.05.31-18.28.28:483][237]LogModuleManager: Shutting down and abandoning module TextureFormatIntelISPCTexComp (141)
[2021.05.31-18.28.28:491][237]LogModuleManager: Shutting down and abandoning module TextureFormatASTC (139)
[2021.05.31-18.28.28:491][237]LogModuleManager: Shutting down and abandoning module ImageWrapper (138)
[2021.05.31-18.28.28:491][237]LogModuleManager: Shutting down and abandoning module TextureFormatAndroid (135)
[2021.05.31-18.28.28:491][237]LogModuleManager: Shutting down and abandoning module AudioFormatOpus (133)
[2021.05.31-18.28.28:491][237]LogModuleManager: Shutting down and abandoning module AudioFormatOgg (131)
[2021.05.31-18.28.28:491][237]LogModuleManager: Shutting down and abandoning module AudioFormatADPCM (129)
[2021.05.31-18.28.28:491][237]LogModuleManager: Shutting down and abandoning module LuminTargetPlatform (127)
[2021.05.31-18.28.28:491][237]LogModuleManager: Shutting down and abandoning module LinuxTargetPlatform (125)
[2021.05.31-18.28.28:491][237]LogModuleManager: Shutting down and abandoning module LinuxServerTargetPlatform (123)
[2021.05.31-18.28.28:491][237]LogModuleManager: Shutting down and abandoning module LinuxNoEditorTargetPlatform (121)
[2021.05.31-18.28.28:501][237]LogModuleManager: Shutting down and abandoning module LinuxClientTargetPlatform (119)
[2021.05.31-18.28.28:508][237]LogModuleManager: Shutting down and abandoning module TVOSTargetPlatform (117)
[2021.05.31-18.28.28:508][237]LogModuleManager: Shutting down and abandoning module Messaging (115)
[2021.05.31-18.28.28:508][237]LogModuleManager: Shutting down and abandoning module IOSTargetPlatform (113)
[2021.05.31-18.28.28:509][237]LogModuleManager: Shutting down and abandoning module HTML5TargetPlatform (111)
[2021.05.31-18.28.28:509][237]LogModuleManager: Shutting down and abandoning module AndroidTargetPlatform (109)
[2021.05.31-18.28.28:529][237]LogModuleManager: Shutting down and abandoning module WindowsTargetPlatform (107)
[2021.05.31-18.28.28:529][237]LogModuleManager: Shutting down and abandoning module WindowsServerTargetPlatform (105)
[2021.05.31-18.28.28:529][237]LogModuleManager: Shutting down and abandoning module WindowsNoEditorTargetPlatform (103)
[2021.05.31-18.28.28:529][237]LogModuleManager: Shutting down and abandoning module WindowsClientTargetPlatform (101)
[2021.05.31-18.28.28:529][237]LogModuleManager: Shutting down and abandoning module MacTargetPlatform (99)
[2021.05.31-18.28.28:529][237]LogModuleManager: Shutting down and abandoning module MacServerTargetPlatform (97)
[2021.05.31-18.28.28:529][237]LogModuleManager: Shutting down and abandoning module MacNoEditorTargetPlatform (95)
[2021.05.31-18.28.28:529][237]LogModuleManager: Shutting down and abandoning module MacClientTargetPlatform (93)
[2021.05.31-18.28.28:529][237]LogModuleManager: Shutting down and abandoning module AllDesktopTargetPlatform (91)
[2021.05.31-18.28.28:529][237]LogModuleManager: Shutting down and abandoning module InputCore (88)
[2021.05.31-18.28.28:529][237]LogModuleManager: Shutting down and abandoning module Settings (86)
[2021.05.31-18.28.28:529][237]LogModuleManager: Shutting down and abandoning module PhysXCooking (84)
[2021.05.31-18.28.28:529][237]LogModuleManager: Shutting down and abandoning module SteamVR (82)
[2021.05.31-18.28.28:529][237]LogModuleManager: Shutting down and abandoning module OculusHMD (80)
[2021.05.31-18.28.28:531][237]LogModuleManager: Shutting down and abandoning module ExampleDeviceProfileSelector (78)
[2021.05.31-18.28.28:531][237]LogModuleManager: Shutting down and abandoning module LauncherChunkInstaller (76)
[2021.05.31-18.28.28:531][237]LogModuleManager: Shutting down and abandoning module OnlineBlueprintSupport (74)
[2021.05.31-18.28.28:531][237]LogModuleManager: Shutting down and abandoning module OnlineSubsystem (70)
[2021.05.31-18.28.28:578][237]LogModuleManager: Shutting down and abandoning module XMPP (65)
[2021.05.31-18.28.28:603][237]LogModuleManager: Shutting down and abandoning module WebSockets (64)
[2021.05.31-18.28.28:636][237]LogModuleManager: Shutting down and abandoning module HTTP (61)
[2021.05.31-18.28.28:638][237]LogHttp: Display: Http module shutting down, but needs to wait on 1 outstanding Http requests:
[2021.05.31-18.28.28:638][237]LogHttp: Display: 	verb=[POST] url=[https://datarouter.ol.epicgames.com/datarouter/api/v1/public/data?SessionID=%7B40CAA860-45F9-8F35-F63E-E08CBA8C5668%7D&AppID=UEEditor.Rocket.Release&AppVersion=4.20.3-4369336%2B%2B%2BUE4%2BRelease-4.20&UserID=68099aec49548b89be71e1b4f60c3ed9%7C39c811b088e74dd88e8e538bd2515ec3%7C95eab176-4307-4762-b848-845e616ea342&AppEnvironment=datacollector-binary&UploadType=eteventstream] status=Processing
[2021.05.31-18.28.28:657][237]LogModuleManager: Shutting down and abandoning module SSL (60)
[2021.05.31-18.28.28:664][237]LogModuleManager: Shutting down and abandoning module MagicLeapEmulator (56)
[2021.05.31-18.28.28:664][237]LogModuleManager: Shutting down and abandoning module MagicLeapPrivileges (54)
[2021.05.31-18.28.28:664][237]LogModuleManager: Shutting down and abandoning module MagicLeapIdentity (52)
[2021.05.31-18.28.28:664][237]LogModuleManager: Shutting down and abandoning module MagicLeapHelperVulkan (50)
[2021.05.31-18.28.28:664][237]LogModuleManager: Shutting down and abandoning module MagicLeapHelperOpenGL (48)
[2021.05.31-18.28.28:664][237]LogModuleManager: Shutting down and abandoning module MagicLeapSecureStorage (46)
[2021.05.31-18.28.28:664][237]LogModuleManager: Shutting down and abandoning module MagicLeapGestures (44)
[2021.05.31-18.28.28:664][237]LogModuleManager: Shutting down and abandoning module MagicLeapEyeTracker (42)
[2021.05.31-18.28.28:664][237]LogModuleManager: Shutting down and abandoning module MagicLeapController (40)
[2021.05.31-18.28.28:664][237]LogSlate: Slate User Destroyed.  User Index 0, Is Virtual User: 0
[2021.05.31-18.28.28:664][237]LogModuleManager: Shutting down and abandoning module MagicLeap (38)
[2021.05.31-18.28.28:665][237]LogModuleManager: Shutting down and abandoning module AnimationModifiers (36)
[2021.05.31-18.28.28:673][237]LogModuleManager: Shutting down and abandoning module PropertyEditor (35)
[2021.05.31-18.28.28:673][237]LogModuleManager: Shutting down and abandoning module AudioEditor (32)
[2021.05.31-18.28.28:687][237]LogModuleManager: Shutting down and abandoning module TextureCompressor (30)
[2021.05.31-18.28.28:691][237]LogModuleManager: Shutting down and abandoning module ShaderCore (28)
[2021.05.31-18.28.28:691][237]LogModuleManager: Shutting down and abandoning module Landscape (26)
[2021.05.31-18.28.28:691][237]LogModuleManager: Shutting down and abandoning module SlateRHIRenderer (24)
[2021.05.31-18.28.28:698][237]LogModuleManager: Shutting down and abandoning module OpenGLDrv (22)
[2021.05.31-18.28.28:707][237]LogModuleManager: Shutting down and abandoning module D3D11RHI (20)
[2021.05.31-18.28.28:707][237]LogModuleManager: Shutting down and abandoning module AnimGraphRuntime (18)
[2021.05.31-18.28.28:720][237]LogModuleManager: Shutting down and abandoning module Renderer (16)
[2021.05.31-18.28.28:720][237]LogModuleManager: Shutting down and abandoning module Engine (14)
[2021.05.31-18.28.28:720][237]LogModuleManager: Shutting down and abandoning module CoreUObject (12)
[2021.05.31-18.28.28:720][237]LogModuleManager: Shutting down and abandoning module NetworkFile (10)
[2021.05.31-18.28.28:727][237]LogModuleManager: Shutting down and abandoning module CookedIterativeFile (8)
[2021.05.31-18.28.28:727][237]LogModuleManager: Shutting down and abandoning module StreamingFile (6)
[2021.05.31-18.28.28:727][237]LogModuleManager: Shutting down and abandoning module SandboxFile (4)
[2021.05.31-18.28.28:727][237]LogModuleManager: Shutting down and abandoning module PakFile (2)
[2021.05.31-18.28.28:747][237]LogExit: Exiting.
[2021.05.31-18.28.28:760][237]Log file closed, 05/31/21 20:28:28
