Log file open, 05/31/21 20:22:21
LogWindows: Failed to load 'aqProf.dll' (GetLastError=126)
LogWindows: File 'aqProf.dll' does not exist
LogWindows: Failed to load 'VSPerf140.dll' (GetLastError=126)
LogWindows: File 'VSPerf140.dll' does not exist
LogWindows: Failed to load 'VtuneApi.dll' (GetLastError=126)
LogWindows: File 'VtuneApi.dll' does not exist
LogWindows: Failed to load 'VtuneApi32e.dll' (GetLastError=126)
LogWindows: File 'VtuneApi32e.dll' does not exist
LogInit: Display: Running engine for game: ManajSpyra02
LogPlatformFile: Not using cached read wrapper
LogTaskGraph: Started task graph with 5 named threads and 23 total threads with 3 sets of task threads.
LogStats: Stats thread started at 2.090954
LogD3D11RHI: Loaded GFSDK_Aftermath_Lib.x64.dll
LogICUInternationalization: Display: ICU TimeZone Detection - Raw Offset: +1:00, Platform Override: ''
LogPluginManager: Mounting plugin Paper2D
LogPluginManager: Mounting plugin AISupport
LogPluginManager: Mounting plugin LightPropagationVolume
LogPluginManager: Mounting plugin CLionSourceCodeAccess
LogPluginManager: Mounting plugin CodeLiteSourceCodeAccess
LogPluginManager: Mounting plugin GitSourceControl
LogPluginManager: Mounting plugin KDevelopSourceCodeAccess
LogPluginManager: Mounting plugin NullSourceCodeAccess
LogPluginManager: Mounting plugin PerforceSourceControl
LogPluginManager: Mounting plugin SubversionSourceControl
LogPluginManager: Mounting plugin UObjectPlugin
LogPluginManager: Mounting plugin VisualStudioCodeSourceCodeAccess
LogPluginManager: Mounting plugin VisualStudioSourceCodeAccess
LogPluginManager: Mounting plugin XCodeSourceCodeAccess
LogPluginManager: Mounting plugin AssetManagerEditor
LogPluginManager: Mounting plugin CryptoKeys
LogPluginManager: Mounting plugin DataValidation
LogPluginManager: Mounting plugin EditorScriptingUtilities
LogPluginManager: Mounting plugin FacialAnimation
LogPluginManager: Mounting plugin GameplayTagsEditor
LogPluginManager: Mounting plugin MacGraphicsSwitching
LogPluginManager: Mounting plugin MeshEditor
LogPluginManager: Mounting plugin MobileLauncherProfileWizard
LogPluginManager: Mounting plugin PluginBrowser
LogPluginManager: Mounting plugin SpeedTreeImporter
LogPluginManager: Mounting plugin DatasmithContent
LogPluginManager: Mounting plugin AlembicImporter
LogPluginManager: Mounting plugin AppleImageUtils
LogPluginManager: Mounting plugin AppleVision
LogPluginManager: Mounting plugin BackChannel
LogPluginManager: Mounting plugin CharacterAI
LogPluginManager: Mounting plugin GeometryCache
LogPluginManager: Mounting plugin HTML5Networking
LogPluginManager: Mounting plugin ProxyLODPlugin
LogPluginManager: Mounting plugin MagicLeap
LogPluginManager: Mounting plugin MagicLeapEmulator
LogPluginManager: Mounting plugin MagicLeapMedia
LogPluginManager: Mounting plugin AndroidMedia
LogPluginManager: Mounting plugin AvfMedia
LogPluginManager: Mounting plugin ImgMedia
LogPluginManager: Mounting plugin LinearTimecode
LogPluginManager: Mounting plugin MediaCompositing
LogPluginManager: Mounting plugin MediaPlayerEditor
LogPluginManager: Mounting plugin WmfMedia
LogPluginManager: Mounting plugin TcpMessaging
LogPluginManager: Mounting plugin UdpMessaging
LogPluginManager: Mounting plugin ActorSequence
LogPluginManager: Mounting plugin LevelSequenceEditor
LogPluginManager: Mounting plugin MatineeToLevelSequence
LogPluginManager: Mounting plugin NetcodeUnitTest
LogPluginManager: Mounting plugin NUTUnrealEngine4
LogPluginManager: Mounting plugin OnlineSubsystemGooglePlay
LogPluginManager: Mounting plugin OnlineSubsystemIOS
LogPluginManager: Mounting plugin OnlineSubsystem
LogPluginManager: Mounting plugin OnlineSubsystemNull
LogPluginManager: Mounting plugin OnlineSubsystemUtils
LogPluginManager: Mounting plugin LauncherChunkInstaller
LogPluginManager: Mounting plugin AndroidDeviceProfileSelector
LogPluginManager: Mounting plugin AndroidMoviePlayer
LogPluginManager: Mounting plugin AndroidPermission
LogPluginManager: Mounting plugin AppleMoviePlayer
LogPluginManager: Mounting plugin ArchVisCharacter
LogPluginManager: Mounting plugin AudioCapture
LogPluginManager: Mounting plugin CableComponent
LogPluginManager: Mounting plugin CustomMeshComponent
LogPluginManager: Mounting plugin EditableMesh
LogPluginManager: Mounting plugin ExampleDeviceProfileSelector
LogPluginManager: Mounting plugin GoogleCloudMessaging
LogPluginManager: Mounting plugin ImmediatePhysics
LogPluginManager: Mounting plugin IOSDeviceProfileSelector
LogPluginManager: Mounting plugin LinuxDeviceProfileSelector
LogPluginManager: Mounting plugin LocationServicesBPLibrary
LogPluginManager: Mounting plugin MobilePatchingUtils
LogPluginManager: Mounting plugin OculusVR
LogPluginManager: Plugin shader directory ../../../Engine/Plugins/Runtime/Oculus/OculusVR/Shaders found
LogPluginManager: Mapping shader source directory ../../../Engine/Plugins/Runtime/Oculus/OculusVR/Shaders to virtual directory /Plugin/OculusVR
LogPluginManager: Mounting plugin PhysXVehicles
LogPluginManager: Mounting plugin ProceduralMeshComponent
LogPluginManager: Mounting plugin RuntimePhysXCooking
LogPluginManager: Mounting plugin SteamVR
LogPluginManager: Mounting plugin WindowsMoviePlayer
LogPluginManager: Mounting plugin DatasmithCADImporter
LogPluginManager: Mounting plugin DatasmithFBXImporter
LogPluginManager: Mounting plugin DatasmithImporter
LogPluginManager: Mounting plugin DatasmithMDLImporter
LogPluginManager: Mounting plugin StaticMeshEditorExtension
LogStreaming: Display: Took  0.159s to configure plugins.
LogInit: Using libcurl 7.55.1-DEV
LogInit:  - built for x86_64-pc-win32
LogInit:  - supports SSL with OpenSSL/1.0.2h
LogInit:  - supports HTTP deflate (compression) using libz 1.2.8
LogInit:  - other features:
LogInit:      CURL_VERSION_SSL
LogInit:      CURL_VERSION_LIBZ
LogInit:      CURL_VERSION_IPV6
LogInit:      CURL_VERSION_ASYNCHDNS
LogInit:      CURL_VERSION_LARGEFILE
LogInit:      CURL_VERSION_IDN
LogInit:  CurlRequestOptions (configurable via config and command line):
LogInit:  - bVerifyPeer = false  - Libcurl will NOT verify peer certificate
LogInit:  - bUseHttpProxy = false  - Libcurl will NOT use HTTP proxy
LogInit:  - bDontReuseConnections = false  - Libcurl will reuse connections
LogInit:  - CertBundlePath = nullptr  - Libcurl will use whatever was configured at build time.
LogInit:  - MaxHostConnections = 16  - Libcurl will limit the number of connections to a host
LogInit:  - LocalHostAddr = Default
LogInit:  - BufferSize = 65536
LogInit: WinSock: version 1.1 (2.2), MaxSocks=32767, MaxUdp=65467
LogInit: Build: ++UE4+Release-4.20-CL-4369336
LogInit: Engine Version: 4.20.3-4369336+++UE4+Release-4.20
LogInit: Compatible Engine Version: 4.20.0-4212847+++UE4+Release-4.20
LogInit: Net CL: 4212847
LogInit: OS: Windows 10 (), CPU: Intel(R) Core(TM) i7-7700HQ CPU @ 2.80GHz, GPU: Intel(R) HD Graphics 630
LogInit: Compiled (64-bit): Sep 17 2018 12:26:19
LogInit: Compiled with Visual C++: 19.13.26129.00
LogInit: Build Configuration: Development
LogInit: Branch Name: ++UE4+Release-4.20
LogInit: Command Line:  
LogInit: Base Directory: E:/UE_4.20/Engine/Binaries/Win64/
LogInit: Installed Engine Build: 1
LogDevObjectVersion: Number of dev versions registered: 20
LogDevObjectVersion:   Dev-Blueprints (B0D832E4-1F89-4F0D-ACCF-7EB736FD4AA2): 10
LogDevObjectVersion:   Dev-Build (E1C64328-A22C-4D53-A36C-8E866417BD8C): 0
LogDevObjectVersion:   Dev-Core (375EC13C-06E4-48FB-B500-84F0262A717E): 2
LogDevObjectVersion:   Dev-Editor (E4B068ED-F494-42E9-A231-DA0B2E46BB41): 24
LogDevObjectVersion:   Dev-Framework (CFFC743F-43B0-4480-9391-14DF171D2073): 34
LogDevObjectVersion:   Dev-Mobile (B02B49B5-BB20-44E9-A304-32B752E40360): 2
LogDevObjectVersion:   Dev-Networking (A4E4105C-59A1-49B5-A7C5-40C4547EDFEE): 0
LogDevObjectVersion:   Dev-Online (39C831C9-5AE6-47DC-9A44-9C173E1C8E7C): 0
LogDevObjectVersion:   Dev-Physics (78F01B33-EBEA-4F98-B9B4-84EACCB95AA2): 0
LogDevObjectVersion:   Dev-Platform (6631380F-2D4D-43E0-8009-CF276956A95A): 0
LogDevObjectVersion:   Dev-Rendering (12F88B9F-8875-4AFC-A67C-D90C383ABD29): 26
LogDevObjectVersion:   Dev-Sequencer (7B5AE74C-D270-4C10-A958-57980B212A5A): 9
LogDevObjectVersion:   Dev-VR (D7296918-1DD6-4BDD-9DE2-64A83CC13884): 2
LogDevObjectVersion:   Dev-LoadTimes (C2A15278-BFE7-4AFE-6C17-90FF531DF755): 1
LogDevObjectVersion:   Private-Geometry (6EACA3D4-40EC-4CC1-B786-8BED09428FC5): 3
LogDevObjectVersion:   Dev-AnimPhys (29E575DD-E0A3-4627-9D10-D276232CDCEA): 17
LogDevObjectVersion:   Dev-ReflectionCapture (6B266CEC-1EC7-4B8F-A30B-E4D90942FC07): 1
LogDevObjectVersion:   Dev-Automation (0DF73D61-A23F-47EA-B727-89E90C41499A): 1
LogDevObjectVersion:   FortniteMain (601D1886-AC64-4F84-AA16-D3DE0DEAC7D6): 12
LogDevObjectVersion:   Dev-Enterprise (9DFFBCD6-494F-0158-E221-12823C92A888): 1
LogStreaming: Display: Took  0.001s to delete old logs.
LogInit: Presizing for max 8388607 objects, including 0 objects not considered by GC, pre-allocating 0 bytes for permanent pool.
LogInit: Object subsystem initialized
[2021.05.31-18.22.22:128][  0]LogInit: Selected Device Profile: [Windows]
[2021.05.31-18.22.22:128][  0]LogInit: Applying CVar settings loaded from the selected device profile: [Windows]
[2021.05.31-18.22.22:144][  0]LogHAL: Display: Platform has ~ 8 GB [8506691584 / 8589934592 / 8], which maps to Default [LargestMinGB=32, LargerMinGB=12, DefaultMinGB=8, SmallerMinGB=6, SmallestMinGB=0)
[2021.05.31-18.22.22:144][  0]LogInit: Setting Device Profile CVar: [[r.Vulkan.UseRealUBs:1]]
[2021.05.31-18.22.22:144][  0]LogInit: Going up to parent DeviceProfile []
[2021.05.31-18.22.22:144][  0]LogInit: Computer: DESKTOP-7UICAC2
[2021.05.31-18.22.22:144][  0]LogInit: User: Natalia
[2021.05.31-18.22.22:144][  0]LogInit: CPU Page size=4096, Cores=4
[2021.05.31-18.22.22:144][  0]LogInit: High frequency timer resolution =10.000000 MHz
[2021.05.31-18.22.22:145][  0]LogMemory: Memory total: Physical=7.9GB (8GB approx)
[2021.05.31-18.22.22:145][  0]LogMemory: Platform Memory Stats for Windows
[2021.05.31-18.22.22:145][  0]LogMemory: Process Physical Memory: 104.36 MB used, 104.36 MB peak
[2021.05.31-18.22.22:145][  0]LogMemory: Process Virtual Memory: 94.34 MB used, 94.34 MB peak
[2021.05.31-18.22.22:145][  0]LogMemory: Physical Memory: 6073.66 MB used,  2038.95 MB free, 8112.61 MB total
[2021.05.31-18.22.22:145][  0]LogMemory: Virtual Memory: 4626.34 MB used,  2038.95 MB free, 134217728.00 MB total
[2021.05.31-18.22.22:346][  0]LogInit: Using OS detected language (pl-PL).
[2021.05.31-18.22.22:346][  0]LogInit: Using OS detected locale (pl-PL).
[2021.05.31-18.22.22:347][  0]LogTextLocalizationManager: No specific localization for 'pl-PL' exists, so the 'pl' localization will be used.
[2021.05.31-18.22.22:349][  0]LogStreaming: Display: Took  0.003s to InitEngineTextLocalization.
[2021.05.31-18.22.22:361][  0]LogInit: Setting process to per monitor DPI aware
[2021.05.31-18.22.22:409][  0]LogSlate: New Slate User Created.  User Index 0, Is Virtual User: 0
[2021.05.31-18.22.22:409][  0]LogSlate: Slate User Registered.  User Index 0, Is Virtual User: 0
[2021.05.31-18.22.22:742][  0]LogHMD: Failed to initialize OpenVR with code 110
[2021.05.31-18.22.22:742][  0]LogD3D11RHI: D3D11 adapters:
[2021.05.31-18.22.22:912][  0]LogD3D11RHI:    0. 'NVIDIA GeForce GTX 1050' (Feature Level 11_0)
[2021.05.31-18.22.22:912][  0]LogD3D11RHI:       1979/0/4056 MB DedicatedVideo/DedicatedSystem/SharedSystem, Outputs:1, VendorId:0x10de
[2021.05.31-18.22.22:939][  0]LogD3D11RHI:    1. 'Intel(R) HD Graphics 630' (Feature Level 11_0)
[2021.05.31-18.22.22:939][  0]LogD3D11RHI:       128/0/4056 MB DedicatedVideo/DedicatedSystem/SharedSystem, Outputs:0, VendorId:0x8086
[2021.05.31-18.22.22:942][  0]LogD3D11RHI:    2. 'Microsoft Basic Render Driver' (Feature Level 11_0)
[2021.05.31-18.22.22:942][  0]LogD3D11RHI:       0/0/4056 MB DedicatedVideo/DedicatedSystem/SharedSystem, Outputs:0, VendorId:0x1414
[2021.05.31-18.22.22:942][  0]LogD3D11RHI: Chosen D3D11 Adapter: 0
[2021.05.31-18.22.22:950][  0]LogD3D11RHI: Creating new Direct3DDevice
[2021.05.31-18.22.22:951][  0]LogD3D11RHI:     GPU DeviceId: 0x1c8d (for the marketing name, search the web for "GPU Device Id")
[2021.05.31-18.22.22:951][  0]LogWindows: EnumDisplayDevices:
[2021.05.31-18.22.22:951][  0]LogWindows:    0. 'Intel(R) HD Graphics 630' (P:1 D:1)
[2021.05.31-18.22.22:951][  0]LogWindows:    1. 'Intel(R) HD Graphics 630' (P:0 D:0)
[2021.05.31-18.22.22:952][  0]LogWindows:    2. 'Intel(R) HD Graphics 630' (P:0 D:0)
[2021.05.31-18.22.22:952][  0]LogWindows: DebugString: PrimaryIsNotTheChoosenAdapter PrimaryIsNotTheChoosenAdapter PrimaryIsNotTheChoosenAdapter FoundDriverCount:0 
[2021.05.31-18.22.22:952][  0]LogD3D11RHI:     Adapter Name: NVIDIA GeForce GTX 1050
[2021.05.31-18.22.22:952][  0]LogD3D11RHI:   Driver Version: Unknown (internal:Unknown, unified:Unknown)
[2021.05.31-18.22.22:952][  0]LogD3D11RHI:      Driver Date: Unknown
[2021.05.31-18.22.22:952][  0]LogRHI: Texture pool is 1385 MB (70% of 1979 MB)
[2021.05.31-18.22.23:053][  0]LogD3D11RHI: Async texture creation enabled
[2021.05.31-18.22.23:079][  0]LogD3D11RHI: GPU Timing Frequency: 1000.000000 (Debug: 2 1)
[2021.05.31-18.22.23:081][  0]LogShaderCompilers: Guid format shader working directory is -4 characters bigger than the processId version (C:/Users/Natalia/Documents/ManajSpyra02/ManajSpyra02/Intermediate/Shaders/WorkingDirectory/1812/).
[2021.05.31-18.22.23:081][  0]LogShaderCompilers: Cleaned the shader compiler working directory 'C:/Users/Natalia/AppData/Local/Temp/UnrealShaderWorkingDir/ABED9C3E48D1D086E798F8926C07959E/'.
[2021.05.31-18.22.23:498][  0]LogTemp: Display: Loaded TP AllDesktopTargetPlatform
[2021.05.31-18.22.23:515][  0]LogTemp: Display: Loaded TP MacClientTargetPlatform
[2021.05.31-18.22.23:549][  0]LogTemp: Display: Loaded TP MacNoEditorTargetPlatform
[2021.05.31-18.22.23:565][  0]LogTemp: Display: Loaded TP MacServerTargetPlatform
[2021.05.31-18.22.23:589][  0]LogTemp: Display: Loaded TP MacTargetPlatform
[2021.05.31-18.22.23:613][  0]LogTemp: Display: Loaded TP WindowsClientTargetPlatform
[2021.05.31-18.22.23:631][  0]LogTemp: Display: Loaded TP WindowsNoEditorTargetPlatform
[2021.05.31-18.22.23:648][  0]LogTemp: Display: Loaded TP WindowsServerTargetPlatform
[2021.05.31-18.22.23:657][  0]LogTemp: Display: Loaded TP WindowsTargetPlatform
[2021.05.31-18.22.23:770][  0]LogTemp: Display: Loaded TP AndroidTargetPlatform
[2021.05.31-18.22.23:771][  0]LogTemp: Display: Loaded TP AndroidTargetPlatform
[2021.05.31-18.22.23:771][  0]LogTemp: Display: Loaded TP AndroidTargetPlatform
[2021.05.31-18.22.23:771][  0]LogTemp: Display: Loaded TP AndroidTargetPlatform
[2021.05.31-18.22.23:771][  0]LogTemp: Display: Loaded TP AndroidTargetPlatform
[2021.05.31-18.22.23:771][  0]LogTemp: Display: Loaded TP AndroidTargetPlatform
[2021.05.31-18.22.23:771][  0]LogTemp: Display: Loaded TP AndroidTargetPlatform
[2021.05.31-18.22.23:771][  0]LogTemp: Display: Loaded TP AndroidTargetPlatform
[2021.05.31-18.22.23:771][  0]LogTemp: Display: Loaded TP AndroidTargetPlatform
[2021.05.31-18.22.23:771][  0]LogTemp: Display: Loaded TP AndroidTargetPlatform
[2021.05.31-18.22.23:771][  0]LogTemp: Display: Loaded TP AndroidTargetPlatform
[2021.05.31-18.22.23:771][  0]LogTemp: Display: Loaded TP AndroidTargetPlatform
[2021.05.31-18.22.23:771][  0]LogTemp: Display: Loaded TP AndroidTargetPlatform
[2021.05.31-18.22.23:771][  0]LogTemp: Display: Loaded TP AndroidTargetPlatform
[2021.05.31-18.22.23:771][  0]LogTemp: Display: Loaded TP AndroidTargetPlatform
[2021.05.31-18.22.23:771][  0]LogTemp: Display: Loaded TP AndroidTargetPlatform
[2021.05.31-18.22.23:771][  0]LogTemp: Display: Loaded TP AndroidTargetPlatform
[2021.05.31-18.22.23:771][  0]LogTemp: Display: Loaded TP AndroidTargetPlatform
[2021.05.31-18.22.23:787][  0]LogTemp: Display: Loaded TP HTML5TargetPlatform
[2021.05.31-18.22.23:909][  0]LogTemp: Display: Loaded TP IOSTargetPlatform
[2021.05.31-18.22.23:909][  0]LogTemp: Display: Loaded TP IOSTargetPlatform
[2021.05.31-18.22.23:981][  0]LogTemp: Display: Loaded TP TVOSTargetPlatform
[2021.05.31-18.22.23:981][  0]LogTemp: Display: Loaded TP TVOSTargetPlatform
[2021.05.31-18.22.24:017][  0]LogTemp: Display: Loaded TP LinuxClientTargetPlatform
[2021.05.31-18.22.24:048][  0]LogTemp: Display: Loaded TP LinuxNoEditorTargetPlatform
[2021.05.31-18.22.24:069][  0]LogTemp: Display: Loaded TP LinuxServerTargetPlatform
[2021.05.31-18.22.24:105][  0]LogTemp: Display: Loaded TP LinuxTargetPlatform
[2021.05.31-18.22.24:135][  0]LogTemp: Display: Loaded TP LuminTargetPlatform
[2021.05.31-18.22.24:135][  0]LogTargetPlatformManager: Display: Building Assets For Windows
[2021.05.31-18.22.24:307][  0]LogXGEController: Cleaning working directory: C:/Users/Natalia/AppData/Local/Temp/UnrealXGEWorkingDir/
[2021.05.31-18.22.24:307][  0]LogXGEController: Cannot use XGE Controller as Incredibuild is not installed on this machine.
[2021.05.31-18.22.24:307][  0]LogShaderCompilers: Cannot use XGE Shader Compiler as Incredibuild is not installed on this machine.
[2021.05.31-18.22.24:307][  0]LogShaderCompilers: Display: Using Local Shader Compiler.
[2021.05.31-18.22.25:311][  0]LogDerivedDataCache: Display: Max Cache Size: 512 MB
[2021.05.31-18.22.25:386][  0]LogDerivedDataCache: Loaded boot cache 0.07s 87MB C:/Users/Natalia/AppData/Local/UnrealEngine/4.20/DerivedDataCache/Boot.ddc.
[2021.05.31-18.22.25:386][  0]LogDerivedDataCache: Display: Loaded Boot cache: C:/Users/Natalia/AppData/Local/UnrealEngine/4.20/DerivedDataCache/Boot.ddc
[2021.05.31-18.22.25:386][  0]LogDerivedDataCache: FDerivedDataBackendGraph:  Pak pak cache file C:/Users/Natalia/Documents/ManajSpyra02/ManajSpyra02/DerivedDataCache/DDC.ddp not found, will not use a pak cache.
[2021.05.31-18.22.25:386][  0]LogDerivedDataCache: Unable to find inner node Pak for hierarchical cache Hierarchy.
[2021.05.31-18.22.25:387][  0]LogDerivedDataCache: FDerivedDataBackendGraph:  CompressedPak pak cache file C:/Users/Natalia/Documents/ManajSpyra02/ManajSpyra02/DerivedDataCache/Compressed.ddp not found, will not use a pak cache.
[2021.05.31-18.22.25:387][  0]LogDerivedDataCache: Unable to find inner node CompressedPak for hierarchical cache Hierarchy.
[2021.05.31-18.22.25:401][  0]LogDerivedDataCache: Display: Pak cache opened for reading ../../../Engine/DerivedDataCache/Compressed.ddp.
[2021.05.31-18.22.25:414][  0]LogDerivedDataCache: Using Local data cache path C:/Users/Natalia/AppData/Local/UnrealEngine/Common/DerivedDataCache: Writable
[2021.05.31-18.22.25:414][  0]LogDerivedDataCache: Shared data cache path not found in *engine.ini, will not use an Shared cache.
[2021.05.31-18.22.25:414][  0]LogDerivedDataCache: Unable to find inner node Shared for hierarchical cache Hierarchy.
[2021.05.31-18.22.25:436][  0]LogMaterial: Verifying Global Shaders for PCD3D_SM5
[2021.05.31-18.22.25:438][  0]LogSlate: Using FreeType 2.6.0
[2021.05.31-18.22.25:478][  0]LogSlate: SlateFontServices - WITH_FREETYPE: 1, WITH_HARFBUZZ: 1
[2021.05.31-18.22.25:567][  0]LogAssetRegistry: FAssetRegistry took 0.0267 seconds to start up
[2021.05.31-18.22.25:964][  0]LogInit: Selected Device Profile: [Windows]
[2021.05.31-18.22.26:387][  0]LogSimplygon: Simplygon DLL not present - disabling.
[2021.05.31-18.22.26:457][  0]LogMeshReduction: Using SimplygonSwarm for distributed automatic mesh merging
[2021.05.31-18.22.26:457][  0]LogMeshReduction: Using ProxyLODMeshReduction for automatic mesh merging
[2021.05.31-18.22.26:457][  0]LogMeshReduction: Using QuadricMeshReduction for automatic static mesh reduction
[2021.05.31-18.22.26:457][  0]LogMeshReduction: No automatic skeletal mesh reduction module available
[2021.05.31-18.22.26:498][  0]LogNetVersion: ManajSpyra02 1.0.0, NetCL: 4212847, EngineNetVer: 5, GameNetVer: 0 (Checksum: 926664722)
[2021.05.31-18.22.27:245][  0]LogPackageLocalizationCache: Processed 13 localized package path(s) for 2 prioritized culture(s) in 0.157314 seconds
[2021.05.31-18.22.27:251][  0]LogUObjectArray: 38425 objects as part of root set at end of initial load.
[2021.05.31-18.22.27:251][  0]LogUObjectAllocator: 6690872 out of 0 bytes used by permanent object pool.
[2021.05.31-18.22.27:251][  0]LogUObjectArray: CloseDisregardForGC: 0/0 objects in disregard for GC pool
[2021.05.31-18.22.28:909][  0]LogTcpMessaging: Initializing TcpMessaging bridge
[2021.05.31-18.22.28:957][  0]LogUdpMessaging: Initializing bridge on interface 0.0.0.0:0 to multicast group 230.0.0.1:6666.
[2021.05.31-18.22.29:296][  0]SourceControl: Source control is disabled
[2021.05.31-18.22.29:296][  0]SourceControl: Source control is disabled
[2021.05.31-18.22.29:330][  0]SourceControl: Source control is disabled
[2021.05.31-18.22.29:349][  0]SourceControl: Source control is disabled
[2021.05.31-18.22.30:019][  0]LogAndroidPermission: UAndroidPermissionCallbackProxy::GetInstance
[2021.05.31-18.22.30:253][  0]LogOcInput: OculusInput pre-init called
[2021.05.31-18.22.32:989][  0]LogEngine: Initializing Engine...
[2021.05.31-18.22.32:992][  0]LogHMD: Failed to initialize OpenVR with code 110
[2021.05.31-18.22.32:995][  0]LogStats: UGameplayTagsManager::ConstructGameplayTagTree: ImportINI prefixes -  0.000 s
[2021.05.31-18.22.32:995][  0]LogStats: UGameplayTagsManager::ConstructGameplayTagTree: Construct from data asset -  0.000 s
[2021.05.31-18.22.32:995][  0]LogStats: UGameplayTagsManager::ConstructGameplayTagTree: ImportINI -  0.000 s
[2021.05.31-18.22.32:995][  0]LogStats: UGameplayTagsManager::ConstructGameplayTagTree: GameplayTagTreeChangedEvent.Broadcast -  0.000 s
[2021.05.31-18.22.33:268][  0]LogInit: Initializing FReadOnlyCVARCache
[2021.05.31-18.22.33:302][  0]LogAIModule: Creating AISystem for world Untitled
[2021.05.31-18.22.33:338][  0]LogInit: XAudio2 using 'Głośniki (JBL GO 2 Stereo)' : 2 channels at 44.1 kHz using 16 bits per sample (channel mask 0x3)
[2021.05.31-18.22.33:367][  0]LogInit: FAudioDevice initialized.
[2021.05.31-18.22.33:367][  0]LogNetVersion: Set ProjectVersion to 1.0.0.0. Version Checksum will be recalculated on next use.
[2021.05.31-18.22.33:415][  0]LogDerivedDataCache: Saved boot cache 0.05s 72MB C:/Users/Natalia/AppData/Local/UnrealEngine/4.20/DerivedDataCache/Boot.ddc.
[2021.05.31-18.22.33:420][  0]LogInit: Texture streaming: Enabled
[2021.05.31-18.22.33:529][  0]LogEngineSessionManager: EngineSessionManager initialized
[2021.05.31-18.22.33:545][  0]LogInit: Transaction tracking system initialized
[2021.05.31-18.22.33:674][  0]BlueprintLog: New page: Editor Load
[2021.05.31-18.22.34:199][  0]LocalizationService: Localization service is disabled
[2021.05.31-18.22.34:757][  0]LogCook: Display: Max memory allowance for cook 16384mb min free memory 0mb
[2021.05.31-18.22.34:757][  0]LogCook: Display: Mobile HDR setting 1
[2021.05.31-18.22.34:757][  0]LogGameplayTags: Display: UGameplayTagsManager::DoneAddingNativeTags. DelegateIsBound: 0
[2021.05.31-18.22.34:757][  0]LogStats: UGameplayTagsManager::ConstructGameplayTagTree: ImportINI prefixes -  0.000 s
[2021.05.31-18.22.34:757][  0]LogStats: UGameplayTagsManager::ConstructGameplayTagTree: Construct from data asset -  0.000 s
[2021.05.31-18.22.34:757][  0]LogStats: UGameplayTagsManager::ConstructGameplayTagTree: ImportINI -  0.000 s
[2021.05.31-18.22.34:757][  0]LogStats: UGameplayTagsManager::ConstructGameplayTagTree: GameplayTagTreeChangedEvent.Broadcast -  0.000 s
[2021.05.31-18.22.35:034][  0]LogFileCache: Scanning file cache for directory 'C:/Users/Natalia/Documents/ManajSpyra02/ManajSpyra02/Content/' took 0.01s
[2021.05.31-18.22.36:536][  0]SourceControl: Source control is disabled
[2021.05.31-18.22.36:536][  0]Cmd: MAP LOAD FILE="../../../Engine/Content/Maps/Templates/Template_Default.umap" TEMPLATE=1 SHOWPROGRESS=1 FEATURELEVEL=3
[2021.05.31-18.22.36:537][  0]LightingResults: New page: Lighting Build
[2021.05.31-18.22.36:545][  0]MapCheck: New page: Map Check
[2021.05.31-18.22.36:545][  0]LightingResults: New page: Lighting Build
[2021.05.31-18.22.36:837][  0]LogAIModule: Creating AISystem for world Untitled_1
[2021.05.31-18.22.36:848][  0]LogEditorServer: Finished looking for orphan Actors (0.000 secs)
[2021.05.31-18.22.36:879][  0]Cmd: MAP CHECKDEP NOCLEARLOG
[2021.05.31-18.22.36:992][  0]MapCheck: Map check complete: 0 Error(s), 0 Warning(s), took 112,455ms to complete.
[2021.05.31-18.22.36:992][  0]LogFileHelpers: Loading map 'Template_Default' took 0.455
[2021.05.31-18.22.37:174][  0]LogSlate: Updating window title bar state: overlay mode, drag disabled, window buttons hidden, title bar hidden
[2021.05.31-18.22.37:182][  0]LogSlate: Updating window title bar state: overlay mode, drag disabled, window buttons hidden, title bar hidden
[2021.05.31-18.22.37:189][  0]LogSlate: Updating window title bar state: overlay mode, drag disabled, window buttons hidden, title bar hidden
[2021.05.31-18.22.37:197][  0]LogSlate: Updating window title bar state: overlay mode, drag disabled, window buttons hidden, title bar hidden
[2021.05.31-18.22.37:269][  0]LogCollectionManager: Loaded 0 collections in 0.007478 seconds
[2021.05.31-18.22.37:334][  0]LogFileCache: Scanning file cache for directory 'C:/Users/Natalia/Documents/ManajSpyra02/ManajSpyra02/Saved/Collections/' took 0.01s
[2021.05.31-18.22.37:334][  0]LogFileCache: Scanning file cache for directory 'C:/Users/Natalia/Documents/ManajSpyra02/ManajSpyra02/Content/Developers/Natalia/Collections/' took 0.01s
[2021.05.31-18.22.37:334][  0]LogFileCache: Scanning file cache for directory 'C:/Users/Natalia/Documents/ManajSpyra02/ManajSpyra02/Content/Collections/' took 0.01s
[2021.05.31-18.22.37:334][  0]LogCollectionManager: Rebuilt the GUID cache for 0 collections in 0.000001 seconds
[2021.05.31-18.22.37:356][  0]LogContentBrowser: Native class hierarchy populated in 0.0206 seconds. Added 2621 classes and 629 folders.
[2021.05.31-18.22.37:415][  0]LogContentBrowser: Native class hierarchy updated for 'WidgetCarousel' in 0.0005 seconds. Added 0 classes and 0 folders.
[2021.05.31-18.22.37:479][  0]LogContentBrowser: Native class hierarchy updated for 'AddContentDialog' in 0.0003 seconds. Added 0 classes and 0 folders.
[2021.05.31-18.22.37:513][  0]LogContentBrowser: Native class hierarchy updated for 'SceneOutliner' in 0.0003 seconds. Added 1 classes and 2 folders.
[2021.05.31-18.22.37:567][  0]LogSlate: Took 0.000283 seconds to synchronously load lazily loaded font '../../../Engine/Content/Slate/Fonts/Roboto-Regular.ttf' (155K)
[2021.05.31-18.22.37:569][  0]LogSlate: Took 0.000195 seconds to synchronously load lazily loaded font '../../../Engine/Content/Slate/Fonts/Roboto-Bold.ttf' (160K)
[2021.05.31-18.22.37:574][  0]LogSlate: Took 0.000270 seconds to synchronously load lazily loaded font '../../../Engine/Content/Editor/Slate/Fonts/FontAwesome.ttf' (139K)
[2021.05.31-18.22.37:677][  0]LogRenderer: Reallocating scene render targets to support 964x436 Format 10 NumSamples 1 (Frame:1).
[2021.05.31-18.22.37:942][  0]LogContentBrowser: Native class hierarchy updated for 'HierarchicalLODOutliner' in 0.0004 seconds. Added 0 classes and 0 folders.
[2021.05.31-18.22.37:942][  0]LogLoad: (Engine Initialization) Total time: 20.38 seconds
[2021.05.31-18.22.37:942][  0]LogLoad: (Engine Initialization) Total Blueprint compile time: 0.00 seconds
[2021.05.31-18.22.37:988][  0]LogContentStreaming: Texture pool size now 1000 MB
[2021.05.31-18.22.38:147][  0]LogSlate: Took 0.014144 seconds to synchronously load lazily loaded font '../../../Engine/Content/Slate/Fonts/Roboto-Light.ttf' (167K)
[2021.05.31-18.22.38:171][  1]LogAssetRegistry: Asset discovery search completed in 12.6271 seconds
[2021.05.31-18.22.38:196][  1]LogCollectionManager: Rebuilt the object cache for 0 collections in 0.000001 seconds (found 0 objects)
[2021.05.31-18.22.38:196][  1]LogCollectionManager: Fixed up redirectors for 0 collections in 0.000089 seconds (updated 0 objects)
[2021.05.31-18.22.40:057][  7]LogSlate: FSceneViewport::OnFocusLost() reason 0
[2021.05.31-18.22.46:861][387]LogSlate: FSceneViewport::OnFocusLost() reason 0
[2021.05.31-18.22.48:572][469]LogSlate: Took 0.000241 seconds to synchronously load lazily loaded font '../../../Engine/Content/Slate/Fonts/Roboto-Light.ttf' (167K)
[2021.05.31-18.22.48:687][469]LogLinker: Warning: Can't find file '/Game/Maps/NewMap_BuiltData'
[2021.05.31-18.22.48:687][469]LogLinker: Warning: Can't find file for asset '/Game/Maps/NewMap_BuiltData' while loading C:/Users/Natalia/Documents/ManajSpyra02/ManajSpyra02/Content/Maps/NewMap.umap.
[2021.05.31-18.22.48:687][469]LoadErrors: Error: /Game/Maps/NewMap : Can't find file for asset. /Game/Maps/NewMap_BuiltData
[2021.05.31-18.22.48:692][469]LogLinker: Warning: Can't find file '/Game/Maps/NewMap_BuiltData'
[2021.05.31-18.22.48:692][469]LogLinker: Warning: Can't find file for asset '/Game/Maps/NewMap_BuiltData' while loading C:/Users/Natalia/Documents/ManajSpyra02/ManajSpyra02/Content/Maps/NewMap.umap.
[2021.05.31-18.22.48:702][469]LogLinker: Warning: Can't find file '/Game/Maps/NewMap_BuiltData'
[2021.05.31-18.22.48:702][469]LoadErrors: Failed to load /Game/Maps/NewMap_BuiltData.NewMap_BuiltData Referenced by PersistentLevel
[2021.05.31-18.22.48:702][469]LogLinker: Warning: Can't find file for asset '/Game/Maps/NewMap_BuiltData' while loading NULL.
[2021.05.31-18.22.48:748][469]LogAIModule: Creating AISystem for world NewMap
[2021.05.31-18.22.48:879][469]LogAssetEditorManager: Opening Asset editor for World /Game/Maps/NewMap.NewMap
[2021.05.31-18.22.48:971][469]Cmd: MAP LOAD FILE="C:/Users/Natalia/Documents/ManajSpyra02/ManajSpyra02/Content/Maps/NewMap.umap" TEMPLATE=0 SHOWPROGRESS=1 FEATURELEVEL=3
[2021.05.31-18.22.48:971][469]LightingResults: New page: Lighting Build
[2021.05.31-18.22.48:972][469]LoadErrors: New page: Loading map: NewMap.umap
[2021.05.31-18.22.48:985][469]MapCheck: New page: Map Check
[2021.05.31-18.22.48:985][469]LightingResults: New page: Lighting Build
[2021.05.31-18.22.49:150][469]LogEditorServer: Finished looking for orphan Actors (0.000 secs)
[2021.05.31-18.22.49:208][469]Cmd: MAP CHECKDEP NOCLEARLOG
[2021.05.31-18.22.49:339][469]MapCheck: Map check complete: 0 Error(s), 0 Warning(s), took 130,371ms to complete.
[2021.05.31-18.22.49:339][469]LogFileHelpers: Loading map 'NewMap' took 0.426
[2021.05.31-18.23.07:301][503]LogEditorViewport: Clicking on Actor (LMB): StaticMeshActor (Cube)
[2021.05.31-18.23.10:366][559]LogEditorViewport: Clicking on Actor (CTRL LMB): StaticMeshActor (Cube2)
[2021.05.31-18.23.22:975][290]LogEditorViewport: Clicking on Actor (CTRL LMB): StaticMeshActor (Cube3)
[2021.05.31-18.23.24:014][350]LogEditorViewport: Clicking on Actor (CTRL LMB): StaticMeshActor (Cube4)
[2021.05.31-18.23.24:854][398]LogEditorViewport: Clicking on Actor (CTRL LMB): StaticMeshActor (Cube5)
[2021.05.31-18.23.25:594][440]LogEditorViewport: Clicking on Actor (CTRL LMB): StaticMeshActor (Sphere)
[2021.05.31-18.23.26:721][505]Cmd: EDIT COPY
[2021.05.31-18.23.27:183][505]Cmd: EDIT PASTE
[2021.05.31-18.23.38:622][166]LogEditorViewport: Clicking on Actor (LMB): StaticMeshActor (Cube8)
[2021.05.31-18.23.50:400][847]LogEditorViewport: Clicking on Actor (LMB): StaticMeshActor (Sphere2)
[2021.05.31-18.23.59:586][385]LogEditorViewport: Clicking on Actor (LMB): StaticMeshActor (Cube10)
[2021.05.31-18.24.21:583][693]LogEditorViewport: Clicking on Actor (LMB): StaticMeshActor (Cube9)
[2021.05.31-18.24.58:682][901]LogEditorViewport: Clicking on Actor (LMB): StaticMeshActor (Cube10)
[2021.05.31-18.25.08:439][480]LogEditorViewport: Clicking on Actor (LMB): StaticMeshActor (Floor)
[2021.05.31-18.25.18:000][ 40]LogEditorViewport: Clicking on Actor (LMB): StaticMeshActor (Cube6)
[2021.05.31-18.25.22:272][290]LogEditorViewport: Clicking on Actor (CTRL LMB): StaticMeshActor (Cube7)
[2021.05.31-18.25.24:229][404]LogEditorViewport: Clicking on Actor (CTRL LMB): StaticMeshActor (Cube9)
[2021.05.31-18.25.25:465][476]LogEditorViewport: Clicking on Actor (CTRL LMB): StaticMeshActor (Cube8)
[2021.05.31-18.25.27:799][613]LogEditorViewport: Clicking on Actor (CTRL LMB): StaticMeshActor (Sphere2)
[2021.05.31-18.25.30:036][744]LogEditorViewport: Clicking on Actor (CTRL LMB): StaticMeshActor (Cube10)
[2021.05.31-18.25.34:965][ 33]LogEditorViewport: Clicking on Actor (LMB): StaticMeshActor (Cube3)
[2021.05.31-18.25.35:766][ 78]LogEditorViewport: Clicking on Actor (CTRL LMB): StaticMeshActor (Cube)
[2021.05.31-18.25.36:975][148]LogEditorViewport: Clicking on Actor (CTRL LMB): StaticMeshActor (Cube2)
[2021.05.31-18.25.38:035][209]LogEditorViewport: Clicking on Actor (CTRL LMB): StaticMeshActor (Cube4)
[2021.05.31-18.25.38:893][258]LogEditorViewport: Clicking on Actor (CTRL LMB): StaticMeshActor (Cube5)
[2021.05.31-18.25.39:499][292]LogEditorViewport: Clicking on Actor (CTRL LMB): StaticMeshActor (Sphere)
[2021.05.31-18.25.41:986][438]LogEditorViewport: Clicking on Actor (CTRL LMB): PointLight (PointLight)
[2021.05.31-18.25.45:887][660]LogEditorViewport: Clicking on Actor (LMB): StaticMeshActor (Cube8)
[2021.05.31-18.25.51:235][977]LogEditorViewport: Clicking on Actor (LMB): StaticMeshActor (Cube6)
[2021.05.31-18.26.14:493][359]LogEditorViewport: Clicking on Actor (LMB): StaticMeshActor (Cube6)
[2021.05.31-18.26.20:273][704]Cmd: EDIT COPY
[2021.05.31-18.26.20:528][719]Cmd: EDIT PASTE
[2021.05.31-18.26.41:602][978]LogEditorViewport: Clicking on Actor (LMB): StaticMeshActor (Cube6)
[2021.05.31-18.26.45:683][218]LogEditorViewport: Clicking on Actor (LMB): StaticMeshActor (Cube11)
[2021.05.31-18.27.11:457][843]LogEditorViewport: Clicking on Actor (LMB): StaticMeshActor (Cube7)
[2021.05.31-18.27.21:269][424]LogEditorViewport: Clicking on Actor (LMB): StaticMeshActor (Cube11)
[2021.05.31-18.27.22:376][488]LogEditorViewport: Clicking on Actor (CTRL LMB): StaticMeshActor (Cube6)
[2021.05.31-18.27.27:179][773]LogEditorViewport: Clicking on Actor (LMB): StaticMeshActor (Cube7)
[2021.05.31-18.27.28:233][834]Cmd: EDIT COPY
[2021.05.31-18.27.28:515][851]Cmd: EDIT PASTE
[2021.05.31-18.27.50:581][164]LogEditorViewport: Clicking on Actor (LMB): StaticMeshActor (Cube9)
[2021.05.31-18.27.53:865][357]LogEditorViewport: Clicking on Actor (context menu): BP_Sky_Sphere_C (Sky Sphere)
[2021.05.31-18.27.54:366][357]LogSlate: FSceneViewport::OnFocusLost() reason 2
[2021.05.31-18.27.56:544][464]LogEditorViewport: Clicking on Actor (context menu): BP_Sky_Sphere_C (Sky Sphere)
[2021.05.31-18.27.56:573][464]LogSlate: FSceneViewport::OnFocusLost() reason 2
[2021.05.31-18.27.57:177][500]LogEditorViewport: Clicking on Actor (LMB): BP_Sky_Sphere_C (Sky Sphere)
[2021.05.31-18.27.59:049][607]LogEditorViewport: Clicking on Actor (LMB): StaticMeshActor (Cube9)
[2021.05.31-18.28.04:733][944]LogEditorViewport: Clicking on Actor (LMB): StaticMeshActor (Cube10)
[2021.05.31-18.28.18:358][751]LogEditorViewport: Clicking on Actor (LMB): BP_Sky_Sphere_C (Sky Sphere)
[2021.05.31-18.28.19:558][821]LogEditorViewport: Clicking on Actor (LMB): StaticMeshActor (Cube9)
[2021.05.31-18.28.22:549][997]LogSlate: FSceneViewport::OnFocusLost() reason 2
[2021.05.31-18.28.23:853][ 61]LogSlate: FSceneViewport::OnFocusLost() reason 2
[2021.05.31-18.28.24:062][ 61]Cmd: OBJ SAVEPACKAGE PACKAGE="/Game/Maps/NewMap" FILE="C:/Users/Natalia/Documents/ManajSpyra02/ManajSpyra02/Content/Maps/NewMap.umap" SILENT=true AUTOSAVING=false KEEPDIRTY=false
[2021.05.31-18.28.24:510][ 61]LogSavePackage: Moving 'C:/Users/Natalia/Documents/ManajSpyra02/ManajSpyra02/Saved/NewMap6FE217164E50D296CAC924B629DD3CFF.tmp' to 'C:/Users/Natalia/Documents/ManajSpyra02/ManajSpyra02/Content/Maps/NewMap.umap'
[2021.05.31-18.28.24:539][ 61]LogFileHelpers: Saving map 'NewMap' took 0.654
[2021.05.31-18.28.33:552][592]LogSlate: FSceneViewport::OnFocusLost() reason 0
[2021.05.31-18.28.44:924][249]LogActorFactory: Actor Factory created Cylinder
[2021.05.31-18.28.46:187][317]LogActorFactory: Actor Factory created Cylinder
[2021.05.31-18.29.28:355][823]LogSlate: FSceneViewport::OnFocusLost() reason 0
[2021.05.31-18.29.32:990][ 94]LogSlate: FSceneViewport::OnFocusLost() reason 0
[2021.05.31-18.29.37:408][357]LogSlate: FSceneViewport::OnFocusLost() reason 0
[2021.05.31-18.29.54:689][383]LogEditorViewport: Clicking on Actor (LMB): StaticMeshActor (Floor)
[2021.05.31-18.29.56:231][473]LogEditorViewport: Clicking on Actor (LMB): BP_Sky_Sphere_C (Sky Sphere)
[2021.05.31-18.29.57:331][537]LogEditorViewport: Clicking on Actor (LMB): BP_Sky_Sphere_C (Sky Sphere)
[2021.05.31-18.30.04:769][970]LogEditorViewport: Clicking on Actor (LMB): PointLight (PointLight)
[2021.05.31-18.30.19:748][843]LogSlate: FSceneViewport::OnFocusLost() reason 0
[2021.05.31-18.30.49:837][627]LogEditorViewport: Clicking on Actor (LMB): StaticMeshActor (Cube11)
[2021.05.31-18.30.52:513][784]LogEditorViewport: Clicking on Actor (LMB): PointLight (PointLight2)
[2021.05.31-18.30.54:253][868]LogSlate: FSceneViewport::OnFocusLost() reason 0
[2021.05.31-18.30.55:900][939]LogSlate: Window 'Color Picker' being destroyed
[2021.05.31-18.31.03:623][391]LogSlate: Window 'Color Picker' being destroyed
[2021.05.31-18.31.10:527][799]LogSlate: FSceneViewport::OnFocusLost() reason 2
[2021.05.31-18.31.18:244][216]LogSlate: FSceneViewport::OnFocusLost() reason 0
[2021.05.31-18.31.18:308][220]LogSlate: Window 'Color Picker' being destroyed
[2021.05.31-18.31.34:319][170]LogEditorViewport: Clicking on Actor (LMB): SkyLight (SkyLight)
[2021.05.31-18.31.46:293][881]LogEditorViewport: Clicking on Actor (LMB): PointLight (PointLight2)
[2021.05.31-18.31.50:575][134]LogSlate: FSceneViewport::OnFocusLost() reason 0
[2021.05.31-18.32.21:523][949]Cmd: TRANSACTION UNDO
[2021.05.31-18.32.21:523][949]LogEditorTransaction: Undo Set Rotation
[2021.05.31-18.32.41:391][111]LogSlate: FSceneViewport::OnFocusLost() reason 0
[2021.05.31-18.32.47:971][485]Cmd: DELETE
[2021.05.31-18.32.47:971][485]Cmd: ACTOR DELETE
[2021.05.31-18.32.48:067][485]LogEditorActor: Deleted Actor: AtmosphericFog
[2021.05.31-18.32.48:105][485]LogEditorActor: Deleted 1 Actors (0.131 secs)
[2021.05.31-18.32.49:188][549]Cmd: TRANSACTION UNDO
[2021.05.31-18.32.49:188][549]LogEditorTransaction: Undo Delete Actors
[2021.05.31-18.32.51:487][676]LogSlate: FSceneViewport::OnFocusLost() reason 0
[2021.05.31-18.32.53:127][760]Cmd: TRANSACTION UNDO
[2021.05.31-18.32.53:127][760]LogEditorTransaction: Undo Edit Sun Multiplier
[2021.05.31-18.32.55:985][923]Cmd: TRANSACTION UNDO
[2021.05.31-18.32.55:986][923]LogEditorTransaction: Undo Edit Fog Multiplier
[2021.05.31-18.33.05:089][444]Cmd: TRANSACTION UNDO
[2021.05.31-18.33.05:089][444]LogEditorTransaction: Undo Edit Density Multiplier
[2021.05.31-18.33.09:632][707]LogSlate: FSceneViewport::OnFocusLost() reason 2
[2021.05.31-18.33.14:267][983]LogSlate: Window 'Color Picker' being destroyed
[2021.05.31-18.33.16:937][143]Cmd: TRANSACTION UNDO
[2021.05.31-18.33.16:937][143]LogEditorTransaction: Undo Edit Default Light Color
[2021.05.31-18.33.17:660][186]Cmd: TRANSACTION UNDO
[2021.05.31-18.33.17:660][186]LogEditorTransaction: Undo Edit Default Light Color
[2021.05.31-18.33.18:260][222]Cmd: TRANSACTION UNDO
[2021.05.31-18.33.18:260][222]LogEditorTransaction: Undo Edit Default Light Color
[2021.05.31-18.33.24:382][589]LogSlate: FSceneViewport::OnFocusLost() reason 0
[2021.05.31-18.33.43:503][113]Cmd: TRANSACTION UNDO
[2021.05.31-18.33.43:503][113]LogEditorTransaction: Undo Edit Source Angle
[2021.05.31-18.33.47:210][335]Cmd: TRANSACTION UNDO
[2021.05.31-18.33.47:210][335]LogEditorTransaction: Undo Edit Source Soft Angle
[2021.05.31-18.33.51:667][602]Cmd: TRANSACTION UNDO
[2021.05.31-18.33.51:667][602]LogEditorTransaction: Undo Set Rotation
[2021.05.31-18.34.30:990][165]Cmd: TRANSACTION UNDO
[2021.05.31-18.34.30:990][165]LogEditorTransaction: Undo Edit Intensity
[2021.05.31-18.34.32:163][235]LogSlate: FSceneViewport::OnFocusLost() reason 0
[2021.05.31-18.34.36:451][485]LogEditorViewport: Clicking on Actor (LMB): PointLight (PointLight2)
[2021.05.31-18.34.38:328][595]LogSlate: FSceneViewport::OnFocusLost() reason 0
[2021.05.31-18.34.41:512][786]Cmd: TRANSACTION UNDO
[2021.05.31-18.34.41:512][786]LogEditorTransaction: Undo Edit Intensity
[2021.05.31-18.34.52:501][437]LogSlate: FSceneViewport::OnFocusLost() reason 0
[2021.05.31-18.35.04:527][156]LogEditorViewport: Clicking on Actor (CTRL LMB): StaticMeshActor (Sphere)
[2021.05.31-18.35.05:652][222]LogEditorViewport: Clicking on Actor (CTRL LMB): StaticMeshActor (Sphere2)
[2021.05.31-18.35.25:983][439]LogEditorViewport: Clicking on Actor (LMB): BP_Sky_Sphere_C (Sky Sphere)
[2021.05.31-18.35.27:693][540]Cmd: TRANSACTION UNDO
[2021.05.31-18.35.27:693][540]LogEditorTransaction: Undo Clicking on Actors
[2021.05.31-18.35.28:442][584]Cmd: TRANSACTION UNDO
[2021.05.31-18.35.28:442][584]LogEditorTransaction: Undo Rotate Actors
[2021.05.31-18.35.28:451][584]LogActorComponent: ~FComponentReregisterContext: (/Game/Maps/NewMap.NewMap:PersistentLevel.Cube2.StaticMeshComponent0) Component already registered.
[2021.05.31-18.35.28:451][584]LogActorComponent: ~FComponentReregisterContext: (/Game/Maps/NewMap.NewMap:PersistentLevel.Cube7.StaticMeshComponent0) Component already registered.
[2021.05.31-18.35.36:622][ 72]LogEditorViewport: Clicking on Actor (LMB): BP_Sky_Sphere_C (Sky Sphere)
[2021.05.31-18.35.40:517][298]LogEditorViewport: Clicking on Actor (LMB): StaticMeshActor (Cylinder)
[2021.05.31-18.35.48:893][792]LogEditorViewport: Clicking on Actor (LMB): BP_Sky_Sphere_C (Sky Sphere)
[2021.05.31-18.35.54:984][149]LogEditorViewport: Clicking on Actor (LMB): SphereReflectionCapture (SphereReflectionCapture)
[2021.05.31-18.35.58:171][329]Cmd: TRANSACTION UNDO
[2021.05.31-18.35.58:171][329]LogEditorTransaction: Undo Move Actors
[2021.05.31-18.35.59:330][397]LogSlate: FSceneViewport::OnFocusLost() reason 0
[2021.05.31-18.36.03:501][631]LogRenderer: Reallocating scene render targets to support 964x512 Format 10 NumSamples 1 (Frame:44813).
[2021.05.31-18.36.04:074][656]Cmd: TRANSACTION UNDO
[2021.05.31-18.36.04:074][656]LogEditorTransaction: Undo Edit Cubemap Resolution
[2021.05.31-18.36.07:749][833]Cmd: TRANSACTION UNDO
[2021.05.31-18.36.07:749][833]LogEditorTransaction: Undo Edit Sky Distance Threshold
[2021.05.31-18.36.10:842][ 15]Cmd: TRANSACTION UNDO
[2021.05.31-18.36.10:842][ 15]LogEditorTransaction: Undo Edit Intensity
[2021.05.31-18.36.33:421][358]LogEditorViewport: Clicking on Actor (LMB): PointLight (PointLight2)
[2021.05.31-18.36.47:271][173]LogSlate: FSceneViewport::OnFocusLost() reason 0
[2021.05.31-18.37.09:291][470]LogSlate: FSceneViewport::OnFocusLost() reason 2
[2021.05.31-18.37.10:313][529]LogSlate: FSceneViewport::OnFocusLost() reason 2
[2021.05.31-18.37.10:431][529]Cmd: OBJ SAVEPACKAGE PACKAGE="/Game/Maps/NewMap" FILE="C:/Users/Natalia/Documents/ManajSpyra02/ManajSpyra02/Content/Maps/NewMap.umap" SILENT=true AUTOSAVING=false KEEPDIRTY=false
[2021.05.31-18.37.10:496][529]LogSavePackage: Moving 'C:/Users/Natalia/Documents/ManajSpyra02/ManajSpyra02/Saved/NewMap34F2012B4B26048F0996769F7E193DF7.tmp' to 'C:/Users/Natalia/Documents/ManajSpyra02/ManajSpyra02/Content/Maps/NewMap.umap'
[2021.05.31-18.37.10:517][529]LogFileHelpers: Saving map 'NewMap' took 0.194
[2021.05.31-18.37.25:157][397]LogSlate: FSceneViewport::OnFocusLost() reason 0
[2021.05.31-18.37.51:135][952]LogEditorViewport: Clicking on Actor (LMB): PointLight (PointLight2)
[2021.05.31-18.37.52:847][ 53]LogSlate: FSceneViewport::OnFocusLost() reason 0
[2021.05.31-18.38.07:619][934]LogEditorViewport: Clicking on Actor (LMB): BP_Sky_Sphere_C (Sky Sphere)
[2021.05.31-18.38.09:557][ 48]LogEditorViewport: Clicking on Actor (LMB): PointLight (PointLight2)
[2021.05.31-18.38.10:453][100]Cmd: EDIT COPY
[2021.05.31-18.38.10:737][117]Cmd: EDIT PASTE
[2021.05.31-18.38.13:504][281]LogEditorViewport: Clicking on Actor (LMB): BP_Sky_Sphere_C (Sky Sphere)
[2021.05.31-18.38.14:974][365]LogEditorViewport: Clicking on Actor (LMB): PointLight (PointLight3)
[2021.05.31-18.38.20:015][664]LogEditorViewport: Clicking on Actor (LMB): BP_Sky_Sphere_C (Sky Sphere)
[2021.05.31-18.38.24:940][951]LogSlate: FSceneViewport::OnFocusLost() reason 2
[2021.05.31-18.38.25:851][  4]LogSlate: FSceneViewport::OnFocusLost() reason 2
[2021.05.31-18.38.25:961][  4]Cmd: OBJ SAVEPACKAGE PACKAGE="/Game/Maps/NewMap" FILE="C:/Users/Natalia/Documents/ManajSpyra02/ManajSpyra02/Content/Maps/NewMap.umap" SILENT=true AUTOSAVING=false KEEPDIRTY=false
[2021.05.31-18.38.26:021][  4]LogSavePackage: Moving 'C:/Users/Natalia/Documents/ManajSpyra02/ManajSpyra02/Saved/NewMapA3D15D0347E0EDA477BAFEAE5829E387.tmp' to 'C:/Users/Natalia/Documents/ManajSpyra02/ManajSpyra02/Content/Maps/NewMap.umap'
[2021.05.31-18.38.26:040][  4]LogFileHelpers: Saving map 'NewMap' took 0.180
[2021.05.31-18.38.30:931][262]LogSlate: FSceneViewport::OnFocusLost() reason 2
[2021.05.31-18.38.31:891][311]MapCheck: New page: Map Check
[2021.05.31-18.38.31:960][311]LogSlate: FSceneViewport::OnFocusLost() reason 2
[2021.05.31-18.38.32:152][311]LightingResults: New page: Lighting Build - 31 maj 2021, 22:38:32
[2021.05.31-18.38.32:607][311]LogSwarmInterface: [OpenConnection] Registering TCP channel ...
[2021.05.31-18.38.33:908][311]LogSwarmInterface: [OpenConnection] Connecting to agent ...
[2021.05.31-18.38.33:937][311]LogSwarmInterface: [TryOpenConnection] Testing the Agent
[2021.05.31-18.38.35:510][311]LogSwarmInterface: [TryOpenConnection] Opening Connection to Agent
[2021.05.31-18.38.35:510][311]LogSwarmInterface: [TryOpenConnection] Local Process ID is 1812
[2021.05.31-18.38.45:334][311]LogStaticLightingSystem: Warning: No importance volume found, so the scene bounding box was used.  You can optimize your scene's quality and lighting build times by adding importance volumes.
[2021.05.31-18.38.45:362][311]LogStaticLightingSystem: Running Lightmass w/ ImmediateImport mode ENABLED
[2021.05.31-18.38.45:362][311]LogStaticLightingSystem: Running Lightmass w/ ImmediateProcess mode ENABLED
[2021.05.31-18.38.45:362][311]LogStaticLightingSystem: Running Lightmass w/ Sorting mode ENABLED
[2021.05.31-18.38.45:363][311]LogStaticLightingSystem: Running Lightmass w/ Mapping paddings ENABLED
[2021.05.31-18.38.45:363][311]LogStaticLightingSystem: Running Lightmass w/ Mapping debug paddings DISABLED
[2021.05.31-18.38.45:968][311]LogEditorBuildUtils: Build time 0:14
[2021.05.31-18.38.45:985][311]LogMaterial: Display: Missing cached shader map for material FLightmassMaterialRenderer MaterialInstanceDynamic_0, compiling. 
[2021.05.31-18.38.46:209][311]LogShaderCompilers: Display: Shaders left to compile 2
[2021.05.31-18.38.46:209][311]LogMaterial: Display: Missing cached shader map for material FLightmassMaterialRenderer MaterialInstanceDynamic_0, compiling. 
[2021.05.31-18.38.49:578][312]LogShaderCompilers: Display: Shaders left to compile 2
[2021.05.31-18.38.53:066][422]Job is a success!
[2021.05.31-18.38.53:134][423]LogSlate: FSceneViewport::OnFocusLost() reason 2
[2021.05.31-18.38.53:225][423]LogVolumetricLightmapImport: Imported Volumetric Lightmap in 0.066s
[2021.05.31-18.38.53:225][423]LogVolumetricLightmapImport:      Indirection Texture 16x16x16 = 0.0Mb
[2021.05.31-18.38.53:225][423]LogVolumetricLightmapImport:      BrickData 50x5x5 = 0.0Mb
[2021.05.31-18.38.53:225][423]LogVolumetricLightmapImport:      Bricks at Level
[2021.05.31-18.38.53:225][423]LogVolumetricLightmapImport:          0: 10.0% covering 100.0% of volume
[2021.05.31-18.38.53:225][423]LogVolumetricLightmapImport:          1: 10.0% covering 1.6% of volume
[2021.05.31-18.38.53:225][423]LogVolumetricLightmapImport:          2: 80.0% covering 0.2% of volume
[2021.05.31-18.38.53:519][423]LogTexture: Display: Building textures: LQ_Lightmap_0_2 (DXT1, 64X64)
[2021.05.31-18.38.53:519][423]LogTexture: Display: Building textures: HQ_Lightmap0_2 (AutoDXT, 64X64)
[2021.05.31-18.38.53:519][423]LogTexture: Display: Building textures: LQ_Lightmap_0_1 (DXT1, 512X512)
[2021.05.31-18.38.53:519][423]LogTexture: Display: Building textures: HQ_Lightmap0_1 (AutoDXT, 512X512)
[2021.05.31-18.38.53:575][423]LogTexture: Display: Building textures: ShadowMapTexture2D_1 (G8, 32X32)
[2021.05.31-18.38.53:575][423]LogTexture: Display: Building textures: ShadowMapTexture2D_0 (BGRA8, 1024X128)
[2021.05.31-18.38.53:612][423]Lightmass on DESKTOP-7UICAC2: 2.07 sec total, 176 ms importing, 7 ms setup, 562 ms photons, 1.21 sec processing, 0 ms extra exporting [17/17 mappings]. Threads: 8.26 sec total, 1.78 sec processing.
[2021.05.31-18.38.53:732][423]LogStaticLightingSystem: Illumination: 21.6 sec (241 ms encoding lightmaps, 46 ms encoding shadowmaps)
[2021.05.31-18.38.53:732][423]LogStaticLightingSystem: Lightmap texture memory:  0.5 MB (0.5 MB streaming, 0.0 MB non-streaming), 4 textures
[2021.05.31-18.38.53:732][423]LogStaticLightingSystem: Shadowmap texture memory: 0.7 MB (0.7 MB streaming, 0.0 MB non-streaming), 2 textures
[2021.05.31-18.38.54:302][423]DumpUnbuiltLightIteractions
[2021.05.31-18.38.54:302][423]Lights with unbuilt interactions: 0
[2021.05.31-18.38.54:302][423]
[2021.05.31-18.38.54:302][423]Primitives with unbuilt interactions: 0
[2021.05.31-18.38.54:331][423]LogSlate: FSceneViewport::OnFocusLost() reason 2
[2021.05.31-18.38.54:468][424]Cmd: MAP CHECK NOTIFYRESULTS
[2021.05.31-18.38.54:468][424]MapCheck: New page: NewMap - 31 maj 2021, 22:38:54
[2021.05.31-18.38.54:748][424]MapCheck: Map check complete: 0 Error(s), 0 Warning(s), took 279,894ms to complete.
[2021.05.31-18.39.02:188][869]LogEditorViewport: Clicking Background
[2021.05.31-18.39.03:175][928]LogEditorViewport: Clicking on Actor (LMB): PointLight (PointLight2)
[2021.05.31-18.39.05:733][ 79]LogEditorViewport: Clicking on Actor (LMB): PointLight (PointLight3)
[2021.05.31-18.39.08:324][232]LogEditorViewport: Clicking on Actor (LMB): PointLight (PointLight)
[2021.05.31-18.39.09:998][330]LogEditorViewport: Clicking on Actor (LMB): SkyLight (SkyLight)
[2021.05.31-18.39.10:512][359]Cmd: TRANSACTION UNDO
[2021.05.31-18.39.10:512][359]LogEditorTransaction: Undo Clicking on Actors
[2021.05.31-18.39.10:883][380]Cmd: TRANSACTION UNDO
[2021.05.31-18.39.10:883][380]LogEditorTransaction: Undo Move Actors
[2021.05.31-18.39.11:123][394]Cmd: TRANSACTION UNDO
[2021.05.31-18.39.11:123][394]LogEditorTransaction: Undo Clicking on Actors
[2021.05.31-18.39.11:565][419]Cmd: TRANSACTION UNDO
[2021.05.31-18.39.11:565][419]LogEditorTransaction: Undo Move Actors
[2021.05.31-18.39.11:950][442]Cmd: TRANSACTION UNDO
[2021.05.31-18.39.11:950][442]LogEditorTransaction: Undo Clicking on Actors
[2021.05.31-18.39.12:529][475]Cmd: TRANSACTION UNDO
[2021.05.31-18.39.12:529][475]LogEditorTransaction: Undo Move Actors
[2021.05.31-18.39.12:997][503]Cmd: TRANSACTION UNDO
[2021.05.31-18.39.12:997][503]LogEditorTransaction: Undo Clicking on Actors
[2021.05.31-18.39.13:648][542]Cmd: TRANSACTION UNDO
[2021.05.31-18.39.13:648][542]LogEditorTransaction: Undo Clicking Background
[2021.05.31-18.39.15:353][642]LogEditorViewport: Clicking on Actor (LMB): BP_Sky_Sphere_C (Sky Sphere)
[2021.05.31-18.39.19:254][875]LogSlate: FSceneViewport::OnFocusLost() reason 0
[2021.05.31-18.39.20:853][883]LogSlate: Window 'Save Content' being destroyed
[2021.05.31-18.39.20:907][883]LogSlate: Window 'ManajSpyra02 - Unreal Editor' being destroyed
[2021.05.31-18.39.21:168][884]Cmd: QUIT_EDITOR
[2021.05.31-18.39.21:188][884]LogWindowsTextInputMethodSystem: Display: IME system now deactivated.
[2021.05.31-18.39.21:199][884]LogExit: Preparing to exit.
[2021.05.31-18.39.21:567][884]LogExit: Editor shut down
[2021.05.31-18.39.21:567][884]LogExit: Transaction tracking system shut down
[2021.05.31-18.39.22:245][884]LogExit: Object subsystem successfully closed.
[2021.05.31-18.39.22:264][884]LogShaderCompilers: Display: Shaders left to compile 0
[2021.05.31-18.39.22:268][884]LogD3D11RHI: Shutdown
[2021.05.31-18.39.22:268][884]LogD3D11RHI: CleanupD3DDevice
[2021.05.31-18.39.22:373][884]LogD3D11RHI: ~FD3D11DynamicRHI
[2021.05.31-18.39.22:434][884]LogModuleManager: Shutting down and abandoning module HierarchicalLODOutliner (630)
[2021.05.31-18.39.22:434][884]LogModuleManager: Shutting down and abandoning module SceneOutliner (628)
[2021.05.31-18.39.22:434][884]LogModuleManager: Shutting down and abandoning module AddContentDialog (626)
[2021.05.31-18.39.22:435][884]LogModuleManager: Shutting down and abandoning module WidgetCarousel (625)
[2021.05.31-18.39.22:435][884]LogModuleManager: Shutting down and abandoning module EditorWidgets (622)
[2021.05.31-18.39.22:435][884]LogModuleManager: Shutting down and abandoning module CollectionManager (620)
[2021.05.31-18.39.22:436][884]LogModuleManager: Shutting down and abandoning module HierarchicalLODUtilities (618)
[2021.05.31-18.39.22:436][884]LogModuleManager: Shutting down and abandoning module StatsViewer (616)
[2021.05.31-18.39.22:436][884]LogModuleManager: Shutting down and abandoning module FoliageEdit (614)
[2021.05.31-18.39.22:436][884]LogModuleManager: Shutting down and abandoning module LandscapeEditor (612)
[2021.05.31-18.39.22:436][884]LogModuleManager: Shutting down and abandoning module MeshPaintMode (610)
[2021.05.31-18.39.22:437][884]LogModuleManager: Shutting down and abandoning module SceneDepthPickerMode (608)
[2021.05.31-18.39.22:437][884]LogModuleManager: Shutting down and abandoning module ActorPickerMode (606)
[2021.05.31-18.39.22:437][884]LogModuleManager: Shutting down and abandoning module GeometryMode (604)
[2021.05.31-18.39.22:437][884]LogModuleManager: Shutting down and abandoning module TextureAlignMode (602)
[2021.05.31-18.39.22:437][884]LogModuleManager: Shutting down and abandoning module BspMode (600)
[2021.05.31-18.39.22:437][884]LogModuleManager: Shutting down and abandoning module PIEPreviewDeviceProfileSelector (598)
[2021.05.31-18.39.22:437][884]LogModuleManager: Shutting down and abandoning module SequenceRecorderSections (596)
[2021.05.31-18.39.22:437][884]LogModuleManager: Shutting down and abandoning module AutomationWorker (594)
[2021.05.31-18.39.22:437][884]LogModuleManager: Shutting down and abandoning module DatasmithFBXImporter (592)
[2021.05.31-18.39.22:437][884]LogModuleManager: Shutting down and abandoning module DatasmithDeltaGenImporter (590)
[2021.05.31-18.39.22:437][884]LogModuleManager: Shutting down and abandoning module DatasmithVREDImporter (588)
[2021.05.31-18.39.22:437][884]LogModuleManager: Shutting down and abandoning module AudioCaptureEditor (586)
[2021.05.31-18.39.22:437][884]LogModuleManager: Shutting down and abandoning module SequenceRecorder (585)
[2021.05.31-18.39.22:437][884]LogModuleManager: Shutting down and abandoning module MatineeToLevelSequence (582)
[2021.05.31-18.39.22:437][884]LogModuleManager: Shutting down and abandoning module LevelSequenceEditor (580)
[2021.05.31-18.39.22:437][884]LogModuleManager: Shutting down and abandoning module PlacementMode (579)
[2021.05.31-18.39.22:437][884]LogModuleManager: Shutting down and abandoning module MaterialEditor (578)
[2021.05.31-18.39.22:438][884]LogModuleManager: Shutting down and abandoning module WmfMediaFactory (574)
[2021.05.31-18.39.22:438][884]LogModuleManager: Shutting down and abandoning module WmfMediaEditor (572)
[2021.05.31-18.39.22:438][884]LogModuleManager: Shutting down and abandoning module MediaPlayerEditor (570)
[2021.05.31-18.39.22:438][884]LogModuleManager: Shutting down and abandoning module OpenExrWrapper (568)
[2021.05.31-18.39.22:438][884]LogModuleManager: Shutting down and abandoning module ImgMediaFactory (566)
[2021.05.31-18.39.22:438][884]LogModuleManager: Shutting down and abandoning module ImgMediaEditor (564)
[2021.05.31-18.39.22:438][884]LogModuleManager: Shutting down and abandoning module AvfMediaFactory (562)
[2021.05.31-18.39.22:438][884]LogModuleManager: Shutting down and abandoning module AvfMediaEditor (560)
[2021.05.31-18.39.22:438][884]LogModuleManager: Shutting down and abandoning module AndroidMediaFactory (558)
[2021.05.31-18.39.22:438][884]LogModuleManager: Shutting down and abandoning module AndroidMediaEditor (556)
[2021.05.31-18.39.22:438][884]LogModuleManager: Shutting down and abandoning module MagicLeapCameraPreviewFactory (554)
[2021.05.31-18.39.22:438][884]LogModuleManager: Shutting down and abandoning module MagicLeapMediaFactory (552)
[2021.05.31-18.39.22:438][884]LogModuleManager: Shutting down and abandoning module MagicLeapMediaEditor (550)
[2021.05.31-18.39.22:438][884]LogModuleManager: Shutting down and abandoning module CharacterAI (548)
[2021.05.31-18.39.22:438][884]LogModuleManager: Shutting down and abandoning module SmartSnapping (546)
[2021.05.31-18.39.22:438][884]LogModuleManager: Shutting down and abandoning module SessionServices (544)
[2021.05.31-18.39.22:438][884]LogModuleManager: Shutting down and abandoning module ViewportSnapping (542)
[2021.05.31-18.39.22:438][884]LogModuleManager: Shutting down and abandoning module ViewportInteraction (540)
[2021.05.31-18.39.22:439][884]LogModuleManager: Shutting down and abandoning module ClothPainter (538)
[2021.05.31-18.39.22:439][884]LogModuleManager: Shutting down and abandoning module SkeletalMeshEditor (537)
[2021.05.31-18.39.22:439][884]LogModuleManager: Shutting down and abandoning module LogVisualizer (534)
[2021.05.31-18.39.22:439][884]LogModuleManager: Shutting down and abandoning module IntroTutorials (532)
[2021.05.31-18.39.22:439][884]LogModuleManager: Shutting down and abandoning module GameProjectGeneration (531)
[2021.05.31-18.39.22:439][884]LogModuleManager: Shutting down and abandoning module LuminPlatformEditor (528)
[2021.05.31-18.39.22:439][884]LogModuleManager: Shutting down and abandoning module IOSPlatformEditor (526)
[2021.05.31-18.39.22:439][884]LogModuleManager: Shutting down and abandoning module HTML5PlatformEditor (524)
[2021.05.31-18.39.22:439][884]LogModuleManager: Shutting down and abandoning module AndroidPlatformEditor (522)
[2021.05.31-18.39.22:439][884]LogModuleManager: Shutting down and abandoning module AndroidDeviceDetection (521)
[2021.05.31-18.39.22:961][884]LogModuleManager: Shutting down and abandoning module WindowsPlatformEditor (518)
[2021.05.31-18.39.22:961][884]LogModuleManager: Shutting down and abandoning module LuminRuntimeSettings (516)
[2021.05.31-18.39.22:961][884]LogModuleManager: Shutting down and abandoning module IOSRuntimeSettings (514)
[2021.05.31-18.39.22:961][884]LogModuleManager: Shutting down and abandoning module AndroidRuntimeSettings (512)
[2021.05.31-18.39.22:961][884]LogModuleManager: Shutting down and abandoning module InputBindingEditor (510)
[2021.05.31-18.39.22:961][884]LogModuleManager: Shutting down and abandoning module MergeActors (508)
[2021.05.31-18.39.22:961][884]LogModuleManager: Shutting down and abandoning module LocalizationDashboard (506)
[2021.05.31-18.39.22:961][884]LogModuleManager: Shutting down and abandoning module LocalizationService (505)
[2021.05.31-18.39.22:961][884]LogModuleManager: Shutting down and abandoning module HardwareTargeting (502)
[2021.05.31-18.39.22:961][884]LogModuleManager: Shutting down and abandoning module DeviceProfileEditor (500)
[2021.05.31-18.39.22:961][884]LogModuleManager: Shutting down and abandoning module UndoHistory (498)
[2021.05.31-18.39.22:961][884]LogModuleManager: Shutting down and abandoning module XmlParser (496)
[2021.05.31-18.39.22:961][884]LogModuleManager: Shutting down and abandoning module Blutility (494)
[2021.05.31-18.39.22:961][884]LogModuleManager: Shutting down and abandoning module ProjectSettingsViewer (492)
[2021.05.31-18.39.22:961][884]LogModuleManager: Shutting down and abandoning module ProjectTargetPlatformEditor (491)
[2021.05.31-18.39.22:961][884]LogModuleManager: Shutting down and abandoning module EditorSettingsViewer (488)
[2021.05.31-18.39.22:961][884]LogModuleManager: Shutting down and abandoning module SettingsEditor (486)
[2021.05.31-18.39.22:961][884]LogModuleManager: Shutting down and abandoning module ProjectLauncher (484)
[2021.05.31-18.39.22:962][884]LogModuleManager: Shutting down and abandoning module SessionFrontend (482)
[2021.05.31-18.39.22:962][884]LogModuleManager: Shutting down and abandoning module ProfilerClient (480)
[2021.05.31-18.39.22:962][884]LogModuleManager: Shutting down and abandoning module DeviceManager (478)
[2021.05.31-18.39.22:962][884]LogModuleManager: Shutting down and abandoning module TargetDeviceServices (477)
[2021.05.31-18.39.23:016][884]LogModuleManager: Shutting down and abandoning module AutomationController (474)
[2021.05.31-18.39.23:016][884]LogModuleManager: Shutting down and abandoning module AutomationWindow (472)
[2021.05.31-18.39.23:016][884]LogModuleManager: Shutting down and abandoning module Layers (470)
[2021.05.31-18.39.23:016][884]LogModuleManager: Shutting down and abandoning module ComponentVisualizers (468)
[2021.05.31-18.39.23:016][884]LogModuleManager: Shutting down and abandoning module DetailCustomizations (466)
[2021.05.31-18.39.23:016][884]LogModuleManager: Shutting down and abandoning module PackagesDialog (464)
[2021.05.31-18.39.23:016][884]LogModuleManager: Shutting down and abandoning module Persona (462)
[2021.05.31-18.39.23:016][884]LogModuleManager: Shutting down and abandoning module AnimGraph (461)
[2021.05.31-18.39.23:017][884]LogModuleManager: Shutting down and abandoning module Kismet (458)
[2021.05.31-18.39.23:017][884]LogModuleManager: Shutting down and abandoning module GraphEditor (456)
[2021.05.31-18.39.23:018][884]LogModuleManager: Shutting down and abandoning module ClassViewer (454)
[2021.05.31-18.39.23:018][884]LogModuleManager: Shutting down and abandoning module Toolbox (452)
[2021.05.31-18.39.23:018][884]LogModuleManager: Shutting down and abandoning module ModuleUI (450)
[2021.05.31-18.39.23:018][884]LogModuleManager: Shutting down and abandoning module MovieSceneTools (448)
[2021.05.31-18.39.23:018][884]LogModuleManager: Shutting down and abandoning module OutputLog (446)
[2021.05.31-18.39.23:018][884]LogModuleManager: Shutting down and abandoning module GammaUI (444)
[2021.05.31-18.39.23:018][884]LogModuleManager: Shutting down and abandoning module Documentation (442)
[2021.05.31-18.39.23:018][884]LogModuleManager: Shutting down and abandoning module MovieSceneTracks (440)
[2021.05.31-18.39.23:018][884]LogModuleManager: Shutting down and abandoning module MovieScene (438)
[2021.05.31-18.39.23:018][884]LogModuleManager: Shutting down and abandoning module StreamingPauseRendering (436)
[2021.05.31-18.39.23:018][884]LogModuleManager: Shutting down and abandoning module LauncherPlatform (434)
[2021.05.31-18.39.23:018][884]LogModuleManager: Shutting down and abandoning module AnalyticsET (432)
[2021.05.31-18.39.23:019][884]LogModuleManager: Shutting down and abandoning module PortalServices (430)
[2021.05.31-18.39.23:019][884]LogModuleManager: Shutting down and abandoning module PortalRpc (428)
[2021.05.31-18.39.23:019][884]LogModuleManager: Shutting down and abandoning module MessagingRpc (426)
[2021.05.31-18.39.23:019][884]LogModuleManager: Shutting down and abandoning module AIModule (424)
[2021.05.31-18.39.23:019][884]LogModuleManager: Shutting down and abandoning module GameplayDebugger (423)
[2021.05.31-18.39.23:019][884]LogModuleManager: Shutting down and abandoning module AITestSuite (421)
[2021.05.31-18.39.23:019][884]LogModuleManager: Shutting down and abandoning module NavigationSystem (419)
[2021.05.31-18.39.23:019][884]LogModuleManager: Shutting down and abandoning module DesktopPlatform (416)
[2021.05.31-18.39.23:019][884]LogModuleManager: Shutting down and abandoning module ProfilerService (414)
[2021.05.31-18.39.23:115][884]LogModuleManager: Shutting down and abandoning module TaskGraph (412)
[2021.05.31-18.39.23:116][884]LogModuleManager: Shutting down and abandoning module DatasmithCADImporter (410)
[2021.05.31-18.39.23:117][884]LogModuleManager: Shutting down and abandoning module StaticMeshEditorExtension (408)
[2021.05.31-18.39.23:117][884]LogModuleManager: Shutting down and abandoning module StaticMeshEditor (407)
[2021.05.31-18.39.23:117][884]LogModuleManager: Shutting down and abandoning module AdvancedPreviewScene (406)
[2021.05.31-18.39.23:117][884]LogModuleManager: Shutting down and abandoning module DatasmithMDLImporter (402)
[2021.05.31-18.39.23:119][884]LogModuleManager: Shutting down and abandoning module DatasmithImporter (400)
[2021.05.31-18.39.23:120][884]LogModuleManager: Shutting down and abandoning module SteamVRController (398)
[2021.05.31-18.39.23:120][884]LogModuleManager: Shutting down and abandoning module ProceduralMeshComponentEditor (396)
[2021.05.31-18.39.23:120][884]LogModuleManager: Shutting down and abandoning module ProceduralMeshComponent (394)
[2021.05.31-18.39.23:120][884]LogModuleManager: Shutting down and abandoning module OculusInput (392)
[2021.05.31-18.39.23:120][884]LogModuleManager: Shutting down and abandoning module MobilePatchingUtils (390)
[2021.05.31-18.39.23:120][884]LogModuleManager: Shutting down and abandoning module EditableMesh (388)
[2021.05.31-18.39.23:120][884]LogModuleManager: Shutting down and abandoning module CustomMeshComponent (386)
[2021.05.31-18.39.23:120][884]LogModuleManager: Shutting down and abandoning module CableComponent (384)
[2021.05.31-18.39.23:120][884]LogModuleManager: Shutting down and abandoning module AudioCapture (382)
[2021.05.31-18.39.23:120][884]LogModuleManager: Shutting down and abandoning module ArchVisCharacter (380)
[2021.05.31-18.39.23:120][884]LogModuleManager: Shutting down and abandoning module AndroidPermission (378)
[2021.05.31-18.39.23:120][884]LogModuleManager: Shutting down and abandoning module NUTUnrealEngine4 (376)
[2021.05.31-18.39.23:120][884]LogModuleManager: Shutting down and abandoning module NetcodeUnitTest (374)
[2021.05.31-18.39.23:121][884]LogModuleManager: Shutting down and abandoning module MediaCompositingEditor (372)
[2021.05.31-18.39.23:121][884]LogModuleManager: Shutting down and abandoning module MediaCompositing (370)
[2021.05.31-18.39.23:121][884]LogModuleManager: Shutting down and abandoning module LinearTimecode (368)
[2021.05.31-18.39.23:121][884]LogModuleManager: Shutting down and abandoning module ImgMedia (366)
[2021.05.31-18.39.23:130][884]LogModuleManager: Shutting down and abandoning module HTML5Networking (364)
[2021.05.31-18.39.23:130][884]LogModuleManager: Shutting down and abandoning module GeometryCacheTracks (362)
[2021.05.31-18.39.23:130][884]LogModuleManager: Shutting down and abandoning module GeometryCacheSequencer (360)
[2021.05.31-18.39.23:130][884]LogModuleManager: Shutting down and abandoning module BackChannel (358)
[2021.05.31-18.39.23:130][884]LogModuleManager: Shutting down and abandoning module AppleVision (356)
[2021.05.31-18.39.23:130][884]LogModuleManager: Shutting down and abandoning module AppleImageUtils (354)
[2021.05.31-18.39.23:130][884]LogModuleManager: Shutting down and abandoning module AlembicImporter (352)
[2021.05.31-18.39.23:130][884]LogModuleManager: Shutting down and abandoning module AlembicLibrary (351)
[2021.05.31-18.39.23:130][884]LogModuleManager: Shutting down and abandoning module GeometryCache (350)
[2021.05.31-18.39.23:130][884]LogModuleManager: Shutting down and abandoning module GeometryCacheEd (349)
[2021.05.31-18.39.23:130][884]LogModuleManager: Shutting down and abandoning module DatasmithContentEditor (344)
[2021.05.31-18.39.23:130][884]LogModuleManager: Shutting down and abandoning module DatasmithContent (342)
[2021.05.31-18.39.23:131][884]LogModuleManager: Shutting down and abandoning module SpeedTreeImporter (340)
[2021.05.31-18.39.23:131][884]LogModuleManager: Shutting down and abandoning module PluginBrowser (338)
[2021.05.31-18.39.23:131][884]LogModuleManager: Shutting down and abandoning module MobileLauncherProfileWizard (336)
[2021.05.31-18.39.23:131][884]LogModuleManager: Shutting down and abandoning module PolygonModeling (334)
[2021.05.31-18.39.23:131][884]LogModuleManager: Shutting down and abandoning module MeshEditor (332)
[2021.05.31-18.39.23:131][884]LogModuleManager: Shutting down and abandoning module EditorScriptingUtilities (330)
[2021.05.31-18.39.23:132][884]LogModuleManager: Shutting down and abandoning module CryptoKeysOpenSSL (328)
[2021.05.31-18.39.23:132][884]LogModuleManager: Shutting down and abandoning module CryptoKeys (326)
[2021.05.31-18.39.23:132][884]LogModuleManager: Shutting down and abandoning module VisualStudioSourceCodeAccess (324)
[2021.05.31-18.39.23:132][884]LogModuleManager: Shutting down and abandoning module VisualStudioCodeSourceCodeAccess (322)
[2021.05.31-18.39.23:132][884]LogModuleManager: Shutting down and abandoning module UObjectPlugin (320)
[2021.05.31-18.39.23:132][884]LogModuleManager: Shutting down and abandoning module SubversionSourceControl (318)
[2021.05.31-18.39.23:132][884]LogModuleManager: Shutting down and abandoning module PerforceSourceControl (316)
[2021.05.31-18.39.23:132][884]LogModuleManager: Shutting down and abandoning module GitSourceControl (314)
[2021.05.31-18.39.23:132][884]LogModuleManager: Shutting down and abandoning module SourceControl (313)
[2021.05.31-18.39.23:132][884]LogModuleManager: Shutting down and abandoning module CLionSourceCodeAccess (310)
[2021.05.31-18.39.23:132][884]LogModuleManager: Shutting down and abandoning module LightPropagationVolumeEditor (308)
[2021.05.31-18.39.23:132][884]LogModuleManager: Shutting down and abandoning module PaperTiledImporter (306)
[2021.05.31-18.39.23:132][884]LogModuleManager: Shutting down and abandoning module PaperSpriteSheetImporter (304)
[2021.05.31-18.39.23:132][884]LogModuleManager: Shutting down and abandoning module Paper2DEditor (302)
[2021.05.31-18.39.23:132][884]LogModuleManager: Shutting down and abandoning module MeshPaint (301)
[2021.05.31-18.39.23:132][884]LogModuleManager: Shutting down and abandoning module RuntimePhysXCooking (298)
[2021.05.31-18.39.23:132][884]LogModuleManager: Shutting down and abandoning module PhysXVehiclesEditor (296)
[2021.05.31-18.39.23:133][884]LogModuleManager: Shutting down and abandoning module PhysXVehicles (294)
[2021.05.31-18.39.23:133][884]LogModuleManager: Shutting down and abandoning module OculusEditor (292)
[2021.05.31-18.39.23:133][884]LogModuleManager: Shutting down and abandoning module LocationServicesBPLibrary (290)
[2021.05.31-18.39.23:133][884]LogModuleManager: Shutting down and abandoning module ImmediatePhysicsEditor (288)
[2021.05.31-18.39.23:133][884]LogModuleManager: Shutting down and abandoning module ImmediatePhysics (286)
[2021.05.31-18.39.23:133][884]LogModuleManager: Shutting down and abandoning module ActorSequence (284)
[2021.05.31-18.39.23:133][884]LogModuleManager: Shutting down and abandoning module UdpMessaging (282)
[2021.05.31-18.39.23:234][884]LogModuleManager: Shutting down and abandoning module TcpMessaging (280)
[2021.05.31-18.39.23:335][884]LogModuleManager: Shutting down and abandoning module MagicLeapAudio (278)
[2021.05.31-18.39.23:335][884]LogModuleManager: Shutting down and abandoning module GameplayTagsEditor (276)
[2021.05.31-18.39.23:335][884]LogModuleManager: Shutting down and abandoning module FacialAnimationEditor (274)
[2021.05.31-18.39.23:335][884]LogModuleManager: Shutting down and abandoning module FacialAnimation (272)
[2021.05.31-18.39.23:335][884]LogModuleManager: Shutting down and abandoning module DataValidation (270)
[2021.05.31-18.39.23:335][884]LogModuleManager: Shutting down and abandoning module AssetManagerEditor (268)
[2021.05.31-18.39.23:335][884]LogModuleManager: Shutting down and abandoning module LevelEditor (267)
[2021.05.31-18.39.23:336][884]LogModuleManager: Shutting down and abandoning module PixelInspectorModule (266)
[2021.05.31-18.39.23:336][884]LogModuleManager: Shutting down and abandoning module CommonMenuExtensions (264)
[2021.05.31-18.39.23:337][884]LogModuleManager: Shutting down and abandoning module MainFrame (262)
[2021.05.31-18.39.23:337][884]LogModuleManager: Shutting down and abandoning module HotReload (261)
[2021.05.31-18.39.23:337][884]LogModuleManager: Shutting down and abandoning module ContentBrowser (257)
[2021.05.31-18.39.23:338][884]LogModuleManager: Shutting down and abandoning module TreeMap (255)
[2021.05.31-18.39.23:339][884]LogModuleManager: Shutting down and abandoning module LightPropagationVolumeRuntime (252)
[2021.05.31-18.39.23:339][884]LogModuleManager: Shutting down and abandoning module AISupportModule (250)
[2021.05.31-18.39.23:339][884]LogModuleManager: Shutting down and abandoning module Paper2D (248)
[2021.05.31-18.39.23:339][884]LogModuleManager: Shutting down and abandoning module WindowsMoviePlayer (246)
[2021.05.31-18.39.23:438][884]LogModuleManager: Shutting down and abandoning module WmfMedia (244)
[2021.05.31-18.39.23:440][884]LogModuleManager: Shutting down and abandoning module Media (243)
[2021.05.31-18.39.23:446][884]LogModuleManager: Shutting down and abandoning module PacketHandler (240)
[2021.05.31-18.39.23:446][884]LogModuleManager: Shutting down and abandoning module ClothingSystemEditor (238)
[2021.05.31-18.39.23:446][884]LogModuleManager: Shutting down and abandoning module ClothingSystemRuntime (236)
[2021.05.31-18.39.23:446][884]LogModuleManager: Shutting down and abandoning module MediaAssets (234)
[2021.05.31-18.39.23:446][884]LogModuleManager: Shutting down and abandoning module Overlay (232)
[2021.05.31-18.39.23:447][884]LogModuleManager: Shutting down and abandoning module OverlayEditor (231)
[2021.05.31-18.39.23:447][884]LogModuleManager: Shutting down and abandoning module VREditor (228)
[2021.05.31-18.39.23:447][884]LogModuleManager: Shutting down and abandoning module StringTableEditor (226)
[2021.05.31-18.39.23:447][884]LogModuleManager: Shutting down and abandoning module GameplayTasksEditor (224)
[2021.05.31-18.39.23:447][884]LogModuleManager: Shutting down and abandoning module BehaviorTreeEditor (222)
[2021.05.31-18.39.23:447][884]LogModuleManager: Shutting down and abandoning module FunctionalTesting (220)
[2021.05.31-18.39.23:447][884]LogModuleManager: Shutting down and abandoning module CollisionAnalyzer (218)
[2021.05.31-18.39.23:447][884]LogModuleManager: Shutting down and abandoning module WorkspaceMenuStructure (217)
[2021.05.31-18.39.23:447][884]LogModuleManager: Shutting down and abandoning module UMG (214)
[2021.05.31-18.39.23:447][884]LogModuleManager: Shutting down and abandoning module UMGEditor (213)
[2021.05.31-18.39.23:447][884]LogModuleManager: Shutting down and abandoning module Sequencer (212)
[2021.05.31-18.39.23:447][884]LogModuleManager: Shutting down and abandoning module MessageLog (209)
[2021.05.31-18.39.23:447][884]LogModuleManager: Shutting down and abandoning module SlateReflector (204)
[2021.05.31-18.39.23:447][884]LogModuleManager: Shutting down and abandoning module Slate (202)
[2021.05.31-18.39.23:447][884]LogModuleManager: Shutting down and abandoning module EditorStyle (200)
[2021.05.31-18.39.23:449][884]LogModuleManager: Shutting down and abandoning module MRMesh (198)
[2021.05.31-18.39.23:449][884]LogModuleManager: Shutting down and abandoning module SourceCodeAccess (196)
[2021.05.31-18.39.23:449][884]LogModuleManager: Shutting down and abandoning module HeadMountedDisplay (194)
[2021.05.31-18.39.23:449][884]LogModuleManager: Shutting down and abandoning module XAudio2 (192)
[2021.05.31-18.39.23:449][884]LogModuleManager: Shutting down and abandoning module Networking (190)
[2021.05.31-18.39.23:449][884]LogModuleManager: Shutting down and abandoning module Core (188)
[2021.05.31-18.39.23:449][884]LogModuleManager: Shutting down and abandoning module LevelSequence (186)
[2021.05.31-18.39.23:449][884]LogModuleManager: Shutting down and abandoning module KismetCompiler (184)
[2021.05.31-18.39.23:449][884]LogModuleManager: Shutting down and abandoning module MeshUtilities (182)
[2021.05.31-18.39.23:449][884]LogModuleManager: Shutting down and abandoning module MeshMergeUtilities (181)
[2021.05.31-18.39.23:449][884]LogModuleManager: Shutting down and abandoning module MeshReductionInterface (180)
[2021.05.31-18.39.23:449][884]LogModuleManager: Shutting down and abandoning module SimplygonSwarm (179)
[2021.05.31-18.39.23:449][884]LogModuleManager: Shutting down and abandoning module ProxyLODMeshReduction (177)
[2021.05.31-18.39.23:449][884]LogModuleManager: Shutting down and abandoning module SimplygonMeshReduction (175)
[2021.05.31-18.39.23:449][884]LogModuleManager: Shutting down and abandoning module QuadricMeshReduction (173)
[2021.05.31-18.39.23:449][884]LogModuleManager: Shutting down and abandoning module MaterialBaking (169)
[2021.05.31-18.39.23:449][884]LogModuleManager: Shutting down and abandoning module DirectoryWatcher (165)
[2021.05.31-18.39.23:450][884]LogModuleManager: Shutting down and abandoning module DerivedDataCache (162)
[2021.05.31-18.39.23:464][884]LogDerivedDataCache: Shutdown
[2021.05.31-18.39.23:464][884]LogModuleManager: Shutting down and abandoning module XGEController (160)
[2021.05.31-18.39.23:464][884]LogXGEController: Cleaning working directory: C:/Users/Natalia/AppData/Local/Temp/UnrealXGEWorkingDir/
[2021.05.31-18.39.23:465][884]LogModuleManager: Shutting down and abandoning module TargetPlatform (158)
[2021.05.31-18.39.23:465][884]LogModuleManager: Shutting down and abandoning module VulkanShaderFormat (157)
[2021.05.31-18.39.23:465][884]LogModuleManager: Shutting down and abandoning module ShaderFormatVectorVM (155)
[2021.05.31-18.39.23:465][884]LogModuleManager: Shutting down and abandoning module ShaderFormatOpenGL (153)
[2021.05.31-18.39.23:465][884]LogModuleManager: Shutting down and abandoning module ShaderFormatD3D (151)
[2021.05.31-18.39.23:465][884]LogModuleManager: Shutting down and abandoning module MetalShaderFormat (149)
[2021.05.31-18.39.23:465][884]LogModuleManager: Shutting down and abandoning module TextureFormatUncompressed (147)
[2021.05.31-18.39.23:465][884]LogModuleManager: Shutting down and abandoning module TextureFormatPVR (145)
[2021.05.31-18.39.23:465][884]LogModuleManager: Shutting down and abandoning module TextureFormatDXT (143)
[2021.05.31-18.39.23:465][884]LogModuleManager: Shutting down and abandoning module TextureFormatIntelISPCTexComp (141)
[2021.05.31-18.39.23:465][884]LogModuleManager: Shutting down and abandoning module TextureFormatASTC (139)
[2021.05.31-18.39.23:465][884]LogModuleManager: Shutting down and abandoning module ImageWrapper (138)
[2021.05.31-18.39.23:465][884]LogModuleManager: Shutting down and abandoning module TextureFormatAndroid (135)
[2021.05.31-18.39.23:465][884]LogModuleManager: Shutting down and abandoning module AudioFormatOpus (133)
[2021.05.31-18.39.23:465][884]LogModuleManager: Shutting down and abandoning module AudioFormatOgg (131)
[2021.05.31-18.39.23:465][884]LogModuleManager: Shutting down and abandoning module AudioFormatADPCM (129)
[2021.05.31-18.39.23:465][884]LogModuleManager: Shutting down and abandoning module LuminTargetPlatform (127)
[2021.05.31-18.39.23:465][884]LogModuleManager: Shutting down and abandoning module LinuxTargetPlatform (125)
[2021.05.31-18.39.23:465][884]LogModuleManager: Shutting down and abandoning module LinuxServerTargetPlatform (123)
[2021.05.31-18.39.23:465][884]LogModuleManager: Shutting down and abandoning module LinuxNoEditorTargetPlatform (121)
[2021.05.31-18.39.23:465][884]LogModuleManager: Shutting down and abandoning module LinuxClientTargetPlatform (119)
[2021.05.31-18.39.23:465][884]LogModuleManager: Shutting down and abandoning module TVOSTargetPlatform (117)
[2021.05.31-18.39.23:466][884]LogModuleManager: Shutting down and abandoning module Messaging (115)
[2021.05.31-18.39.23:466][884]LogModuleManager: Shutting down and abandoning module IOSTargetPlatform (113)
[2021.05.31-18.39.23:467][884]LogModuleManager: Shutting down and abandoning module HTML5TargetPlatform (111)
[2021.05.31-18.39.23:467][884]LogModuleManager: Shutting down and abandoning module AndroidTargetPlatform (109)
[2021.05.31-18.39.23:473][884]LogModuleManager: Shutting down and abandoning module WindowsTargetPlatform (107)
[2021.05.31-18.39.23:473][884]LogModuleManager: Shutting down and abandoning module WindowsServerTargetPlatform (105)
[2021.05.31-18.39.23:473][884]LogModuleManager: Shutting down and abandoning module WindowsNoEditorTargetPlatform (103)
[2021.05.31-18.39.23:474][884]LogModuleManager: Shutting down and abandoning module WindowsClientTargetPlatform (101)
[2021.05.31-18.39.23:474][884]LogModuleManager: Shutting down and abandoning module MacTargetPlatform (99)
[2021.05.31-18.39.23:474][884]LogModuleManager: Shutting down and abandoning module MacServerTargetPlatform (97)
[2021.05.31-18.39.23:474][884]LogModuleManager: Shutting down and abandoning module MacNoEditorTargetPlatform (95)
[2021.05.31-18.39.23:474][884]LogModuleManager: Shutting down and abandoning module MacClientTargetPlatform (93)
[2021.05.31-18.39.23:474][884]LogModuleManager: Shutting down and abandoning module AllDesktopTargetPlatform (91)
[2021.05.31-18.39.23:474][884]LogModuleManager: Shutting down and abandoning module InputCore (88)
[2021.05.31-18.39.23:474][884]LogModuleManager: Shutting down and abandoning module Settings (86)
[2021.05.31-18.39.23:474][884]LogModuleManager: Shutting down and abandoning module PhysXCooking (84)
[2021.05.31-18.39.23:474][884]LogModuleManager: Shutting down and abandoning module SteamVR (82)
[2021.05.31-18.39.23:474][884]LogModuleManager: Shutting down and abandoning module OculusHMD (80)
[2021.05.31-18.39.23:474][884]LogModuleManager: Shutting down and abandoning module ExampleDeviceProfileSelector (78)
[2021.05.31-18.39.23:474][884]LogModuleManager: Shutting down and abandoning module LauncherChunkInstaller (76)
[2021.05.31-18.39.23:474][884]LogModuleManager: Shutting down and abandoning module OnlineBlueprintSupport (74)
[2021.05.31-18.39.23:474][884]LogModuleManager: Shutting down and abandoning module OnlineSubsystem (70)
[2021.05.31-18.39.23:475][884]LogModuleManager: Shutting down and abandoning module XMPP (65)
[2021.05.31-18.39.23:475][884]LogModuleManager: Shutting down and abandoning module WebSockets (64)
[2021.05.31-18.39.23:506][884]LogModuleManager: Shutting down and abandoning module HTTP (61)
[2021.05.31-18.39.23:506][884]LogHttp: Display: Http module shutting down, but needs to wait on 1 outstanding Http requests:
[2021.05.31-18.39.23:506][884]LogHttp: Display: 	verb=[POST] url=[https://datarouter.ol.epicgames.com/datarouter/api/v1/public/data?SessionID=%7B29546272-4881-148B-B32C-50892F258FC7%7D&AppID=UEEditor.Rocket.Release&AppVersion=4.20.3-4369336%2B%2B%2BUE4%2BRelease-4.20&UserID=6e7d89554f56b7fc52395e83dcf07d3e%7Cc39609078e4d42f5b3762641ab05c278%7C662d7440-abfd-4f5d-bee1-3f7d4b1a7237&AppEnvironment=datacollector-binary&UploadType=eteventstream] status=Processing
[2021.05.31-18.39.23:525][884]LogModuleManager: Shutting down and abandoning module SSL (60)
[2021.05.31-18.39.23:529][884]LogModuleManager: Shutting down and abandoning module MagicLeapEmulator (56)
[2021.05.31-18.39.23:529][884]LogModuleManager: Shutting down and abandoning module MagicLeapPrivileges (54)
[2021.05.31-18.39.23:529][884]LogModuleManager: Shutting down and abandoning module MagicLeapIdentity (52)
[2021.05.31-18.39.23:529][884]LogModuleManager: Shutting down and abandoning module MagicLeapHelperVulkan (50)
[2021.05.31-18.39.23:529][884]LogModuleManager: Shutting down and abandoning module MagicLeapHelperOpenGL (48)
[2021.05.31-18.39.23:529][884]LogModuleManager: Shutting down and abandoning module MagicLeapSecureStorage (46)
[2021.05.31-18.39.23:529][884]LogModuleManager: Shutting down and abandoning module MagicLeapGestures (44)
[2021.05.31-18.39.23:530][884]LogModuleManager: Shutting down and abandoning module MagicLeapEyeTracker (42)
[2021.05.31-18.39.23:530][884]LogModuleManager: Shutting down and abandoning module MagicLeapController (40)
[2021.05.31-18.39.23:530][884]LogSlate: Slate User Destroyed.  User Index 0, Is Virtual User: 0
[2021.05.31-18.39.23:530][884]LogModuleManager: Shutting down and abandoning module MagicLeap (38)
[2021.05.31-18.39.23:530][884]LogModuleManager: Shutting down and abandoning module AnimationModifiers (36)
[2021.05.31-18.39.23:530][884]LogModuleManager: Shutting down and abandoning module PropertyEditor (35)
[2021.05.31-18.39.23:530][884]LogModuleManager: Shutting down and abandoning module AudioEditor (32)
[2021.05.31-18.39.23:531][884]LogModuleManager: Shutting down and abandoning module TextureCompressor (30)
[2021.05.31-18.39.23:531][884]LogModuleManager: Shutting down and abandoning module ShaderCore (28)
[2021.05.31-18.39.23:531][884]LogModuleManager: Shutting down and abandoning module Landscape (26)
[2021.05.31-18.39.23:531][884]LogModuleManager: Shutting down and abandoning module SlateRHIRenderer (24)
[2021.05.31-18.39.23:532][884]LogModuleManager: Shutting down and abandoning module OpenGLDrv (22)
[2021.05.31-18.39.23:532][884]LogModuleManager: Shutting down and abandoning module D3D11RHI (20)
[2021.05.31-18.39.23:532][884]LogModuleManager: Shutting down and abandoning module AnimGraphRuntime (18)
[2021.05.31-18.39.23:532][884]LogModuleManager: Shutting down and abandoning module Renderer (16)
[2021.05.31-18.39.23:532][884]LogModuleManager: Shutting down and abandoning module Engine (14)
[2021.05.31-18.39.23:532][884]LogModuleManager: Shutting down and abandoning module CoreUObject (12)
[2021.05.31-18.39.23:532][884]LogModuleManager: Shutting down and abandoning module NetworkFile (10)
[2021.05.31-18.39.23:532][884]LogModuleManager: Shutting down and abandoning module CookedIterativeFile (8)
[2021.05.31-18.39.23:532][884]LogModuleManager: Shutting down and abandoning module StreamingFile (6)
[2021.05.31-18.39.23:532][884]LogModuleManager: Shutting down and abandoning module SandboxFile (4)
[2021.05.31-18.39.23:532][884]LogModuleManager: Shutting down and abandoning module PakFile (2)
[2021.05.31-18.39.23:550][884]LogExit: Exiting.
[2021.05.31-18.39.23:571][884]Log file closed, 05/31/21 20:39:23
